This file contains any messages produced by compilers while
running configure, to aid debugging if configure makes a mistake.

It was created by freedroid configure 1.1.0-pre1, which was
generated by GNU Autoconf 2.69.  Invocation command line was

  $ ./configure --host=mipsel-linux

## --------- ##
## Platform. ##
## --------- ##

hostname = debian
uname -m = x86_64
uname -r = 4.9.0-4-amd64
uname -s = Linux
uname -v = #1 SMP Debian 4.9.65-3 (2017-12-03)

/usr/bin/uname -p = unknown
/bin/uname -X     = unknown

/bin/arch              = unknown
/usr/bin/arch -k       = unknown
/usr/convex/getsysinfo = unknown
/usr/bin/hostinfo      = unknown
/bin/machine           = unknown
/usr/bin/oslevel       = unknown
/bin/universe          = unknown

PATH: /usr/local/bin
PATH: /usr/bin
PATH: /bin
PATH: /usr/local/games
PATH: /usr/games
PATH: /home/steward/Downloads/buildroot-2017.02.9/output/host/usr/bin/


## ----------- ##
## Core tests. ##
## ----------- ##

configure:2283: checking build system type
configure:2297: result: x86_64-pc-linux-uclibc
configure:2317: checking host system type
configure:2330: result: mipsel-unknown-linux-gnu
configure:2350: checking target system type
configure:2363: result: mipsel-unknown-linux-gnu
configure:2406: checking for a BSD-compatible install
configure:2474: result: /usr/bin/install -c
configure:2485: checking whether build environment is sane
configure:2540: result: yes
configure:2599: checking for mipsel-linux-strip
configure:2615: found /home/steward/Downloads/buildroot-2017.02.9/output/host/usr/bin//mipsel-linux-strip
configure:2626: result: mipsel-linux-strip
configure:2691: checking for a thread-safe mkdir -p
configure:2730: result: /bin/mkdir -p
configure:2737: checking for gawk
configure:2753: found /usr/bin/gawk
configure:2764: result: gawk
configure:2775: checking whether make sets $(MAKE)
configure:2797: result: yes
configure:2826: checking whether make supports nested variables
configure:2843: result: yes
configure:2984: checking for mipsel-linux-gcc
configure:3011: result: mipsel-linux-gcc
configure:3280: checking for C compiler version
configure:3289: mipsel-linux-gcc --version >&5
mipsel-linux-gcc.br_real (Buildroot 2017.02.9) 5.4.0
Copyright (C) 2015 Free Software Foundation, Inc.
This is free software; see the source for copying conditions.  There is NO
warranty; not even for MERCHANTABILITY or FITNESS FOR A PARTICULAR PURPOSE.

configure:3300: $? = 0
configure:3289: mipsel-linux-gcc -v >&5
Using built-in specs.
COLLECT_GCC=/home/steward/Downloads/buildroot-2017.02.9/output/host/usr/bin/mipsel-linux-gcc.br_real
COLLECT_LTO_WRAPPER=/home/steward/Downloads/buildroot-2017.02.9/output/host/usr/libexec/gcc/mipsel-buildroot-linux-uclibc/5.4.0/lto-wrapper
Target: mipsel-buildroot-linux-uclibc
Configured with: ./configure --prefix=/home/steward/Downloads/buildroot-2017.02.9/output/host/usr --sysconfdir=/home/steward/Downloads/buildroot-2017.02.9/output/host/etc --enable-static --target=mipsel-buildroot-linux-uclibc --with-sysroot=/home/steward/Downloads/buildroot-2017.02.9/output/host/usr/mipsel-buildroot-linux-uclibc/sysroot --disable-__cxa_atexit --with-gnu-ld --disable-libssp --disable-multilib --with-gmp=/home/steward/Downloads/buildroot-2017.02.9/output/host/usr --with-mpc=/home/steward/Downloads/buildroot-2017.02.9/output/host/usr --with-mpfr=/home/steward/Downloads/buildroot-2017.02.9/output/host/usr --with-pkgversion='Buildroot 2017.02.9' --with-bugurl=http://bugs.buildroot.net/ --disable-libquadmath --disable-libsanitizer --enable-tls --disable-libmudflap --enable-threads --without-isl --without-cloog --disable-decimal-float --with-arch=mips32 --with-abi=32 --enable-languages=c,c++ --with-build-time-tools=/home/steward/Downloads/buildroot-2017.02.9/output/host/usr/mipsel-buildroot-linux-uclibc/bin --enable-shared --disable-libgomp
Thread model: posix
gcc version 5.4.0 (Buildroot 2017.02.9) 
configure:3300: $? = 0
configure:3289: mipsel-linux-gcc -V >&5
mipsel-linux-gcc.br_real: error: unrecognized command line option '-V'
mipsel-linux-gcc.br_real: fatal error: no input files
compilation terminated.
configure:3300: $? = 1
configure:3289: mipsel-linux-gcc -qversion >&5
mipsel-linux-gcc.br_real: error: unrecognized command line option '-qversion'
mipsel-linux-gcc.br_real: fatal error: no input files
compilation terminated.
configure:3300: $? = 1
configure:3320: checking whether the C compiler works
configure:3342: mipsel-linux-gcc    conftest.c  >&5
configure:3346: $? = 0
configure:3394: result: yes
configure:3397: checking for C compiler default output file name
configure:3399: result: a.out
configure:3405: checking for suffix of executables
configure:3412: mipsel-linux-gcc -o conftest    conftest.c  >&5
configure:3416: $? = 0
configure:3438: result: 
configure:3460: checking whether we are cross compiling
configure:3468: mipsel-linux-gcc -o conftest    conftest.c  >&5
configure:3472: $? = 0
configure:3479: ./conftest
./configure: line 3481: ./conftest: cannot execute binary file: Exec format error
configure:3483: $? = 126
configure:3498: result: yes
configure:3503: checking for suffix of object files
configure:3525: mipsel-linux-gcc -c   conftest.c >&5
configure:3529: $? = 0
configure:3550: result: o
configure:3554: checking whether we are using the GNU C compiler
configure:3573: mipsel-linux-gcc -c   conftest.c >&5
configure:3573: $? = 0
configure:3582: result: yes
configure:3591: checking whether mipsel-linux-gcc accepts -g
configure:3611: mipsel-linux-gcc -c -g  conftest.c >&5
configure:3611: $? = 0
configure:3652: result: yes
configure:3669: checking for mipsel-linux-gcc option to accept ISO C89
configure:3732: mipsel-linux-gcc  -c -g -O2  conftest.c >&5
configure:3732: $? = 0
configure:3745: result: none needed
configure:3770: checking whether mipsel-linux-gcc understands -c and -o together
configure:3792: mipsel-linux-gcc -c conftest.c -o conftest2.o
configure:3795: $? = 0
configure:3792: mipsel-linux-gcc -c conftest.c -o conftest2.o
configure:3795: $? = 0
configure:3807: result: yes
configure:3835: checking for style of include used by make
configure:3863: result: GNU
configure:3889: checking dependency style of mipsel-linux-gcc
configure:4000: result: gcc3
configure:4015: checking whether make sets $(MAKE)
configure:4037: result: yes
configure:4051: checking for sin in -lm
configure:4076: mipsel-linux-gcc -o conftest -g -O2   conftest.c -lm   >&5
conftest.c:18:6: warning: conflicting types for built-in function 'sin'
 char sin ();
      ^
configure:4076: $? = 0
configure:4085: result: yes
configure:4107: checking how to run the C preprocessor
configure:4138: mipsel-linux-gcc -E  conftest.c
configure:4138: $? = 0
configure:4152: mipsel-linux-gcc -E  conftest.c
conftest.c:12:28: fatal error: ac_nonexistent.h: No such file or directory
compilation terminated.
configure:4152: $? = 1
configure: failed program was:
| /* confdefs.h */
| #define PACKAGE_NAME "freedroid"
| #define PACKAGE_TARNAME "freedroid"
| #define PACKAGE_VERSION "1.1.0-pre1"
| #define PACKAGE_STRING "freedroid 1.1.0-pre1"
| #define PACKAGE_BUGREPORT ""
| #define PACKAGE_URL ""
| #define PACKAGE "freedroid"
| #define VERSION "1.1.0-pre1"
| #define HAVE_LIBM 1
| /* end confdefs.h.  */
| #include <ac_nonexistent.h>
configure:4177: result: mipsel-linux-gcc -E
configure:4197: mipsel-linux-gcc -E  conftest.c
configure:4197: $? = 0
configure:4211: mipsel-linux-gcc -E  conftest.c
conftest.c:12:28: fatal error: ac_nonexistent.h: No such file or directory
compilation terminated.
configure:4211: $? = 1
configure: failed program was:
| /* confdefs.h */
| #define PACKAGE_NAME "freedroid"
| #define PACKAGE_TARNAME "freedroid"
| #define PACKAGE_VERSION "1.1.0-pre1"
| #define PACKAGE_STRING "freedroid 1.1.0-pre1"
| #define PACKAGE_BUGREPORT ""
| #define PACKAGE_URL ""
| #define PACKAGE "freedroid"
| #define VERSION "1.1.0-pre1"
| #define HAVE_LIBM 1
| /* end confdefs.h.  */
| #include <ac_nonexistent.h>
configure:4240: checking for X
configure:4348: mipsel-linux-gcc -E  conftest.c
configure:4348: $? = 0
configure:4379: mipsel-linux-gcc -o conftest -g -O2   conftest.c -lX11 -lm  >&5
configure:4379: $? = 0
configure:4429: result: libraries , headers 
configure:4528: mipsel-linux-gcc -o conftest -g -O2   conftest.c -lm   -lX11 >&5
configure:4528: $? = 0
configure:4626: checking for gethostbyname
configure:4626: mipsel-linux-gcc -o conftest -g -O2   conftest.c -lm  >&5
configure:4626: $? = 0
configure:4626: result: yes
configure:4723: checking for connect
configure:4723: mipsel-linux-gcc -o conftest -g -O2   conftest.c -lm  >&5
configure:4723: $? = 0
configure:4723: result: yes
configure:4772: checking for remove
configure:4772: mipsel-linux-gcc -o conftest -g -O2   conftest.c -lm  >&5
configure:4772: $? = 0
configure:4772: result: yes
configure:4821: checking for shmat
configure:4821: mipsel-linux-gcc -o conftest -g -O2   conftest.c -lm  >&5
configure:4821: $? = 0
configure:4821: result: yes
configure:4879: checking for IceConnectionNumber in -lICE
configure:4904: mipsel-linux-gcc -o conftest -g -O2   conftest.c -lICE  -lm  >&5
configure:4904: $? = 0
configure:4913: result: yes
configure:4928: Checking for compulsory SDL libraries:
configure:4971: checking for sdl-config
configure:5002: result: /home/steward/Downloads/buildroot-2017.02.9/output/host/usr/mipsel-buildroot-linux-uclibc/sysroot/usr/bin/sdl-config
configure:5011: checking for SDL - version >= 1.2.3
configure:5110: result: yes
configure:5181: checking for SDL_Init in -lSDL
configure:5206: mipsel-linux-gcc -o conftest -g -O2  -I/home/steward/Downloads/buildroot-2017.02.9/output/host/usr/mipsel-buildroot-linux-uclibc/sysroot/usr/include/SDL -D_GNU_SOURCE=1 -D_REENTRANT   conftest.c -lSDL  -lm  -L/home/steward/Downloads/buildroot-2017.02.9/output/host/usr/mipsel-buildroot-linux-uclibc/sysroot/usr/lib -lSDL -lpthread >&5
configure:5206: $? = 0
configure:5215: result: yes
configure:5233: checking for jpeg_start_compress in -ljpeg
configure:5258: mipsel-linux-gcc -o conftest -g -O2  -I/home/steward/Downloads/buildroot-2017.02.9/output/host/usr/mipsel-buildroot-linux-uclibc/sysroot/usr/include/SDL -D_GNU_SOURCE=1 -D_REENTRANT   conftest.c -ljpeg  -lSDL -lm  -L/home/steward/Downloads/buildroot-2017.02.9/output/host/usr/mipsel-buildroot-linux-uclibc/sysroot/usr/lib -lSDL -lpthread >&5
configure:5258: $? = 0
configure:5267: result: yes
configure:5285: checking for compress in -lz
configure:5310: mipsel-linux-gcc -o conftest -g -O2  -I/home/steward/Downloads/buildroot-2017.02.9/output/host/usr/mipsel-buildroot-linux-uclibc/sysroot/usr/include/SDL -D_GNU_SOURCE=1 -D_REENTRANT   conftest.c -lz  -ljpeg -lSDL -lm  -L/home/steward/Downloads/buildroot-2017.02.9/output/host/usr/mipsel-buildroot-linux-uclibc/sysroot/usr/lib -lSDL -lpthread >&5
configure:5310: $? = 0
configure:5319: result: yes
configure:5338: checking for png_read_png in -lpng
configure:5363: mipsel-linux-gcc -o conftest -g -O2  -I/home/steward/Downloads/buildroot-2017.02.9/output/host/usr/mipsel-buildroot-linux-uclibc/sysroot/usr/include/SDL -D_GNU_SOURCE=1 -D_REENTRANT   conftest.c -lpng  -lz -ljpeg -lSDL -lm  -L/home/steward/Downloads/buildroot-2017.02.9/output/host/usr/mipsel-buildroot-linux-uclibc/sysroot/usr/lib -lSDL -lpthread >&5
configure:5363: $? = 0
configure:5372: result: yes
configure:5390: checking for IMG_LoadJPG_RW in -lSDL_image
configure:5415: mipsel-linux-gcc -o conftest -g -O2  -I/home/steward/Downloads/buildroot-2017.02.9/output/host/usr/mipsel-buildroot-linux-uclibc/sysroot/usr/include/SDL -D_GNU_SOURCE=1 -D_REENTRANT   conftest.c -lSDL_image  -lpng -lz -ljpeg -lSDL -lm  -L/home/steward/Downloads/buildroot-2017.02.9/output/host/usr/mipsel-buildroot-linux-uclibc/sysroot/usr/lib -lSDL -lpthread >&5
configure:5415: $? = 0
configure:5424: result: yes
configure:5442: checking for zoomSurface in -lSDL_gfx
configure:5467: mipsel-linux-gcc -o conftest -g -O2  -I/home/steward/Downloads/buildroot-2017.02.9/output/host/usr/mipsel-buildroot-linux-uclibc/sysroot/usr/include/SDL -D_GNU_SOURCE=1 -D_REENTRANT   conftest.c -lSDL_gfx  -lSDL_image -lpng -lz -ljpeg -lSDL -lm  -L/home/steward/Downloads/buildroot-2017.02.9/output/host/usr/mipsel-buildroot-linux-uclibc/sysroot/usr/lib -lSDL -lpthread >&5
configure:5467: $? = 0
configure:5476: result: yes
configure:5494: Checking for optional SDL libraries:
configure:5496: checking for Mix_OpenAudio in -lSDL_mixer
configure:5521: mipsel-linux-gcc -o conftest -g -O2  -I/home/steward/Downloads/buildroot-2017.02.9/output/host/usr/mipsel-buildroot-linux-uclibc/sysroot/usr/include/SDL -D_GNU_SOURCE=1 -D_REENTRANT   conftest.c -lSDL_mixer  -lSDL_gfx -lSDL_image -lpng -lz -ljpeg -lSDL -lm  -L/home/steward/Downloads/buildroot-2017.02.9/output/host/usr/mipsel-buildroot-linux-uclibc/sysroot/usr/lib -lSDL -lpthread >&5
configure:5521: $? = 0
configure:5530: result: yes
configure:5557: checking for main in -lvorbis
configure:5576: mipsel-linux-gcc -o conftest -g -O2  -I/home/steward/Downloads/buildroot-2017.02.9/output/host/usr/mipsel-buildroot-linux-uclibc/sysroot/usr/include/SDL -D_GNU_SOURCE=1 -D_REENTRANT   conftest.c -lvorbis  -lSDL_mixer -lSDL_gfx -lSDL_image -lpng -lz -ljpeg -lSDL -lm  -L/home/steward/Downloads/buildroot-2017.02.9/output/host/usr/mipsel-buildroot-linux-uclibc/sysroot/usr/lib -lSDL -lpthread >&5
configure:5576: $? = 0
configure:5585: result: yes
configure:5612: checking for grep that handles long lines and -e
configure:5670: result: /bin/grep
configure:5675: checking for egrep
configure:5737: result: /bin/grep -E
configure:5742: checking for ANSI C header files
configure:5762: mipsel-linux-gcc -c -g -O2  -I/home/steward/Downloads/buildroot-2017.02.9/output/host/usr/mipsel-buildroot-linux-uclibc/sysroot/usr/include/SDL -D_GNU_SOURCE=1 -D_REENTRANT  conftest.c >&5
configure:5762: $? = 0
configure:5846: result: yes
configure:5859: checking for sys/types.h
configure:5859: mipsel-linux-gcc -c -g -O2  -I/home/steward/Downloads/buildroot-2017.02.9/output/host/usr/mipsel-buildroot-linux-uclibc/sysroot/usr/include/SDL -D_GNU_SOURCE=1 -D_REENTRANT  conftest.c >&5
configure:5859: $? = 0
configure:5859: result: yes
configure:5859: checking for sys/stat.h
configure:5859: mipsel-linux-gcc -c -g -O2  -I/home/steward/Downloads/buildroot-2017.02.9/output/host/usr/mipsel-buildroot-linux-uclibc/sysroot/usr/include/SDL -D_GNU_SOURCE=1 -D_REENTRANT  conftest.c >&5
configure:5859: $? = 0
configure:5859: result: yes
configure:5859: checking for stdlib.h
configure:5859: mipsel-linux-gcc -c -g -O2  -I/home/steward/Downloads/buildroot-2017.02.9/output/host/usr/mipsel-buildroot-linux-uclibc/sysroot/usr/include/SDL -D_GNU_SOURCE=1 -D_REENTRANT  conftest.c >&5
configure:5859: $? = 0
configure:5859: result: yes
configure:5859: checking for string.h
configure:5859: mipsel-linux-gcc -c -g -O2  -I/home/steward/Downloads/buildroot-2017.02.9/output/host/usr/mipsel-buildroot-linux-uclibc/sysroot/usr/include/SDL -D_GNU_SOURCE=1 -D_REENTRANT  conftest.c >&5
configure:5859: $? = 0
configure:5859: result: yes
configure:5859: checking for memory.h
configure:5859: mipsel-linux-gcc -c -g -O2  -I/home/steward/Downloads/buildroot-2017.02.9/output/host/usr/mipsel-buildroot-linux-uclibc/sysroot/usr/include/SDL -D_GNU_SOURCE=1 -D_REENTRANT  conftest.c >&5
configure:5859: $? = 0
configure:5859: result: yes
configure:5859: checking for strings.h
configure:5859: mipsel-linux-gcc -c -g -O2  -I/home/steward/Downloads/buildroot-2017.02.9/output/host/usr/mipsel-buildroot-linux-uclibc/sysroot/usr/include/SDL -D_GNU_SOURCE=1 -D_REENTRANT  conftest.c >&5
configure:5859: $? = 0
configure:5859: result: yes
configure:5859: checking for inttypes.h
configure:5859: mipsel-linux-gcc -c -g -O2  -I/home/steward/Downloads/buildroot-2017.02.9/output/host/usr/mipsel-buildroot-linux-uclibc/sysroot/usr/include/SDL -D_GNU_SOURCE=1 -D_REENTRANT  conftest.c >&5
configure:5859: $? = 0
configure:5859: result: yes
configure:5859: checking for stdint.h
configure:5859: mipsel-linux-gcc -c -g -O2  -I/home/steward/Downloads/buildroot-2017.02.9/output/host/usr/mipsel-buildroot-linux-uclibc/sysroot/usr/include/SDL -D_GNU_SOURCE=1 -D_REENTRANT  conftest.c >&5
configure:5859: $? = 0
configure:5859: result: yes
configure:5859: checking for unistd.h
configure:5859: mipsel-linux-gcc -c -g -O2  -I/home/steward/Downloads/buildroot-2017.02.9/output/host/usr/mipsel-buildroot-linux-uclibc/sysroot/usr/include/SDL -D_GNU_SOURCE=1 -D_REENTRANT  conftest.c >&5
configure:5859: $? = 0
configure:5859: result: yes
configure:5874: checking fcntl.h usability
configure:5874: mipsel-linux-gcc -c -g -O2  -I/home/steward/Downloads/buildroot-2017.02.9/output/host/usr/mipsel-buildroot-linux-uclibc/sysroot/usr/include/SDL -D_GNU_SOURCE=1 -D_REENTRANT  conftest.c >&5
configure:5874: $? = 0
configure:5874: result: yes
configure:5874: checking fcntl.h presence
configure:5874: mipsel-linux-gcc -E  conftest.c
configure:5874: $? = 0
configure:5874: result: yes
configure:5874: checking for fcntl.h
configure:5874: result: yes
configure:5874: checking for stdlib.h
configure:5874: result: yes
configure:5874: checking for string.h
configure:5874: result: yes
configure:5874: checking sys/ioctl.h usability
configure:5874: mipsel-linux-gcc -c -g -O2  -I/home/steward/Downloads/buildroot-2017.02.9/output/host/usr/mipsel-buildroot-linux-uclibc/sysroot/usr/include/SDL -D_GNU_SOURCE=1 -D_REENTRANT  conftest.c >&5
configure:5874: $? = 0
configure:5874: result: yes
configure:5874: checking sys/ioctl.h presence
configure:5874: mipsel-linux-gcc -E  conftest.c
configure:5874: $? = 0
configure:5874: result: yes
configure:5874: checking for sys/ioctl.h
configure:5874: result: yes
configure:5874: checking sys/time.h usability
configure:5874: mipsel-linux-gcc -c -g -O2  -I/home/steward/Downloads/buildroot-2017.02.9/output/host/usr/mipsel-buildroot-linux-uclibc/sysroot/usr/include/SDL -D_GNU_SOURCE=1 -D_REENTRANT  conftest.c >&5
configure:5874: $? = 0
configure:5874: result: yes
configure:5874: checking sys/time.h presence
configure:5874: mipsel-linux-gcc -E  conftest.c
configure:5874: $? = 0
configure:5874: result: yes
configure:5874: checking for sys/time.h
configure:5874: result: yes
configure:5874: checking time.h usability
configure:5874: mipsel-linux-gcc -c -g -O2  -I/home/steward/Downloads/buildroot-2017.02.9/output/host/usr/mipsel-buildroot-linux-uclibc/sysroot/usr/include/SDL -D_GNU_SOURCE=1 -D_REENTRANT  conftest.c >&5
configure:5874: $? = 0
configure:5874: result: yes
configure:5874: checking time.h presence
configure:5874: mipsel-linux-gcc -E  conftest.c
configure:5874: $? = 0
configure:5874: result: yes
configure:5874: checking for time.h
configure:5874: result: yes
configure:5874: checking for unistd.h
configure:5874: result: yes
configure:5874: checking dirent.h usability
configure:5874: mipsel-linux-gcc -c -g -O2  -I/home/steward/Downloads/buildroot-2017.02.9/output/host/usr/mipsel-buildroot-linux-uclibc/sysroot/usr/include/SDL -D_GNU_SOURCE=1 -D_REENTRANT  conftest.c >&5
configure:5874: $? = 0
configure:5874: result: yes
configure:5874: checking dirent.h presence
configure:5874: mipsel-linux-gcc -E  conftest.c
configure:5874: $? = 0
configure:5874: result: yes
configure:5874: checking for dirent.h
configure:5874: result: yes
configure:5886: checking for an ANSI C-conforming const
configure:5952: mipsel-linux-gcc -c -g -O2  -I/home/steward/Downloads/buildroot-2017.02.9/output/host/usr/mipsel-buildroot-linux-uclibc/sysroot/usr/include/SDL -D_GNU_SOURCE=1 -D_REENTRANT  conftest.c >&5
configure:5952: $? = 0
configure:5959: result: yes
configure:5967: checking for size_t
configure:5967: mipsel-linux-gcc -c -g -O2  -I/home/steward/Downloads/buildroot-2017.02.9/output/host/usr/mipsel-buildroot-linux-uclibc/sysroot/usr/include/SDL -D_GNU_SOURCE=1 -D_REENTRANT  conftest.c >&5
configure:5967: $? = 0
configure:5967: mipsel-linux-gcc -c -g -O2  -I/home/steward/Downloads/buildroot-2017.02.9/output/host/usr/mipsel-buildroot-linux-uclibc/sysroot/usr/include/SDL -D_GNU_SOURCE=1 -D_REENTRANT  conftest.c >&5
conftest.c: In function 'main':
conftest.c:74:21: error: expected expression before ')' token
 if (sizeof ((size_t)))
                     ^
configure:5967: $? = 1
configure: failed program was:
| /* confdefs.h */
| #define PACKAGE_NAME "freedroid"
| #define PACKAGE_TARNAME "freedroid"
| #define PACKAGE_VERSION "1.1.0-pre1"
| #define PACKAGE_STRING "freedroid 1.1.0-pre1"
| #define PACKAGE_BUGREPORT ""
| #define PACKAGE_URL ""
| #define PACKAGE "freedroid"
| #define VERSION "1.1.0-pre1"
| #define HAVE_LIBM 1
| #define HAVE_LIBSDL 1
| #define HAVE_LIBJPEG 1
| #define HAVE_LIBZ 1
| #define HAVE_LIBPNG 1
| #define HAVE_LIBSDL_IMAGE 1
| #define HAVE_LIBSDL_GFX 1
| #define HAVE_LIBSDL_MIXER 1
| #define HAVE_LIBVORBIS 1
| #define STDC_HEADERS 1
| #define HAVE_SYS_TYPES_H 1
| #define HAVE_SYS_STAT_H 1
| #define HAVE_STDLIB_H 1
| #define HAVE_STRING_H 1
| #define HAVE_MEMORY_H 1
| #define HAVE_STRINGS_H 1
| #define HAVE_INTTYPES_H 1
| #define HAVE_STDINT_H 1
| #define HAVE_UNISTD_H 1
| #define HAVE_FCNTL_H 1
| #define HAVE_STDLIB_H 1
| #define HAVE_STRING_H 1
| #define HAVE_SYS_IOCTL_H 1
| #define HAVE_SYS_TIME_H 1
| #define HAVE_TIME_H 1
| #define HAVE_UNISTD_H 1
| #define HAVE_DIRENT_H 1
| /* end confdefs.h.  */
| #include <stdio.h>
| #ifdef HAVE_SYS_TYPES_H
| # include <sys/types.h>
| #endif
| #ifdef HAVE_SYS_STAT_H
| # include <sys/stat.h>
| #endif
| #ifdef STDC_HEADERS
| # include <stdlib.h>
| # include <stddef.h>
| #else
| # ifdef HAVE_STDLIB_H
| #  include <stdlib.h>
| # endif
| #endif
| #ifdef HAVE_STRING_H
| # if !defined STDC_HEADERS && defined HAVE_MEMORY_H
| #  include <memory.h>
| # endif
| # include <string.h>
| #endif
| #ifdef HAVE_STRINGS_H
| # include <strings.h>
| #endif
| #ifdef HAVE_INTTYPES_H
| # include <inttypes.h>
| #endif
| #ifdef HAVE_STDINT_H
| # include <stdint.h>
| #endif
| #ifdef HAVE_UNISTD_H
| # include <unistd.h>
| #endif
| int
| main ()
| {
| if (sizeof ((size_t)))
| 	    return 0;
|   ;
|   return 0;
| }
configure:5967: result: yes
configure:5978: checking whether time.h and sys/time.h may both be included
configure:5998: mipsel-linux-gcc -c -g -O2  -I/home/steward/Downloads/buildroot-2017.02.9/output/host/usr/mipsel-buildroot-linux-uclibc/sysroot/usr/include/SDL -D_GNU_SOURCE=1 -D_REENTRANT  conftest.c >&5
configure:5998: $? = 0
configure:6005: result: yes
configure:6015: checking return type of signal handlers
configure:6033: mipsel-linux-gcc -c -g -O2  -I/home/steward/Downloads/buildroot-2017.02.9/output/host/usr/mipsel-buildroot-linux-uclibc/sysroot/usr/include/SDL -D_GNU_SOURCE=1 -D_REENTRANT  conftest.c >&5
conftest.c: In function 'main':
conftest.c:45:9: error: void value not ignored as it ought to be
 return *(signal (0, 0)) (0) == 1;
         ^
configure:6033: $? = 1
configure: failed program was:
| /* confdefs.h */
| #define PACKAGE_NAME "freedroid"
| #define PACKAGE_TARNAME "freedroid"
| #define PACKAGE_VERSION "1.1.0-pre1"
| #define PACKAGE_STRING "freedroid 1.1.0-pre1"
| #define PACKAGE_BUGREPORT ""
| #define PACKAGE_URL ""
| #define PACKAGE "freedroid"
| #define VERSION "1.1.0-pre1"
| #define HAVE_LIBM 1
| #define HAVE_LIBSDL 1
| #define HAVE_LIBJPEG 1
| #define HAVE_LIBZ 1
| #define HAVE_LIBPNG 1
| #define HAVE_LIBSDL_IMAGE 1
| #define HAVE_LIBSDL_GFX 1
| #define HAVE_LIBSDL_MIXER 1
| #define HAVE_LIBVORBIS 1
| #define STDC_HEADERS 1
| #define HAVE_SYS_TYPES_H 1
| #define HAVE_SYS_STAT_H 1
| #define HAVE_STDLIB_H 1
| #define HAVE_STRING_H 1
| #define HAVE_MEMORY_H 1
| #define HAVE_STRINGS_H 1
| #define HAVE_INTTYPES_H 1
| #define HAVE_STDINT_H 1
| #define HAVE_UNISTD_H 1
| #define HAVE_FCNTL_H 1
| #define HAVE_STDLIB_H 1
| #define HAVE_STRING_H 1
| #define HAVE_SYS_IOCTL_H 1
| #define HAVE_SYS_TIME_H 1
| #define HAVE_TIME_H 1
| #define HAVE_UNISTD_H 1
| #define HAVE_DIRENT_H 1
| #define TIME_WITH_SYS_TIME 1
| /* end confdefs.h.  */
| #include <sys/types.h>
| #include <signal.h>
| 
| int
| main ()
| {
| return *(signal (0, 0)) (0) == 1;
|   ;
|   return 0;
| }
configure:6040: result: void
configure:6051: checking for memset
configure:6051: mipsel-linux-gcc -o conftest -g -O2  -I/home/steward/Downloads/buildroot-2017.02.9/output/host/usr/mipsel-buildroot-linux-uclibc/sysroot/usr/include/SDL -D_GNU_SOURCE=1 -D_REENTRANT   conftest.c -lvorbis -lSDL_mixer -lSDL_gfx -lSDL_image -lpng -lz -ljpeg -lSDL -lm  -L/home/steward/Downloads/buildroot-2017.02.9/output/host/usr/mipsel-buildroot-linux-uclibc/sysroot/usr/lib -lSDL -lpthread >&5
conftest.c:63:6: warning: conflicting types for built-in function 'memset'
 char memset ();
      ^
configure:6051: $? = 0
configure:6051: result: yes
configure:6051: checking for sqrt
configure:6051: mipsel-linux-gcc -o conftest -g -O2  -I/home/steward/Downloads/buildroot-2017.02.9/output/host/usr/mipsel-buildroot-linux-uclibc/sysroot/usr/include/SDL -D_GNU_SOURCE=1 -D_REENTRANT   conftest.c -lvorbis -lSDL_mixer -lSDL_gfx -lSDL_image -lpng -lz -ljpeg -lSDL -lm  -L/home/steward/Downloads/buildroot-2017.02.9/output/host/usr/mipsel-buildroot-linux-uclibc/sysroot/usr/lib -lSDL -lpthread >&5
conftest.c:64:6: warning: conflicting types for built-in function 'sqrt'
 char sqrt ();
      ^
configure:6051: $? = 0
configure:6051: result: yes
configure:6051: checking for strstr
configure:6051: mipsel-linux-gcc -o conftest -g -O2  -I/home/steward/Downloads/buildroot-2017.02.9/output/host/usr/mipsel-buildroot-linux-uclibc/sysroot/usr/include/SDL -D_GNU_SOURCE=1 -D_REENTRANT   conftest.c -lvorbis -lSDL_mixer -lSDL_gfx -lSDL_image -lpng -lz -ljpeg -lSDL -lm  -L/home/steward/Downloads/buildroot-2017.02.9/output/host/usr/mipsel-buildroot-linux-uclibc/sysroot/usr/lib -lSDL -lpthread >&5
conftest.c:65:6: warning: conflicting types for built-in function 'strstr'
 char strstr ();
      ^
configure:6051: $? = 0
configure:6051: result: yes
configure:6051: checking for strtok
configure:6051: mipsel-linux-gcc -o conftest -g -O2  -I/home/steward/Downloads/buildroot-2017.02.9/output/host/usr/mipsel-buildroot-linux-uclibc/sysroot/usr/include/SDL -D_GNU_SOURCE=1 -D_REENTRANT   conftest.c -lvorbis -lSDL_mixer -lSDL_gfx -lSDL_image -lpng -lz -ljpeg -lSDL -lm  -L/home/steward/Downloads/buildroot-2017.02.9/output/host/usr/mipsel-buildroot-linux-uclibc/sysroot/usr/lib -lSDL -lpthread >&5
configure:6051: $? = 0
configure:6051: result: yes
configure:6051: checking for strcspn
configure:6051: mipsel-linux-gcc -o conftest -g -O2  -I/home/steward/Downloads/buildroot-2017.02.9/output/host/usr/mipsel-buildroot-linux-uclibc/sysroot/usr/include/SDL -D_GNU_SOURCE=1 -D_REENTRANT   conftest.c -lvorbis -lSDL_mixer -lSDL_gfx -lSDL_image -lpng -lz -ljpeg -lSDL -lm  -L/home/steward/Downloads/buildroot-2017.02.9/output/host/usr/mipsel-buildroot-linux-uclibc/sysroot/usr/lib -lSDL -lpthread >&5
conftest.c:67:6: warning: conflicting types for built-in function 'strcspn'
 char strcspn ();
      ^
configure:6051: $? = 0
configure:6051: result: yes
configure:6051: checking for strspn
configure:6051: mipsel-linux-gcc -o conftest -g -O2  -I/home/steward/Downloads/buildroot-2017.02.9/output/host/usr/mipsel-buildroot-linux-uclibc/sysroot/usr/include/SDL -D_GNU_SOURCE=1 -D_REENTRANT   conftest.c -lvorbis -lSDL_mixer -lSDL_gfx -lSDL_image -lpng -lz -ljpeg -lSDL -lm  -L/home/steward/Downloads/buildroot-2017.02.9/output/host/usr/mipsel-buildroot-linux-uclibc/sysroot/usr/lib -lSDL -lpthread >&5
conftest.c:68:6: warning: conflicting types for built-in function 'strspn'
 char strspn ();
      ^
configure:6051: $? = 0
configure:6051: result: yes
configure:6051: checking for rand
configure:6051: mipsel-linux-gcc -o conftest -g -O2  -I/home/steward/Downloads/buildroot-2017.02.9/output/host/usr/mipsel-buildroot-linux-uclibc/sysroot/usr/include/SDL -D_GNU_SOURCE=1 -D_REENTRANT   conftest.c -lvorbis -lSDL_mixer -lSDL_gfx -lSDL_image -lpng -lz -ljpeg -lSDL -lm  -L/home/steward/Downloads/buildroot-2017.02.9/output/host/usr/mipsel-buildroot-linux-uclibc/sysroot/usr/lib -lSDL -lpthread >&5
configure:6051: $? = 0
configure:6051: result: yes
configure:6196: checking that generated files are newer than configure
configure:6202: result: done
configure:6229: creating ./config.status

## ---------------------- ##
## Running config.status. ##
## ---------------------- ##

This file was extended by freedroid config.status 1.1.0-pre1, which was
generated by GNU Autoconf 2.69.  Invocation command line was

  CONFIG_FILES    = 
  CONFIG_HEADERS  = 
  CONFIG_LINKS    = 
  CONFIG_COMMANDS = 
  $ ./config.status 

on debian

config.status:910: creating Makefile
config.status:910: creating src/Makefile
config.status:910: creating map/Makefile
config.status:910: creating sound/Makefile
config.status:910: creating graphics/Makefile
config.status:910: creating graphics/classic_theme/Makefile
config.status:910: creating graphics/lanzz_theme/Makefile
config.status:910: creating graphics/para90_theme/Makefile
config.status:910: creating config.h
config.status:1139: executing depfiles commands

## ---------------- ##
## Cache variables. ##
## ---------------- ##

ac_cv_build=x86_64-pc-linux-uclibc
ac_cv_c_compiler_gnu=yes
ac_cv_c_const=yes
ac_cv_env_CC_set=set
ac_cv_env_CC_value=mipsel-linux-gcc
ac_cv_env_CFLAGS_set=
ac_cv_env_CFLAGS_value=
ac_cv_env_CPPFLAGS_set=
ac_cv_env_CPPFLAGS_value=
ac_cv_env_CPP_set=
ac_cv_env_CPP_value=
ac_cv_env_LDFLAGS_set=
ac_cv_env_LDFLAGS_value=
ac_cv_env_LIBS_set=
ac_cv_env_LIBS_value=
ac_cv_env_XMKMF_set=
ac_cv_env_XMKMF_value=
ac_cv_env_build_alias_set=
ac_cv_env_build_alias_value=
ac_cv_env_host_alias_set=set
ac_cv_env_host_alias_value=mipsel-linux
ac_cv_env_target_alias_set=
ac_cv_env_target_alias_value=
ac_cv_func_connect=yes
ac_cv_func_gethostbyname=yes
ac_cv_func_memset=yes
ac_cv_func_rand=yes
ac_cv_func_remove=yes
ac_cv_func_shmat=yes
ac_cv_func_sqrt=yes
ac_cv_func_strcspn=yes
ac_cv_func_strspn=yes
ac_cv_func_strstr=yes
ac_cv_func_strtok=yes
ac_cv_have_x='have_x=yes	ac_x_includes='\'''\''	ac_x_libraries='\'''\'''
ac_cv_header_dirent_h=yes
ac_cv_header_fcntl_h=yes
ac_cv_header_inttypes_h=yes
ac_cv_header_memory_h=yes
ac_cv_header_stdc=yes
ac_cv_header_stdint_h=yes
ac_cv_header_stdlib_h=yes
ac_cv_header_string_h=yes
ac_cv_header_strings_h=yes
ac_cv_header_sys_ioctl_h=yes
ac_cv_header_sys_stat_h=yes
ac_cv_header_sys_time_h=yes
ac_cv_header_sys_types_h=yes
ac_cv_header_time=yes
ac_cv_header_time_h=yes
ac_cv_header_unistd_h=yes
ac_cv_host=mipsel-unknown-linux-gnu
ac_cv_lib_ICE_IceConnectionNumber=yes
ac_cv_lib_SDL_SDL_Init=yes
ac_cv_lib_SDL_gfx_zoomSurface=yes
ac_cv_lib_SDL_image_IMG_LoadJPG_RW=yes
ac_cv_lib_SDL_mixer_Mix_OpenAudio=yes
ac_cv_lib_jpeg_jpeg_start_compress=yes
ac_cv_lib_m_sin=yes
ac_cv_lib_png_png_read_png=yes
ac_cv_lib_vorbis_main=yes
ac_cv_lib_z_compress=yes
ac_cv_objext=o
ac_cv_path_EGREP='/bin/grep -E'
ac_cv_path_GREP=/bin/grep
ac_cv_path_SDL_CONFIG=/home/steward/Downloads/buildroot-2017.02.9/output/host/usr/mipsel-buildroot-linux-uclibc/sysroot/usr/bin/sdl-config
ac_cv_path_install='/usr/bin/install -c'
ac_cv_path_mkdir=/bin/mkdir
ac_cv_prog_AWK=gawk
ac_cv_prog_CC=mipsel-linux-gcc
ac_cv_prog_CPP='mipsel-linux-gcc -E'
ac_cv_prog_STRIP=mipsel-linux-strip
ac_cv_prog_cc_c89=
ac_cv_prog_cc_g=yes
ac_cv_prog_make_make_set=yes
ac_cv_target=mipsel-unknown-linux-gnu
ac_cv_type_signal=void
ac_cv_type_size_t=yes
am_cv_CC_dependencies_compiler_type=gcc3
am_cv_make_support_nested_variables=yes
am_cv_prog_cc_c_o=yes

## ----------------- ##
## Output variables. ##
## ----------------- ##

ACLOCAL='${SHELL} /home/steward/Downloads/FreedroidClassic-GCW0/missing aclocal-1.15'
AMDEPBACKSLASH='\'
AMDEP_FALSE='#'
AMDEP_TRUE=''
AMTAR='$${TAR-tar}'
AM_BACKSLASH='\'
AM_DEFAULT_V='$(AM_DEFAULT_VERBOSITY)'
AM_DEFAULT_VERBOSITY='1'
AM_V='$(V)'
AUTOCONF='${SHELL} /home/steward/Downloads/FreedroidClassic-GCW0/missing autoconf'
AUTOHEADER='${SHELL} /home/steward/Downloads/FreedroidClassic-GCW0/missing autoheader'
AUTOMAKE='${SHELL} /home/steward/Downloads/FreedroidClassic-GCW0/missing automake-1.15'
AWK='gawk'
CC='mipsel-linux-gcc'
CCDEPMODE='depmode=gcc3'
CFLAGS='-g -O2  -I/home/steward/Downloads/buildroot-2017.02.9/output/host/usr/mipsel-buildroot-linux-uclibc/sysroot/usr/include/SDL -D_GNU_SOURCE=1 -D_REENTRANT  -DFD_DATADIR='\''"$(pkgdatadir)"'\'''
CPP='mipsel-linux-gcc -E'
CPPFLAGS=''
CYGPATH_W='echo'
DEFS='-DHAVE_CONFIG_H'
DEPDIR='.deps'
ECHO_C=''
ECHO_N='-n'
ECHO_T=''
EGREP='/bin/grep -E'
EXEEXT=''
GREP='/bin/grep'
INSTALL_DATA='${INSTALL} -m 644'
INSTALL_PROGRAM='${INSTALL}'
INSTALL_SCRIPT='${INSTALL}'
INSTALL_STRIP_PROGRAM='$(install_sh) -c -s'
LDFLAGS=''
LIBOBJS=''
LIBS='-lvorbis -lSDL_mixer -lSDL_gfx -lSDL_image -lpng -lz -ljpeg -lSDL -lm  -L/home/steward/Downloads/buildroot-2017.02.9/output/host/usr/mipsel-buildroot-linux-uclibc/sysroot/usr/lib -lSDL -lpthread'
LTLIBOBJS=''
MAKEINFO='${SHELL} /home/steward/Downloads/FreedroidClassic-GCW0/missing makeinfo'
MKDIR_P='/bin/mkdir -p'
OBJEXT='o'
PACKAGE='freedroid'
PACKAGE_BUGREPORT=''
PACKAGE_NAME='freedroid'
PACKAGE_STRING='freedroid 1.1.0-pre1'
PACKAGE_TARNAME='freedroid'
PACKAGE_URL=''
PACKAGE_VERSION='1.1.0-pre1'
PATH_SEPARATOR=':'
SDL_CFLAGS='-I/home/steward/Downloads/buildroot-2017.02.9/output/host/usr/mipsel-buildroot-linux-uclibc/sysroot/usr/include/SDL -D_GNU_SOURCE=1 -D_REENTRANT'
SDL_CONFIG='/home/steward/Downloads/buildroot-2017.02.9/output/host/usr/mipsel-buildroot-linux-uclibc/sysroot/usr/bin/sdl-config'
SDL_LIBS='-L/home/steward/Downloads/buildroot-2017.02.9/output/host/usr/mipsel-buildroot-linux-uclibc/sysroot/usr/lib -lSDL -lpthread'
SET_MAKE=''
SHELL='/bin/bash'
STRIP='mipsel-linux-strip'
VERSION='1.1.0-pre1'
WIN32_FALSE=''
WIN32_TRUE='#'
XMKMF=''
X_CFLAGS=''
X_EXTRA_LIBS=''
X_LIBS=''
X_PRE_LIBS=' -lSM -lICE'
ac_ct_CC=''
am__EXEEXT_FALSE=''
am__EXEEXT_TRUE='#'
am__fastdepCC_FALSE='#'
am__fastdepCC_TRUE=''
am__include='include'
am__isrc=''
am__leading_dot='.'
am__nodep='_no'
am__quote=''
am__tar='$${TAR-tar} chof - "$$tardir"'
am__untar='$${TAR-tar} xf -'
bindir='${exec_prefix}/bin'
build='x86_64-pc-linux-uclibc'
build_alias=''
build_cpu='x86_64'
build_os='linux-uclibc'
build_vendor='pc'
datadir='${datarootdir}'
datarootdir='${prefix}/share'
docdir='${datarootdir}/doc/${PACKAGE_TARNAME}'
dvidir='${docdir}'
exec_prefix='${prefix}'
host='mipsel-unknown-linux-gnu'
host_alias='mipsel-linux'
host_cpu='mipsel'
host_os='linux-gnu'
host_vendor='unknown'
htmldir='${docdir}'
includedir='${prefix}/include'
infodir='${datarootdir}/info'
install_sh='${SHELL} /home/steward/Downloads/FreedroidClassic-GCW0/install-sh'
libdir='${exec_prefix}/lib'
libexecdir='${exec_prefix}/libexec'
localedir='${datarootdir}/locale'
localstatedir='${prefix}/var'
mandir='${datarootdir}/man'
mkdir_p='$(MKDIR_P)'
oldincludedir='/usr/include'
pdfdir='${docdir}'
prefix='/usr/local'
program_transform_name='s,x,x,'
psdir='${docdir}'
runstatedir='${localstatedir}/run'
sbindir='${exec_prefix}/sbin'
sharedstatedir='${prefix}/com'
sysconfdir='${prefix}/etc'
target='mipsel-unknown-linux-gnu'
target_alias=''
target_cpu='mipsel'
target_os='linux-gnu'
target_vendor='unknown'

## ----------- ##
## confdefs.h. ##
## ----------- ##

/* confdefs.h */
#define PACKAGE_NAME "freedroid"
#define PACKAGE_TARNAME "freedroid"
#define PACKAGE_VERSION "1.1.0-pre1"
#define PACKAGE_STRING "freedroid 1.1.0-pre1"
#define PACKAGE_BUGREPORT ""
#define PACKAGE_URL ""
#define PACKAGE "freedroid"
#define VERSION "1.1.0-pre1"
#define HAVE_LIBM 1
#define HAVE_LIBSDL 1
#define HAVE_LIBJPEG 1
#define HAVE_LIBZ 1
#define HAVE_LIBPNG 1
#define HAVE_LIBSDL_IMAGE 1
#define HAVE_LIBSDL_GFX 1
#define HAVE_LIBSDL_MIXER 1
#define HAVE_LIBVORBIS 1
#define STDC_HEADERS 1
#define HAVE_SYS_TYPES_H 1
#define HAVE_SYS_STAT_H 1
#define HAVE_STDLIB_H 1
#define HAVE_STRING_H 1
#define HAVE_MEMORY_H 1
#define HAVE_STRINGS_H 1
#define HAVE_INTTYPES_H 1
#define HAVE_STDINT_H 1
#define HAVE_UNISTD_H 1
#define HAVE_FCNTL_H 1
#define HAVE_STDLIB_H 1
#define HAVE_STRING_H 1
#define HAVE_SYS_IOCTL_H 1
#define HAVE_SYS_TIME_H 1
#define HAVE_TIME_H 1
#define HAVE_UNISTD_H 1
#define HAVE_DIRENT_H 1
#define TIME_WITH_SYS_TIME 1
#define RETSIGTYPE void
#define HAVE_MEMSET 1
#define HAVE_SQRT 1
#define HAVE_STRSTR 1
#define HAVE_STRTOK 1
#define HAVE_STRCSPN 1
#define HAVE_STRSPN 1
#define HAVE_RAND 1

configure: exit 0
