file /home/steward/Github/gh_retrogame_emulator/gamebatte/gambatte_sdl/SConstruct,line 66:
	Configure(confdir = .sconf_temp)
scons: Configure: Checking for C library z... 
scons: Configure: ".sconf_temp/conftest_0.c" is up to date.
scons: Configure: The original builder output was:
  |.sconf_temp/conftest_0.c <-
  |  |
  |  |
  |  |
  |  |int
  |  |main() {
  |  |  
  |  |return 0;
  |  |}
  |  |
  |
scons: Configure: ".sconf_temp/conftest_0.o" is up to date.
scons: Configure: The original builder output was:
  |/home/steward/Downloads/buildroot-2017.02.9/output/host/usr/bin/mipsel-linux-gcc -o .sconf_temp/conftest_0.o -c -Wall -Wextra -O2 -fomit-frame-pointer -ffunction-sections -ffast-math -fsingle-precision-constant -G0 -I/home/steward/Downloads/buildroot-2017.02.9/output/host/usr/mipsel-buildroot-linux-uclibc/sysroot/usr/include/SDL -DHAVE_STDINT_H -D_GNU_SOURCE=1 -D_REENTRANT -Isrc -I/home/steward/Github/gh_retrogame_emulator/gamebatte/libgambatte/include -I/home/steward/Github/gh_retrogame_emulator/gamebatte/common -I/usr/include/SDL .sconf_temp/conftest_0.c
  |
scons: Configure: ".sconf_temp/conftest_0" is up to date.
scons: Configure: The original builder output was:
  |/home/steward/Downloads/buildroot-2017.02.9/output/host/usr/bin/mipsel-linux-gcc -o .sconf_temp/conftest_0 -Wl,--gc-sections -lSDL_image .sconf_temp/conftest_0.o -L/usr/lib/x86_64-linux-gnu -lSDL -lz
  |
scons: Configure: (cached) yes


