This file contains any messages produced by compilers while
running configure, to aid debugging if configure makes a mistake.

It was created by libvorbis configure 1.3.5, which was
generated by GNU Autoconf 2.69.  Invocation command line was

  $ ./configure --host=mipsel-linux host_alias=mipsel-linux CC=mipsel-linux-gcc --no-create --no-recursion

## --------- ##
## Platform. ##
## --------- ##

hostname = debian
uname -m = x86_64
uname -r = 4.9.0-4-amd64
uname -s = Linux
uname -v = #1 SMP Debian 4.9.65-3 (2017-12-03)

/usr/bin/uname -p = unknown
/bin/uname -X     = unknown

/bin/arch              = unknown
/usr/bin/arch -k       = unknown
/usr/convex/getsysinfo = unknown
/usr/bin/hostinfo      = unknown
/bin/machine           = unknown
/usr/bin/oslevel       = unknown
/bin/universe          = unknown

PATH: /usr/local/bin
PATH: /usr/bin
PATH: /bin
PATH: /usr/local/games
PATH: /usr/games
PATH: /home/steward/Downloads/buildroot-2017.02.9/output/host/usr/bin/


## ----------- ##
## Core tests. ##
## ----------- ##

configure:2365: checking build system type
configure:2379: result: x86_64-unknown-linux-uclibc
configure:2399: checking host system type
configure:2412: result: mipsel-unknown-linux-gnu
configure:2432: checking target system type
configure:2445: result: mipsel-unknown-linux-gnu
configure:2488: checking for a BSD-compatible install
configure:2556: result: /usr/bin/install -c
configure:2567: checking whether build environment is sane
configure:2622: result: yes
configure:2681: checking for mipsel-linux-strip
configure:2697: found /home/steward/Downloads/buildroot-2017.02.9/output/host/usr/bin//mipsel-linux-strip
configure:2708: result: mipsel-linux-strip
configure:2773: checking for a thread-safe mkdir -p
configure:2812: result: /bin/mkdir -p
configure:2819: checking for gawk
configure:2835: found /usr/bin/gawk
configure:2846: result: gawk
configure:2857: checking whether make sets $(MAKE)
configure:2879: result: yes
configure:2908: checking whether make supports nested variables
configure:2925: result: yes
configure:3052: checking whether to enable maintainer-specific portions of Makefiles
configure:3061: result: no
configure:3111: checking for mipsel-linux-gcc
configure:3138: result: mipsel-linux-gcc
configure:3407: checking for C compiler version
configure:3416: mipsel-linux-gcc --version >&5
mipsel-linux-gcc.br_real (Buildroot 2017.02.9) 5.4.0
Copyright (C) 2015 Free Software Foundation, Inc.
This is free software; see the source for copying conditions.  There is NO
warranty; not even for MERCHANTABILITY or FITNESS FOR A PARTICULAR PURPOSE.

configure:3427: $? = 0
configure:3416: mipsel-linux-gcc -v >&5
Using built-in specs.
COLLECT_GCC=/home/steward/Downloads/buildroot-2017.02.9/output/host/usr/bin/mipsel-linux-gcc.br_real
COLLECT_LTO_WRAPPER=/home/steward/Downloads/buildroot-2017.02.9/output/host/usr/libexec/gcc/mipsel-buildroot-linux-uclibc/5.4.0/lto-wrapper
Target: mipsel-buildroot-linux-uclibc
Configured with: ./configure --prefix=/home/steward/Downloads/buildroot-2017.02.9/output/host/usr --sysconfdir=/home/steward/Downloads/buildroot-2017.02.9/output/host/etc --enable-static --target=mipsel-buildroot-linux-uclibc --with-sysroot=/home/steward/Downloads/buildroot-2017.02.9/output/host/usr/mipsel-buildroot-linux-uclibc/sysroot --disable-__cxa_atexit --with-gnu-ld --disable-libssp --disable-multilib --with-gmp=/home/steward/Downloads/buildroot-2017.02.9/output/host/usr --with-mpc=/home/steward/Downloads/buildroot-2017.02.9/output/host/usr --with-mpfr=/home/steward/Downloads/buildroot-2017.02.9/output/host/usr --with-pkgversion='Buildroot 2017.02.9' --with-bugurl=http://bugs.buildroot.net/ --disable-libquadmath --disable-libsanitizer --enable-tls --disable-libmudflap --enable-threads --without-isl --without-cloog --disable-decimal-float --with-arch=mips32 --with-abi=32 --enable-languages=c,c++ --with-build-time-tools=/home/steward/Downloads/buildroot-2017.02.9/output/host/usr/mipsel-buildroot-linux-uclibc/bin --enable-shared --disable-libgomp
Thread model: posix
gcc version 5.4.0 (Buildroot 2017.02.9) 
configure:3427: $? = 0
configure:3416: mipsel-linux-gcc -V >&5
mipsel-linux-gcc.br_real: error: unrecognized command line option '-V'
mipsel-linux-gcc.br_real: fatal error: no input files
compilation terminated.
configure:3427: $? = 1
configure:3416: mipsel-linux-gcc -qversion >&5
mipsel-linux-gcc.br_real: error: unrecognized command line option '-qversion'
mipsel-linux-gcc.br_real: fatal error: no input files
compilation terminated.
configure:3427: $? = 1
configure:3447: checking whether the C compiler works
configure:3469: mipsel-linux-gcc    conftest.c  >&5
configure:3473: $? = 0
configure:3521: result: yes
configure:3524: checking for C compiler default output file name
configure:3526: result: a.out
configure:3532: checking for suffix of executables
configure:3539: mipsel-linux-gcc -o conftest    conftest.c  >&5
configure:3543: $? = 0
configure:3565: result: 
configure:3587: checking whether we are cross compiling
configure:3595: mipsel-linux-gcc -o conftest    conftest.c  >&5
configure:3599: $? = 0
configure:3606: ./conftest
./configure: line 3608: ./conftest: cannot execute binary file: Exec format error
configure:3610: $? = 126
configure:3625: result: yes
configure:3630: checking for suffix of object files
configure:3652: mipsel-linux-gcc -c   conftest.c >&5
configure:3656: $? = 0
configure:3677: result: o
configure:3681: checking whether we are using the GNU C compiler
configure:3700: mipsel-linux-gcc -c   conftest.c >&5
configure:3700: $? = 0
configure:3709: result: yes
configure:3718: checking whether mipsel-linux-gcc accepts -g
configure:3738: mipsel-linux-gcc -c -g  conftest.c >&5
configure:3738: $? = 0
configure:3779: result: yes
configure:3796: checking for mipsel-linux-gcc option to accept ISO C89
configure:3859: mipsel-linux-gcc  -c -g -O2  conftest.c >&5
configure:3859: $? = 0
configure:3872: result: none needed
configure:3897: checking whether mipsel-linux-gcc understands -c and -o together
configure:3919: mipsel-linux-gcc -c conftest.c -o conftest2.o
configure:3922: $? = 0
configure:3919: mipsel-linux-gcc -c conftest.c -o conftest2.o
configure:3922: $? = 0
configure:3934: result: yes
configure:3962: checking for style of include used by make
configure:3990: result: GNU
configure:4016: checking dependency style of mipsel-linux-gcc
configure:4127: result: gcc3
configure:4147: checking how to run the C preprocessor
configure:4178: mipsel-linux-gcc -E  conftest.c
configure:4178: $? = 0
configure:4192: mipsel-linux-gcc -E  conftest.c
conftest.c:11:28: fatal error: ac_nonexistent.h: No such file or directory
compilation terminated.
configure:4192: $? = 1
configure: failed program was:
| /* confdefs.h */
| #define PACKAGE_NAME "libvorbis"
| #define PACKAGE_TARNAME "libvorbis"
| #define PACKAGE_VERSION "1.3.5"
| #define PACKAGE_STRING "libvorbis 1.3.5"
| #define PACKAGE_BUGREPORT "vorbis-dev@xiph.org"
| #define PACKAGE_URL ""
| #define PACKAGE "libvorbis"
| #define VERSION "1.3.5"
| /* end confdefs.h.  */
| #include <ac_nonexistent.h>
configure:4217: result: mipsel-linux-gcc -E
configure:4237: mipsel-linux-gcc -E  conftest.c
configure:4237: $? = 0
configure:4251: mipsel-linux-gcc -E  conftest.c
conftest.c:11:28: fatal error: ac_nonexistent.h: No such file or directory
compilation terminated.
configure:4251: $? = 1
configure: failed program was:
| /* confdefs.h */
| #define PACKAGE_NAME "libvorbis"
| #define PACKAGE_TARNAME "libvorbis"
| #define PACKAGE_VERSION "1.3.5"
| #define PACKAGE_STRING "libvorbis 1.3.5"
| #define PACKAGE_BUGREPORT "vorbis-dev@xiph.org"
| #define PACKAGE_URL ""
| #define PACKAGE "libvorbis"
| #define VERSION "1.3.5"
| /* end confdefs.h.  */
| #include <ac_nonexistent.h>
configure:4282: checking for inline
configure:4298: mipsel-linux-gcc -c   conftest.c >&5
configure:4298: $? = 0
configure:4306: result: inline
configure:4674: checking how to print strings
configure:4701: result: printf
configure:4722: checking for a sed that does not truncate output
configure:4786: result: /bin/sed
configure:4804: checking for grep that handles long lines and -e
configure:4862: result: /bin/grep
configure:4867: checking for egrep
configure:4929: result: /bin/grep -E
configure:4934: checking for fgrep
configure:4996: result: /bin/grep -F
configure:5031: checking for ld used by mipsel-linux-gcc
configure:5098: result: mipsel-linux-ld
configure:5105: checking if the linker (mipsel-linux-ld) is GNU ld
configure:5120: result: yes
configure:5132: checking for BSD- or MS-compatible name lister (nm)
configure:5186: result: /home/steward/Downloads/buildroot-2017.02.9/output/host/usr/bin//mipsel-linux-nm -B
configure:5316: checking the name lister (/home/steward/Downloads/buildroot-2017.02.9/output/host/usr/bin//mipsel-linux-nm -B) interface
configure:5323: mipsel-linux-gcc -c   conftest.c >&5
configure:5326: /home/steward/Downloads/buildroot-2017.02.9/output/host/usr/bin//mipsel-linux-nm -B "conftest.o"
configure:5329: output
00000000 B some_variable
configure:5336: result: BSD nm
configure:5339: checking whether ln -s works
configure:5343: result: yes
configure:5351: checking the maximum length of command line arguments
configure:5482: result: 1572864
configure:5530: checking how to convert x86_64-unknown-linux-uclibc file names to mipsel-unknown-linux-gnu format
configure:5570: result: func_convert_file_noop
configure:5577: checking how to convert x86_64-unknown-linux-uclibc file names to toolchain format
configure:5597: result: func_convert_file_noop
configure:5604: checking for mipsel-linux-ld option to reload object files
configure:5611: result: -r
configure:5645: checking for mipsel-linux-objdump
configure:5672: result: objdump
configure:5741: checking how to recognize dependent libraries
configure:5941: result: pass_all
configure:5986: checking for mipsel-linux-dlltool
configure:6013: result: dlltool
configure:6083: checking how to associate runtime and link libraries
configure:6110: result: printf %s\n
configure:6126: checking for mipsel-linux-ar
configure:6142: found /home/steward/Downloads/buildroot-2017.02.9/output/host/usr/bin//mipsel-linux-ar
configure:6153: result: mipsel-linux-ar
configure:6234: checking for archiver @FILE support
configure:6251: mipsel-linux-gcc -c   conftest.c >&5
configure:6251: $? = 0
configure:6254: mipsel-linux-ar cru libconftest.a @conftest.lst >&5
configure:6257: $? = 0
configure:6262: mipsel-linux-ar cru libconftest.a @conftest.lst >&5
mipsel-linux-ar: conftest.o: No such file or directory
configure:6265: $? = 1
configure:6277: result: @
configure:6295: checking for mipsel-linux-strip
configure:6322: result: mipsel-linux-strip
configure:6394: checking for mipsel-linux-ranlib
configure:6410: found /home/steward/Downloads/buildroot-2017.02.9/output/host/usr/bin//mipsel-linux-ranlib
configure:6421: result: mipsel-linux-ranlib
configure:6563: checking command to parse /home/steward/Downloads/buildroot-2017.02.9/output/host/usr/bin//mipsel-linux-nm -B output from mipsel-linux-gcc object
configure:6716: mipsel-linux-gcc -c   conftest.c >&5
configure:6719: $? = 0
configure:6723: /home/steward/Downloads/buildroot-2017.02.9/output/host/usr/bin//mipsel-linux-nm -B conftest.o \| sed -n -e 's/^.*[ ]\([ABCDGIRSTW][ABCDGIRSTW]*\)[ ][ ]*\([_A-Za-z][_A-Za-z0-9]*\)$/\1 \2 \2/p' | sed '/ __gnu_lto/d' \> conftest.nm
configure:6726: $? = 0
configure:6792: mipsel-linux-gcc -o conftest    conftest.c conftstm.o >&5
configure:6795: $? = 0
configure:6833: result: ok
configure:6880: checking for sysroot
configure:6910: result: no
configure:6917: checking for a working dd
configure:6955: result: /bin/dd
configure:6959: checking how to truncate binary pipes
configure:6974: result: /bin/dd bs=4096 count=1
configure:7263: checking for mipsel-linux-mt
configure:7293: result: no
configure:7303: checking for mt
configure:7319: found /bin/mt
configure:7330: result: mt
configure:7342: WARNING: using cross tools not prefixed with host triplet
configure:7353: checking if mt is a manifest tool
configure:7359: mt '-?'
configure:7367: result: no
configure:8040: checking for ANSI C header files
configure:8060: mipsel-linux-gcc -c   conftest.c >&5
configure:8060: $? = 0
configure:8144: result: yes
configure:8157: checking for sys/types.h
configure:8157: mipsel-linux-gcc -c   conftest.c >&5
configure:8157: $? = 0
configure:8157: result: yes
configure:8157: checking for sys/stat.h
configure:8157: mipsel-linux-gcc -c   conftest.c >&5
configure:8157: $? = 0
configure:8157: result: yes
configure:8157: checking for stdlib.h
configure:8157: mipsel-linux-gcc -c   conftest.c >&5
configure:8157: $? = 0
configure:8157: result: yes
configure:8157: checking for string.h
configure:8157: mipsel-linux-gcc -c   conftest.c >&5
configure:8157: $? = 0
configure:8157: result: yes
configure:8157: checking for memory.h
configure:8157: mipsel-linux-gcc -c   conftest.c >&5
configure:8157: $? = 0
configure:8157: result: yes
configure:8157: checking for strings.h
configure:8157: mipsel-linux-gcc -c   conftest.c >&5
configure:8157: $? = 0
configure:8157: result: yes
configure:8157: checking for inttypes.h
configure:8157: mipsel-linux-gcc -c   conftest.c >&5
configure:8157: $? = 0
configure:8157: result: yes
configure:8157: checking for stdint.h
configure:8157: mipsel-linux-gcc -c   conftest.c >&5
configure:8157: $? = 0
configure:8157: result: yes
configure:8157: checking for unistd.h
configure:8157: mipsel-linux-gcc -c   conftest.c >&5
configure:8157: $? = 0
configure:8157: result: yes
configure:8171: checking for dlfcn.h
configure:8171: mipsel-linux-gcc -c   conftest.c >&5
configure:8171: $? = 0
configure:8171: result: yes
configure:8425: checking for objdir
configure:8440: result: .libs
configure:8700: checking if mipsel-linux-gcc supports -fno-rtti -fno-exceptions
configure:8718: mipsel-linux-gcc -c   -fno-rtti -fno-exceptions conftest.c >&5
cc1: warning: command line option '-fno-rtti' is valid for C++/ObjC++ but not for C
configure:8722: $? = 0
configure:8735: result: no
configure:9093: checking for mipsel-linux-gcc option to produce PIC
configure:9100: result: -fPIC -DPIC
configure:9108: checking if mipsel-linux-gcc PIC flag -fPIC -DPIC works
configure:9126: mipsel-linux-gcc -c   -fPIC -DPIC -DPIC conftest.c >&5
configure:9130: $? = 0
configure:9143: result: yes
configure:9172: checking if mipsel-linux-gcc static flag -static works
configure:9200: result: yes
configure:9215: checking if mipsel-linux-gcc supports -c -o file.o
configure:9236: mipsel-linux-gcc -c   -o out/conftest2.o conftest.c >&5
configure:9240: $? = 0
configure:9262: result: yes
configure:9270: checking if mipsel-linux-gcc supports -c -o file.o
configure:9317: result: yes
configure:9350: checking whether the mipsel-linux-gcc linker (mipsel-linux-ld) supports shared libraries
configure:10609: result: yes
configure:10646: checking whether -lc should be explicitly linked in
configure:10654: mipsel-linux-gcc -c   conftest.c >&5
configure:10657: $? = 0
configure:10672: mipsel-linux-gcc -shared  -fPIC -DPIC conftest.o  -v -Wl,-soname -Wl,conftest -o conftest 2\>\&1 \| /bin/grep  -lc  \>/dev/null 2\>\&1
configure:10675: $? = 0
configure:10689: result: no
configure:10849: checking dynamic linker characteristics
configure:11430: mipsel-linux-gcc -o conftest    -Wl,-rpath -Wl,/foo conftest.c  >&5
configure:11430: $? = 0
configure:11667: result: GNU/Linux ld.so
configure:11789: checking how to hardcode library paths into programs
configure:11814: result: immediate
configure:12362: checking whether stripping libraries is possible
configure:12367: result: yes
configure:12402: checking if libtool supports shared libraries
configure:12404: result: yes
configure:12407: checking whether to build shared libraries
configure:12432: result: yes
configure:12435: checking whether to build static libraries
configure:12439: result: yes
configure:12680: checking GCC version
configure:12683: result: 5.4.0
configure:12824: checking if mipsel-linux-gcc accepts -Wdeclaration-after-statement
configure:12839: mipsel-linux-gcc -o conftest -g -Wall -Wextra -ffast-math -D_REENTRANT -fsigned-char -Wdeclaration-after-statement   conftest.c  >&5
configure:12839: $? = 0
configure:12840: result: yes
configure:12854: checking for memory.h
configure:12854: result: yes
configure:12866: checking for cos in -lm
configure:12891: mipsel-linux-gcc -o conftest -g -Wall -Wextra -ffast-math -D_REENTRANT -fsigned-char -Wdeclaration-after-statement  -DUSE_MEMORY_H   conftest.c -lm   >&5
conftest.c:30:6: warning: conflicting types for built-in function 'cos'
 char cos ();
      ^
configure:12891: $? = 0
configure:12900: result: yes
configure:12908: checking for pthread_create in -lpthread
configure:12933: mipsel-linux-gcc -o conftest -g -Wall -Wextra -ffast-math -D_REENTRANT -fsigned-char -Wdeclaration-after-statement  -DUSE_MEMORY_H   conftest.c -lpthread   >&5
configure:12933: $? = 0
configure:12942: result: yes
configure:12957: checking for mipsel-linux-pkg-config
configure:12990: result: no
configure:13000: checking for pkg-config
configure:13018: found /usr/bin/pkg-config
configure:13030: result: /usr/bin/pkg-config
configure:13055: checking pkg-config is at least version 0.9.0
configure:13058: result: yes
configure:13073: checking for OGG
configure:13081: $PKG_CONFIG --exists --print-errors "ogg >= 1.0"
configure:13084: $? = 0
configure:13099: $PKG_CONFIG --exists --print-errors "ogg >= 1.0"
configure:13102: $? = 0
configure:13138: result: yes
configure:13321: checking for size_t
configure:13321: mipsel-linux-gcc -c -g -Wall -Wextra -ffast-math -D_REENTRANT -fsigned-char -Wdeclaration-after-statement  -DUSE_MEMORY_H  conftest.c >&5
configure:13321: $? = 0
configure:13321: mipsel-linux-gcc -c -g -Wall -Wextra -ffast-math -D_REENTRANT -fsigned-char -Wdeclaration-after-statement  -DUSE_MEMORY_H  conftest.c >&5
conftest.c: In function 'main':
conftest.c:59:21: error: expected expression before ')' token
 if (sizeof ((size_t)))
                     ^
configure:13321: $? = 1
configure: failed program was:
| /* confdefs.h */
| #define PACKAGE_NAME "libvorbis"
| #define PACKAGE_TARNAME "libvorbis"
| #define PACKAGE_VERSION "1.3.5"
| #define PACKAGE_STRING "libvorbis 1.3.5"
| #define PACKAGE_BUGREPORT "vorbis-dev@xiph.org"
| #define PACKAGE_URL ""
| #define PACKAGE "libvorbis"
| #define VERSION "1.3.5"
| #define STDC_HEADERS 1
| #define HAVE_SYS_TYPES_H 1
| #define HAVE_SYS_STAT_H 1
| #define HAVE_STDLIB_H 1
| #define HAVE_STRING_H 1
| #define HAVE_MEMORY_H 1
| #define HAVE_STRINGS_H 1
| #define HAVE_INTTYPES_H 1
| #define HAVE_STDINT_H 1
| #define HAVE_UNISTD_H 1
| #define HAVE_DLFCN_H 1
| #define LT_OBJDIR ".libs/"
| /* end confdefs.h.  */
| #include <stdio.h>
| #ifdef HAVE_SYS_TYPES_H
| # include <sys/types.h>
| #endif
| #ifdef HAVE_SYS_STAT_H
| # include <sys/stat.h>
| #endif
| #ifdef STDC_HEADERS
| # include <stdlib.h>
| # include <stddef.h>
| #else
| # ifdef HAVE_STDLIB_H
| #  include <stdlib.h>
| # endif
| #endif
| #ifdef HAVE_STRING_H
| # if !defined STDC_HEADERS && defined HAVE_MEMORY_H
| #  include <memory.h>
| # endif
| # include <string.h>
| #endif
| #ifdef HAVE_STRINGS_H
| # include <strings.h>
| #endif
| #ifdef HAVE_INTTYPES_H
| # include <inttypes.h>
| #endif
| #ifdef HAVE_STDINT_H
| # include <stdint.h>
| #endif
| #ifdef HAVE_UNISTD_H
| # include <unistd.h>
| #endif
| int
| main ()
| {
| if (sizeof ((size_t)))
| 	    return 0;
|   ;
|   return 0;
| }
configure:13321: result: yes
configure:13334: checking for working alloca.h
configure:13351: mipsel-linux-gcc -o conftest -g -Wall -Wextra -ffast-math -D_REENTRANT -fsigned-char -Wdeclaration-after-statement  -DUSE_MEMORY_H   conftest.c  >&5
configure:13351: $? = 0
configure:13359: result: yes
configure:13367: checking for alloca
configure:13404: mipsel-linux-gcc -o conftest -g -Wall -Wextra -ffast-math -D_REENTRANT -fsigned-char -Wdeclaration-after-statement  -DUSE_MEMORY_H   conftest.c  >&5
configure:13404: $? = 0
configure:13412: result: yes
configure:13518: checking for working memcmp
configure:13571: result: no
configure:13703: checking that generated files are newer than configure
configure:13709: result: done
configure:13748: creating ./config.status

## ---------------- ##
## Cache variables. ##
## ---------------- ##

ac_cv_build=x86_64-unknown-linux-uclibc
ac_cv_c_compiler_gnu=yes
ac_cv_c_inline=inline
ac_cv_env_CC_set=set
ac_cv_env_CC_value=mipsel-linux-gcc
ac_cv_env_CFLAGS_set=
ac_cv_env_CFLAGS_value=
ac_cv_env_CPPFLAGS_set=
ac_cv_env_CPPFLAGS_value=
ac_cv_env_CPP_set=
ac_cv_env_CPP_value=
ac_cv_env_LDFLAGS_set=
ac_cv_env_LDFLAGS_value=
ac_cv_env_LIBS_set=
ac_cv_env_LIBS_value=
ac_cv_env_LT_SYS_LIBRARY_PATH_set=
ac_cv_env_LT_SYS_LIBRARY_PATH_value=
ac_cv_env_OGG_CFLAGS_set=
ac_cv_env_OGG_CFLAGS_value=
ac_cv_env_OGG_LIBS_set=
ac_cv_env_OGG_LIBS_value=
ac_cv_env_PKG_CONFIG_set=
ac_cv_env_PKG_CONFIG_value=
ac_cv_env_build_alias_set=
ac_cv_env_build_alias_value=
ac_cv_env_host_alias_set=set
ac_cv_env_host_alias_value=mipsel-linux
ac_cv_env_target_alias_set=
ac_cv_env_target_alias_value=
ac_cv_func_alloca_works=yes
ac_cv_func_memcmp_working=no
ac_cv_header_dlfcn_h=yes
ac_cv_header_inttypes_h=yes
ac_cv_header_memory_h=yes
ac_cv_header_stdc=yes
ac_cv_header_stdint_h=yes
ac_cv_header_stdlib_h=yes
ac_cv_header_string_h=yes
ac_cv_header_strings_h=yes
ac_cv_header_sys_stat_h=yes
ac_cv_header_sys_types_h=yes
ac_cv_header_unistd_h=yes
ac_cv_host=mipsel-unknown-linux-gnu
ac_cv_lib_m_cos=yes
ac_cv_lib_pthread_pthread_create=yes
ac_cv_objext=o
ac_cv_path_EGREP='/bin/grep -E'
ac_cv_path_FGREP='/bin/grep -F'
ac_cv_path_GREP=/bin/grep
ac_cv_path_SED=/bin/sed
ac_cv_path_ac_pt_PKG_CONFIG=/usr/bin/pkg-config
ac_cv_path_install='/usr/bin/install -c'
ac_cv_path_lt_DD=/bin/dd
ac_cv_path_mkdir=/bin/mkdir
ac_cv_prog_AR=mipsel-linux-ar
ac_cv_prog_AWK=gawk
ac_cv_prog_CC=mipsel-linux-gcc
ac_cv_prog_CPP='mipsel-linux-gcc -E'
ac_cv_prog_DLLTOOL=dlltool
ac_cv_prog_OBJDUMP=objdump
ac_cv_prog_RANLIB=mipsel-linux-ranlib
ac_cv_prog_STRIP=mipsel-linux-strip
ac_cv_prog_ac_ct_MANIFEST_TOOL=mt
ac_cv_prog_cc_c89=
ac_cv_prog_cc_g=yes
ac_cv_prog_make_make_set=yes
ac_cv_target=mipsel-unknown-linux-gnu
ac_cv_type_size_t=yes
ac_cv_working_alloca_h=yes
am_cv_CC_dependencies_compiler_type=gcc3
am_cv_make_support_nested_variables=yes
am_cv_prog_cc_c_o=yes
lt_cv_ar_at_file=@
lt_cv_archive_cmds_need_lc=no
lt_cv_deplibs_check_method=pass_all
lt_cv_file_magic_cmd='$MAGIC_CMD'
lt_cv_file_magic_test_file=
lt_cv_ld_reload_flag=-r
lt_cv_nm_interface='BSD nm'
lt_cv_objdir=.libs
lt_cv_path_LD=mipsel-linux-ld
lt_cv_path_NM='/home/steward/Downloads/buildroot-2017.02.9/output/host/usr/bin//mipsel-linux-nm -B'
lt_cv_path_mainfest_tool=no
lt_cv_prog_compiler_c_o=yes
lt_cv_prog_compiler_pic='-fPIC -DPIC'
lt_cv_prog_compiler_pic_works=yes
lt_cv_prog_compiler_rtti_exceptions=no
lt_cv_prog_compiler_static_works=yes
lt_cv_prog_gnu_ld=yes
lt_cv_sharedlib_from_linklib_cmd='printf %s\n'
lt_cv_shlibpath_overrides_runpath=no
lt_cv_sys_global_symbol_pipe='sed -n -e '\''s/^.*[	 ]\([ABCDGIRSTW][ABCDGIRSTW]*\)[	 ][	 ]*\([_A-Za-z][_A-Za-z0-9]*\)$/\1 \2 \2/p'\'' | sed '\''/ __gnu_lto/d'\'''
lt_cv_sys_global_symbol_to_c_name_address='sed -n -e '\''s/^: \(.*\) .*$/  {"\1", (void *) 0},/p'\'' -e '\''s/^[ABCDGIRSTW][ABCDGIRSTW]* .* \(.*\)$/  {"\1", (void *) \&\1},/p'\'''
lt_cv_sys_global_symbol_to_c_name_address_lib_prefix='sed -n -e '\''s/^: \(.*\) .*$/  {"\1", (void *) 0},/p'\'' -e '\''s/^[ABCDGIRSTW][ABCDGIRSTW]* .* \(lib.*\)$/  {"\1", (void *) \&\1},/p'\'' -e '\''s/^[ABCDGIRSTW][ABCDGIRSTW]* .* \(.*\)$/  {"lib\1", (void *) \&\1},/p'\'''
lt_cv_sys_global_symbol_to_cdecl='sed -n -e '\''s/^T .* \(.*\)$/extern int \1();/p'\'' -e '\''s/^[ABCDGIRSTW][ABCDGIRSTW]* .* \(.*\)$/extern char \1;/p'\'''
lt_cv_sys_global_symbol_to_import=
lt_cv_sys_max_cmd_len=1572864
lt_cv_to_host_file_cmd=func_convert_file_noop
lt_cv_to_tool_file_cmd=func_convert_file_noop
lt_cv_truncate_bin='/bin/dd bs=4096 count=1'
pkg_cv_OGG_CFLAGS=
pkg_cv_OGG_LIBS=-logg

## ----------------- ##
## Output variables. ##
## ----------------- ##

ACLOCAL='${SHELL} /home/steward/Github/gh_retrogame_emulator/libvorbis/missing aclocal-1.15'
ACLOCAL_AMFLAGS='-I m4'
ALLOCA=''
AMDEPBACKSLASH='\'
AMDEP_FALSE='#'
AMDEP_TRUE=''
AMTAR='$${TAR-tar}'
AM_BACKSLASH='\'
AM_DEFAULT_V='$(AM_DEFAULT_VERBOSITY)'
AM_DEFAULT_VERBOSITY='1'
AM_V='$(V)'
AR='mipsel-linux-ar'
AS='mipsel-linux-as'
AUTOCONF='${SHELL} /home/steward/Github/gh_retrogame_emulator/libvorbis/missing autoconf'
AUTOHEADER='${SHELL} /home/steward/Github/gh_retrogame_emulator/libvorbis/missing autoheader'
AUTOMAKE='${SHELL} /home/steward/Github/gh_retrogame_emulator/libvorbis/missing automake-1.15'
AWK='gawk'
BUILD_DOCS_FALSE=''
BUILD_DOCS_TRUE='#'
BUILD_EXAMPLES_FALSE=''
BUILD_EXAMPLES_TRUE='#'
CC='mipsel-linux-gcc'
CCDEPMODE='depmode=gcc3'
CFLAGS='-g -Wall -Wextra -ffast-math -D_REENTRANT -fsigned-char -Wdeclaration-after-statement  -DUSE_MEMORY_H'
CPP='mipsel-linux-gcc -E'
CPPFLAGS=''
CYGPATH_W='echo'
DEBUG='-g -Wall -Wextra -D_REENTRANT -D__NO_MATH_INLINES -fsigned-char'
DEFS='-DHAVE_CONFIG_H'
DEPDIR='.deps'
DLLTOOL='dlltool'
DSYMUTIL=''
DUMPBIN=''
ECHO_C=''
ECHO_N='-n'
ECHO_T=''
EGREP='/bin/grep -E'
EXEEXT=''
FGREP='/bin/grep -F'
GREP='/bin/grep'
HAVE_DOXYGEN='false'
HAVE_DOXYGEN_FALSE=''
HAVE_DOXYGEN_TRUE='#'
HTLATEX=''
INSTALL_DATA='${INSTALL} -m 644'
INSTALL_PROGRAM='${INSTALL}'
INSTALL_SCRIPT='${INSTALL}'
INSTALL_STRIP_PROGRAM='$(install_sh) -c -s'
LD='mipsel-linux-ld'
LDFLAGS=''
LIBOBJS=' ${LIBOBJDIR}memcmp$U.o'
LIBS=''
LIBTOOL='$(SHELL) $(top_builddir)/libtool'
LIBTOOL_DEPS='./ltmain.sh'
LIPO=''
LN_S='ln -s'
LTLIBOBJS=' ${LIBOBJDIR}memcmp$U.lo'
LT_SYS_LIBRARY_PATH=''
MAINT='#'
MAINTAINER_MODE_FALSE=''
MAINTAINER_MODE_TRUE='#'
MAKEINFO='${SHELL} /home/steward/Github/gh_retrogame_emulator/libvorbis/missing makeinfo'
MANIFEST_TOOL=':'
MKDIR_P='/bin/mkdir -p'
NM='/home/steward/Downloads/buildroot-2017.02.9/output/host/usr/bin//mipsel-linux-nm -B'
NMEDIT=''
OBJDUMP='objdump'
OBJEXT='o'
OGG_CFLAGS=''
OGG_LIBS='-logg'
OTOOL64=''
OTOOL=''
PACKAGE='libvorbis'
PACKAGE_BUGREPORT='vorbis-dev@xiph.org'
PACKAGE_NAME='libvorbis'
PACKAGE_STRING='libvorbis 1.3.5'
PACKAGE_TARNAME='libvorbis'
PACKAGE_URL=''
PACKAGE_VERSION='1.3.5'
PATH_SEPARATOR=':'
PDFLATEX=''
PKG_CONFIG='/usr/bin/pkg-config'
PROFILE='-pg -g -g -ffast-math -D_REENTRANT -fsigned-char'
RANLIB='mipsel-linux-ranlib'
SED='/bin/sed'
SET_MAKE=''
SHELL='/bin/bash'
STRIP='mipsel-linux-strip'
VERSION='1.3.5'
VE_LIB_AGE='0'
VE_LIB_CURRENT='2'
VE_LIB_REVISION='11'
VF_LIB_AGE='3'
VF_LIB_CURRENT='6'
VF_LIB_REVISION='7'
VORBIS_LIBS='-lm'
V_LIB_AGE='4'
V_LIB_CURRENT='4'
V_LIB_REVISION='8'
ac_ct_AR=''
ac_ct_CC=''
ac_ct_DUMPBIN=''
am__EXEEXT_FALSE=''
am__EXEEXT_TRUE='#'
am__fastdepCC_FALSE='#'
am__fastdepCC_TRUE=''
am__include='include'
am__isrc=''
am__leading_dot='.'
am__nodep='_no'
am__quote=''
am__tar='$${TAR-tar} chof - "$$tardir"'
am__untar='$${TAR-tar} xf -'
bindir='${exec_prefix}/bin'
build='x86_64-unknown-linux-uclibc'
build_alias=''
build_cpu='x86_64'
build_os='linux-uclibc'
build_vendor='unknown'
datadir='${datarootdir}'
datarootdir='${prefix}/share'
docdir='${datarootdir}/doc/${PACKAGE_TARNAME}'
dvidir='${docdir}'
exec_prefix='${prefix}'
host='mipsel-unknown-linux-gnu'
host_alias='mipsel-linux'
host_cpu='mipsel'
host_os='linux-gnu'
host_vendor='unknown'
htmldir='${docdir}'
includedir='${prefix}/include'
infodir='${datarootdir}/info'
install_sh='${SHELL} /home/steward/Github/gh_retrogame_emulator/libvorbis/install-sh'
libdir='${exec_prefix}/lib'
libexecdir='${exec_prefix}/libexec'
localedir='${datarootdir}/locale'
localstatedir='${prefix}/var'
mandir='${datarootdir}/man'
mkdir_p='$(MKDIR_P)'
oldincludedir='/usr/include'
pdfdir='${docdir}'
prefix='/usr/local'
program_transform_name='s,x,x,'
psdir='${docdir}'
pthread_lib='-lpthread'
sbindir='${exec_prefix}/sbin'
sharedstatedir='${prefix}/com'
sysconfdir='${prefix}/etc'
target='mipsel-unknown-linux-gnu'
target_alias=''
target_cpu='mipsel'
target_os='linux-gnu'
target_vendor='unknown'

## ----------- ##
## confdefs.h. ##
## ----------- ##

/* confdefs.h */
#define PACKAGE_NAME "libvorbis"
#define PACKAGE_TARNAME "libvorbis"
#define PACKAGE_VERSION "1.3.5"
#define PACKAGE_STRING "libvorbis 1.3.5"
#define PACKAGE_BUGREPORT "vorbis-dev@xiph.org"
#define PACKAGE_URL ""
#define PACKAGE "libvorbis"
#define VERSION "1.3.5"
#define STDC_HEADERS 1
#define HAVE_SYS_TYPES_H 1
#define HAVE_SYS_STAT_H 1
#define HAVE_STDLIB_H 1
#define HAVE_STRING_H 1
#define HAVE_MEMORY_H 1
#define HAVE_STRINGS_H 1
#define HAVE_INTTYPES_H 1
#define HAVE_STDINT_H 1
#define HAVE_UNISTD_H 1
#define HAVE_DLFCN_H 1
#define LT_OBJDIR ".libs/"
#define HAVE_ALLOCA_H 1
#define HAVE_ALLOCA 1

configure: exit 0

## ---------------------- ##
## Running config.status. ##
## ---------------------- ##

This file was extended by libvorbis config.status 1.3.5, which was
generated by GNU Autoconf 2.69.  Invocation command line was

  CONFIG_FILES    = 
  CONFIG_HEADERS  = 
  CONFIG_LINKS    = 
  CONFIG_COMMANDS = 
  $ ./config.status 

on debian

config.status:1146: creating Makefile
config.status:1146: creating m4/Makefile
config.status:1146: creating lib/Makefile
config.status:1146: creating lib/modes/Makefile
config.status:1146: creating lib/books/Makefile
config.status:1146: creating lib/books/coupled/Makefile
config.status:1146: creating lib/books/uncoupled/Makefile
config.status:1146: creating lib/books/floor/Makefile
config.status:1146: creating doc/Makefile
config.status:1146: creating doc/vorbisfile/Makefile
config.status:1146: creating doc/vorbisenc/Makefile
config.status:1146: creating doc/libvorbis/Makefile
config.status:1146: creating doc/Doxyfile
config.status:1146: creating include/Makefile
config.status:1146: creating include/vorbis/Makefile
config.status:1146: creating examples/Makefile
config.status:1146: creating test/Makefile
config.status:1146: creating vq/Makefile
config.status:1146: creating libvorbis.spec
config.status:1146: creating vorbis.pc
config.status:1146: creating vorbisenc.pc
config.status:1146: creating vorbisfile.pc
config.status:1146: creating vorbis-uninstalled.pc
config.status:1146: creating vorbisenc-uninstalled.pc
config.status:1146: creating vorbisfile-uninstalled.pc
config.status:1146: creating config.h
config.status:1327: config.h is unchanged
config.status:1375: executing depfiles commands
config.status:1375: executing libtool commands
