This file contains any messages produced by compilers while
running configure, to aid debugging if configure makes a mistake.

It was created by configure, which was
generated by GNU Autoconf 2.61.  Invocation command line was

  $ ./configure --host=mipsel-linux --prefix=/home/steward/Downloads/buildroot-2017.02.9/output/host/usr/ host_alias=mipsel-linux CC=mipsel-linux-gcc CXX=mipsel-linux-g++ --no-create --no-recursion

## --------- ##
## Platform. ##
## --------- ##

hostname = debian
uname -m = x86_64
uname -r = 4.9.0-4-amd64
uname -s = Linux
uname -v = #1 SMP Debian 4.9.65-3 (2017-12-03)

/usr/bin/uname -p = unknown
/bin/uname -X     = unknown

/bin/arch              = unknown
/usr/bin/arch -k       = unknown
/usr/convex/getsysinfo = unknown
/usr/bin/hostinfo      = unknown
/bin/machine           = unknown
/usr/bin/oslevel       = unknown
/bin/universe          = unknown

PATH: /usr/local/bin
PATH: /usr/bin
PATH: /bin
PATH: /usr/local/games
PATH: /usr/games
PATH: /home/steward/Downloads/buildroot-2017.02.9/output/host/usr/bin/


## ----------- ##
## Core tests. ##
## ----------- ##

configure:2061: checking build system type
configure:2079: result: x86_64-unknown-linux-gnu
configure:2101: checking host system type
configure:2116: result: mipsel-unknown-linux-gnu
configure:2154: checking for a BSD-compatible install
configure:2210: result: /usr/bin/install -c
configure:2221: checking whether build environment is sane
configure:2264: result: yes
configure:2292: checking for a thread-safe mkdir -p
configure:2331: result: /bin/mkdir -p
configure:2344: checking for gawk
configure:2360: found /usr/bin/gawk
configure:2371: result: gawk
configure:2382: checking whether make sets $(MAKE)
configure:2403: result: yes
configure:2483: checking for mipsel-linux-strip
configure:2499: found /home/steward/Downloads/buildroot-2017.02.9/output/host/usr/bin//mipsel-linux-strip
configure:2510: result: mipsel-linux-strip
configure:2593: checking whether make sets $(MAKE)
configure:2614: result: yes
configure:2631: checking for mipsel-linux-gcc
configure:2658: result: mipsel-linux-gcc
configure:2936: checking for C compiler version
configure:2943: mipsel-linux-gcc --version >&5
mipsel-linux-gcc.br_real (Buildroot 2017.02.9) 5.4.0
Copyright (C) 2015 Free Software Foundation, Inc.
This is free software; see the source for copying conditions.  There is NO
warranty; not even for MERCHANTABILITY or FITNESS FOR A PARTICULAR PURPOSE.

configure:2946: $? = 0
configure:2953: mipsel-linux-gcc -v >&5
Using built-in specs.
COLLECT_GCC=/home/steward/Downloads/buildroot-2017.02.9/output/host/usr/bin/mipsel-linux-gcc.br_real
COLLECT_LTO_WRAPPER=/home/steward/Downloads/buildroot-2017.02.9/output/host/usr/libexec/gcc/mipsel-buildroot-linux-uclibc/5.4.0/lto-wrapper
Target: mipsel-buildroot-linux-uclibc
Configured with: ./configure --prefix=/home/steward/Downloads/buildroot-2017.02.9/output/host/usr --sysconfdir=/home/steward/Downloads/buildroot-2017.02.9/output/host/etc --enable-static --target=mipsel-buildroot-linux-uclibc --with-sysroot=/home/steward/Downloads/buildroot-2017.02.9/output/host/usr/mipsel-buildroot-linux-uclibc/sysroot --disable-__cxa_atexit --with-gnu-ld --disable-libssp --disable-multilib --with-gmp=/home/steward/Downloads/buildroot-2017.02.9/output/host/usr --with-mpc=/home/steward/Downloads/buildroot-2017.02.9/output/host/usr --with-mpfr=/home/steward/Downloads/buildroot-2017.02.9/output/host/usr --with-pkgversion='Buildroot 2017.02.9' --with-bugurl=http://bugs.buildroot.net/ --disable-libquadmath --disable-libsanitizer --enable-tls --disable-libmudflap --enable-threads --without-isl --without-cloog --disable-decimal-float --with-arch=mips32 --with-abi=32 --enable-languages=c,c++ --with-build-time-tools=/home/steward/Downloads/buildroot-2017.02.9/output/host/usr/mipsel-buildroot-linux-uclibc/bin --enable-shared --disable-libgomp
Thread model: posix
gcc version 5.4.0 (Buildroot 2017.02.9) 
configure:2956: $? = 0
configure:2963: mipsel-linux-gcc -V >&5
mipsel-linux-gcc.br_real: error: unrecognized command line option '-V'
mipsel-linux-gcc.br_real: fatal error: no input files
compilation terminated.
configure:2966: $? = 1
configure:2989: checking for C compiler default output file name
configure:3016: mipsel-linux-gcc    conftest.c  >&5
configure:3019: $? = 0
configure:3057: result: a.out
configure:3074: checking whether the C compiler works
configure:3084: ./a.out
./configure: line 3085: ./a.out: cannot execute binary file: Exec format error
configure:3087: $? = 126
configure:3104: result: yes
configure:3111: checking whether we are cross compiling
configure:3113: result: yes
configure:3116: checking for suffix of executables
configure:3123: mipsel-linux-gcc -o conftest    conftest.c  >&5
configure:3126: $? = 0
configure:3150: result: 
configure:3156: checking for suffix of object files
configure:3182: mipsel-linux-gcc -c   conftest.c >&5
configure:3185: $? = 0
configure:3208: result: o
configure:3212: checking whether we are using the GNU C compiler
configure:3241: mipsel-linux-gcc -c   conftest.c >&5
configure:3247: $? = 0
configure:3264: result: yes
configure:3269: checking whether mipsel-linux-gcc accepts -g
configure:3299: mipsel-linux-gcc -c -g  conftest.c >&5
configure:3305: $? = 0
configure:3404: result: yes
configure:3421: checking for mipsel-linux-gcc option to accept ISO C89
configure:3495: mipsel-linux-gcc  -c -g -O2  conftest.c >&5
configure:3501: $? = 0
configure:3524: result: none needed
configure:3553: checking for style of include used by make
configure:3581: result: GNU
configure:3606: checking dependency style of mipsel-linux-gcc
configure:3697: result: gcc3
configure:3828: checking for C++ compiler version
configure:3835: mipsel-linux-g++ --version >&5
mipsel-linux-g++.br_real (Buildroot 2017.02.9) 5.4.0
Copyright (C) 2015 Free Software Foundation, Inc.
This is free software; see the source for copying conditions.  There is NO
warranty; not even for MERCHANTABILITY or FITNESS FOR A PARTICULAR PURPOSE.

configure:3838: $? = 0
configure:3845: mipsel-linux-g++ -v >&5
Using built-in specs.
COLLECT_GCC=/home/steward/Downloads/buildroot-2017.02.9/output/host/usr/bin/mipsel-linux-g++.br_real
COLLECT_LTO_WRAPPER=/home/steward/Downloads/buildroot-2017.02.9/output/host/usr/libexec/gcc/mipsel-buildroot-linux-uclibc/5.4.0/lto-wrapper
Target: mipsel-buildroot-linux-uclibc
Configured with: ./configure --prefix=/home/steward/Downloads/buildroot-2017.02.9/output/host/usr --sysconfdir=/home/steward/Downloads/buildroot-2017.02.9/output/host/etc --enable-static --target=mipsel-buildroot-linux-uclibc --with-sysroot=/home/steward/Downloads/buildroot-2017.02.9/output/host/usr/mipsel-buildroot-linux-uclibc/sysroot --disable-__cxa_atexit --with-gnu-ld --disable-libssp --disable-multilib --with-gmp=/home/steward/Downloads/buildroot-2017.02.9/output/host/usr --with-mpc=/home/steward/Downloads/buildroot-2017.02.9/output/host/usr --with-mpfr=/home/steward/Downloads/buildroot-2017.02.9/output/host/usr --with-pkgversion='Buildroot 2017.02.9' --with-bugurl=http://bugs.buildroot.net/ --disable-libquadmath --disable-libsanitizer --enable-tls --disable-libmudflap --enable-threads --without-isl --without-cloog --disable-decimal-float --with-arch=mips32 --with-abi=32 --enable-languages=c,c++ --with-build-time-tools=/home/steward/Downloads/buildroot-2017.02.9/output/host/usr/mipsel-buildroot-linux-uclibc/bin --enable-shared --disable-libgomp
Thread model: posix
gcc version 5.4.0 (Buildroot 2017.02.9) 
configure:3848: $? = 0
configure:3855: mipsel-linux-g++ -V >&5
mipsel-linux-g++.br_real: error: unrecognized command line option '-V'
mipsel-linux-g++.br_real: fatal error: no input files
compilation terminated.
configure:3858: $? = 1
configure:3861: checking whether we are using the GNU C++ compiler
configure:3890: mipsel-linux-g++ -c   conftest.cpp >&5
configure:3896: $? = 0
configure:3913: result: yes
configure:3918: checking whether mipsel-linux-g++ accepts -g
configure:3948: mipsel-linux-g++ -c -g  conftest.cpp >&5
configure:3954: $? = 0
configure:4053: result: yes
configure:4078: checking dependency style of mipsel-linux-g++
configure:4169: result: gcc3
configure:4193: checking dependency style of mipsel-linux-gcc
configure:4284: result: gcc3
configure:4639: checking for a sed that does not truncate output
configure:4718: result: /bin/sed
configure:4736: checking for grep that handles long lines and -e
configure:4810: result: /bin/grep
configure:4815: checking for egrep
configure:4893: result: /bin/grep -E
configure:4898: checking for fgrep
configure:4976: result: /bin/grep -F
configure:5011: checking for ld used by mipsel-linux-gcc
configure:5078: result: mipsel-linux-ld
configure:5087: checking if the linker (mipsel-linux-ld) is GNU ld
configure:5102: result: yes
configure:5114: checking for BSD- or MS-compatible name lister (nm)
configure:5163: result: /home/steward/Downloads/buildroot-2017.02.9/output/host/usr/bin//mipsel-linux-nm -B
configure:5285: checking the name lister (/home/steward/Downloads/buildroot-2017.02.9/output/host/usr/bin//mipsel-linux-nm -B) interface
configure:5292: mipsel-linux-gcc -c -g -O2  conftest.c >&5
configure:5295: /home/steward/Downloads/buildroot-2017.02.9/output/host/usr/bin//mipsel-linux-nm -B "conftest.o"
configure:5298: output
00000000 B some_variable
configure:5305: result: BSD nm
configure:5308: checking whether ln -s works
configure:5312: result: yes
configure:5320: checking the maximum length of command line arguments
configure:5446: result: 1572864
configure:5463: checking whether the shell understands some XSI constructs
configure:5473: result: yes
configure:5477: checking whether the shell understands "+="
configure:5483: result: yes
configure:5518: checking for mipsel-linux-ld option to reload object files
configure:5525: result: -r
configure:5554: checking for mipsel-linux-objdump
configure:5581: result: objdump
configure:5654: checking how to recognize dependent libraries
configure:5852: result: pass_all
configure:5872: checking for mipsel-linux-ar
configure:5888: found /home/steward/Downloads/buildroot-2017.02.9/output/host/usr/bin//mipsel-linux-ar
configure:5899: result: mipsel-linux-ar
configure:5981: checking for mipsel-linux-strip
configure:6008: result: mipsel-linux-strip
configure:6084: checking for mipsel-linux-ranlib
configure:6100: found /home/steward/Downloads/buildroot-2017.02.9/output/host/usr/bin//mipsel-linux-ranlib
configure:6111: result: mipsel-linux-ranlib
configure:6245: checking command to parse /home/steward/Downloads/buildroot-2017.02.9/output/host/usr/bin//mipsel-linux-nm -B output from mipsel-linux-gcc object
configure:6363: mipsel-linux-gcc -c -g -O2  conftest.c >&5
configure:6366: $? = 0
configure:6370: /home/steward/Downloads/buildroot-2017.02.9/output/host/usr/bin//mipsel-linux-nm -B conftest.o \| sed -n -e 's/^.*[	 ]\([ABCDGIRSTW][ABCDGIRSTW]*\)[	 ][	 ]*\([_A-Za-z][_A-Za-z0-9]*\)$/\1 \2 \2/p' \> conftest.nm
configure:6373: $? = 0
configure:6427: mipsel-linux-gcc -o conftest -g -O2   conftest.c conftstm.o >&5
configure:6430: $? = 0
configure:6468: result: ok
configure:7347: checking how to run the C preprocessor
configure:7387: mipsel-linux-gcc -E  conftest.c
configure:7393: $? = 0
configure:7424: mipsel-linux-gcc -E  conftest.c
conftest.c:10:28: fatal error: ac_nonexistent.h: No such file or directory
compilation terminated.
configure:7430: $? = 1
configure: failed program was:
| /* confdefs.h.  */
| #define PACKAGE_NAME ""
| #define PACKAGE_TARNAME ""
| #define PACKAGE_VERSION ""
| #define PACKAGE_STRING ""
| #define PACKAGE_BUGREPORT ""
| #define PACKAGE "smpeg"
| #define VERSION "0.4.5"
| /* end confdefs.h.  */
| #include <ac_nonexistent.h>
configure:7463: result: mipsel-linux-gcc -E
configure:7492: mipsel-linux-gcc -E  conftest.c
configure:7498: $? = 0
configure:7529: mipsel-linux-gcc -E  conftest.c
conftest.c:10:28: fatal error: ac_nonexistent.h: No such file or directory
compilation terminated.
configure:7535: $? = 1
configure: failed program was:
| /* confdefs.h.  */
| #define PACKAGE_NAME ""
| #define PACKAGE_TARNAME ""
| #define PACKAGE_VERSION ""
| #define PACKAGE_STRING ""
| #define PACKAGE_BUGREPORT ""
| #define PACKAGE "smpeg"
| #define VERSION "0.4.5"
| /* end confdefs.h.  */
| #include <ac_nonexistent.h>
configure:7573: checking for ANSI C header files
configure:7603: mipsel-linux-gcc -c -g -O2  conftest.c >&5
configure:7609: $? = 0
configure:7737: result: yes
configure:7761: checking for sys/types.h
configure:7782: mipsel-linux-gcc -c -g -O2  conftest.c >&5
configure:7788: $? = 0
configure:7804: result: yes
configure:7761: checking for sys/stat.h
configure:7782: mipsel-linux-gcc -c -g -O2  conftest.c >&5
configure:7788: $? = 0
configure:7804: result: yes
configure:7761: checking for stdlib.h
configure:7782: mipsel-linux-gcc -c -g -O2  conftest.c >&5
configure:7788: $? = 0
configure:7804: result: yes
configure:7761: checking for string.h
configure:7782: mipsel-linux-gcc -c -g -O2  conftest.c >&5
configure:7788: $? = 0
configure:7804: result: yes
configure:7761: checking for memory.h
configure:7782: mipsel-linux-gcc -c -g -O2  conftest.c >&5
configure:7788: $? = 0
configure:7804: result: yes
configure:7761: checking for strings.h
configure:7782: mipsel-linux-gcc -c -g -O2  conftest.c >&5
configure:7788: $? = 0
configure:7804: result: yes
configure:7761: checking for inttypes.h
configure:7782: mipsel-linux-gcc -c -g -O2  conftest.c >&5
configure:7788: $? = 0
configure:7804: result: yes
configure:7761: checking for stdint.h
configure:7782: mipsel-linux-gcc -c -g -O2  conftest.c >&5
configure:7788: $? = 0
configure:7804: result: yes
configure:7761: checking for unistd.h
configure:7782: mipsel-linux-gcc -c -g -O2  conftest.c >&5
configure:7788: $? = 0
configure:7804: result: yes
configure:7820: checking for dlfcn.h
configure:7841: mipsel-linux-gcc -c -g -O2  conftest.c >&5
configure:7847: $? = 0
configure:7863: result: yes
configure:7992: checking for C++ compiler version
configure:7999: mipsel-linux-g++ --version >&5
mipsel-linux-g++.br_real (Buildroot 2017.02.9) 5.4.0
Copyright (C) 2015 Free Software Foundation, Inc.
This is free software; see the source for copying conditions.  There is NO
warranty; not even for MERCHANTABILITY or FITNESS FOR A PARTICULAR PURPOSE.

configure:8002: $? = 0
configure:8009: mipsel-linux-g++ -v >&5
Using built-in specs.
COLLECT_GCC=/home/steward/Downloads/buildroot-2017.02.9/output/host/usr/bin/mipsel-linux-g++.br_real
COLLECT_LTO_WRAPPER=/home/steward/Downloads/buildroot-2017.02.9/output/host/usr/libexec/gcc/mipsel-buildroot-linux-uclibc/5.4.0/lto-wrapper
Target: mipsel-buildroot-linux-uclibc
Configured with: ./configure --prefix=/home/steward/Downloads/buildroot-2017.02.9/output/host/usr --sysconfdir=/home/steward/Downloads/buildroot-2017.02.9/output/host/etc --enable-static --target=mipsel-buildroot-linux-uclibc --with-sysroot=/home/steward/Downloads/buildroot-2017.02.9/output/host/usr/mipsel-buildroot-linux-uclibc/sysroot --disable-__cxa_atexit --with-gnu-ld --disable-libssp --disable-multilib --with-gmp=/home/steward/Downloads/buildroot-2017.02.9/output/host/usr --with-mpc=/home/steward/Downloads/buildroot-2017.02.9/output/host/usr --with-mpfr=/home/steward/Downloads/buildroot-2017.02.9/output/host/usr --with-pkgversion='Buildroot 2017.02.9' --with-bugurl=http://bugs.buildroot.net/ --disable-libquadmath --disable-libsanitizer --enable-tls --disable-libmudflap --enable-threads --without-isl --without-cloog --disable-decimal-float --with-arch=mips32 --with-abi=32 --enable-languages=c,c++ --with-build-time-tools=/home/steward/Downloads/buildroot-2017.02.9/output/host/usr/mipsel-buildroot-linux-uclibc/bin --enable-shared --disable-libgomp
Thread model: posix
gcc version 5.4.0 (Buildroot 2017.02.9) 
configure:8012: $? = 0
configure:8019: mipsel-linux-g++ -V >&5
mipsel-linux-g++.br_real: error: unrecognized command line option '-V'
mipsel-linux-g++.br_real: fatal error: no input files
compilation terminated.
configure:8022: $? = 1
configure:8025: checking whether we are using the GNU C++ compiler
configure:8077: result: yes
configure:8082: checking whether mipsel-linux-g++ accepts -g
configure:8217: result: yes
configure:8242: checking dependency style of mipsel-linux-g++
configure:8333: result: gcc3
configure:8356: checking how to run the C++ preprocessor
configure:8392: mipsel-linux-g++ -E  conftest.cpp
configure:8398: $? = 0
configure:8429: mipsel-linux-g++ -E  conftest.cpp
conftest.cpp:21:28: fatal error: ac_nonexistent.h: No such file or directory
compilation terminated.
configure:8435: $? = 1
configure: failed program was:
| /* confdefs.h.  */
| #define PACKAGE_NAME ""
| #define PACKAGE_TARNAME ""
| #define PACKAGE_VERSION ""
| #define PACKAGE_STRING ""
| #define PACKAGE_BUGREPORT ""
| #define PACKAGE "smpeg"
| #define VERSION "0.4.5"
| #define STDC_HEADERS 1
| #define HAVE_SYS_TYPES_H 1
| #define HAVE_SYS_STAT_H 1
| #define HAVE_STDLIB_H 1
| #define HAVE_STRING_H 1
| #define HAVE_MEMORY_H 1
| #define HAVE_STRINGS_H 1
| #define HAVE_INTTYPES_H 1
| #define HAVE_STDINT_H 1
| #define HAVE_UNISTD_H 1
| #define HAVE_DLFCN_H 1
| /* end confdefs.h.  */
| #include <ac_nonexistent.h>
configure:8468: result: mipsel-linux-g++ -E
configure:8497: mipsel-linux-g++ -E  conftest.cpp
configure:8503: $? = 0
configure:8534: mipsel-linux-g++ -E  conftest.cpp
conftest.cpp:21:28: fatal error: ac_nonexistent.h: No such file or directory
compilation terminated.
configure:8540: $? = 1
configure: failed program was:
| /* confdefs.h.  */
| #define PACKAGE_NAME ""
| #define PACKAGE_TARNAME ""
| #define PACKAGE_VERSION ""
| #define PACKAGE_STRING ""
| #define PACKAGE_BUGREPORT ""
| #define PACKAGE "smpeg"
| #define VERSION "0.4.5"
| #define STDC_HEADERS 1
| #define HAVE_SYS_TYPES_H 1
| #define HAVE_SYS_STAT_H 1
| #define HAVE_STDLIB_H 1
| #define HAVE_STRING_H 1
| #define HAVE_MEMORY_H 1
| #define HAVE_STRINGS_H 1
| #define HAVE_INTTYPES_H 1
| #define HAVE_STDINT_H 1
| #define HAVE_UNISTD_H 1
| #define HAVE_DLFCN_H 1
| /* end confdefs.h.  */
| #include <ac_nonexistent.h>
configure:8750: checking for objdir
configure:8765: result: .libs
configure:9061: checking if mipsel-linux-gcc supports -fno-rtti -fno-exceptions
configure:9079: mipsel-linux-gcc -c -g -O2  -fno-rtti -fno-exceptions conftest.c >&5
cc1: warning: command line option '-fno-rtti' is valid for C++/ObjC++ but not for C
configure:9083: $? = 0
configure:9096: result: no
configure:9116: checking for mipsel-linux-gcc option to produce PIC
configure:9388: result: -fPIC -DPIC
configure:9400: checking if mipsel-linux-gcc PIC flag -fPIC -DPIC works
configure:9418: mipsel-linux-gcc -c -g -O2  -fPIC -DPIC -DPIC conftest.c >&5
configure:9422: $? = 0
configure:9435: result: yes
configure:9459: checking if mipsel-linux-gcc static flag -static works
configure:9487: result: yes
configure:9502: checking if mipsel-linux-gcc supports -c -o file.o
configure:9523: mipsel-linux-gcc -c -g -O2  -o out/conftest2.o conftest.c >&5
configure:9527: $? = 0
configure:9549: result: yes
configure:9557: checking if mipsel-linux-gcc supports -c -o file.o
configure:9604: result: yes
configure:9637: checking whether the mipsel-linux-gcc linker (mipsel-linux-ld) supports shared libraries
configure:10699: result: yes
configure:10736: checking whether -lc should be explicitly linked in
configure:10741: mipsel-linux-gcc -c -g -O2  conftest.c >&5
configure:10744: $? = 0
configure:10759: mipsel-linux-gcc -shared conftest.o  -v -Wl,-soname -Wl,conftest -o conftest 2\>\&1 \| /bin/grep  -lc  \>/dev/null 2\>\&1
configure:10762: $? = 0
configure:10774: result: no
configure:10938: checking dynamic linker characteristics
configure:11383: mipsel-linux-gcc -o conftest -g -O2   -Wl,-rpath -Wl,/foo conftest.c  >&5
configure:11389: $? = 0
configure:11619: result: GNU/Linux ld.so
configure:11721: checking how to hardcode library paths into programs
configure:11746: result: immediate
configure:12551: checking whether stripping libraries is possible
configure:12556: result: yes
configure:12591: checking if libtool supports shared libraries
configure:12593: result: yes
configure:12596: checking whether to build shared libraries
configure:12617: result: yes
configure:12620: checking whether to build static libraries
configure:12624: result: yes
configure:12774: checking for ld used by mipsel-linux-g++
configure:12841: result: mipsel-linux-ld
configure:12850: checking if the linker (mipsel-linux-ld) is GNU ld
configure:12865: result: yes
configure:12920: checking whether the mipsel-linux-g++ linker (mipsel-linux-ld) supports shared libraries
configure:13887: result: yes
configure:13915: mipsel-linux-g++ -c -g -O2  conftest.cpp >&5
configure:13918: $? = 0
configure:14100: checking for mipsel-linux-g++ option to produce PIC
configure:14417: result: -fPIC -DPIC
configure:14426: checking if mipsel-linux-g++ PIC flag -fPIC -DPIC works
configure:14444: mipsel-linux-g++ -c -g -O2  -fPIC -DPIC -DPIC conftest.cpp >&5
configure:14448: $? = 0
configure:14461: result: yes
configure:14482: checking if mipsel-linux-g++ static flag -static works
configure:14510: result: yes
configure:14522: checking if mipsel-linux-g++ supports -c -o file.o
configure:14543: mipsel-linux-g++ -c -g -O2  -o out/conftest2.o conftest.cpp >&5
configure:14547: $? = 0
configure:14569: result: yes
configure:14574: checking if mipsel-linux-g++ supports -c -o file.o
configure:14621: result: yes
configure:14651: checking whether the mipsel-linux-g++ linker (mipsel-linux-ld) supports shared libraries
configure:14677: result: yes
configure:14814: checking dynamic linker characteristics
configure:15207: mipsel-linux-g++ -o conftest -g -O2   -Wl,-rpath -Wl,/foo conftest.cpp  >&5
configure:15213: $? = 0
configure:15443: result: GNU/Linux ld.so
configure:15494: checking how to hardcode library paths into programs
configure:15519: result: immediate
configure:15590: checking for a BSD-compatible install
configure:15646: result: /usr/bin/install -c
configure:15658: checking for socklen_t
configure:15685: mipsel-linux-gcc -c -g -O2  conftest.c >&5
configure:15691: $? = 0
configure:15707: result: yes
configure:15798: checking for mipsel-linux-pkg-config
configure:15831: result: no
configure:15841: checking for pkg-config
configure:15859: found /usr/bin/pkg-config
configure:15871: result: /usr/bin/pkg-config
configure:15885: WARNING: In the future, Autoconf will not detect cross-tools
whose name does not start with the host triplet.  If you think this
configuration is useful to you, please write to autoconf@gnu.org.
configure:15900: checking pkg-config is at least version 0.9.0
configure:15903: result: yes
configure:15941: checking for SDL
configure:15949: $PKG_CONFIG --exists --print-errors "sdl >= $min_sdl_version"
configure:15952: $? = 0
configure:15967: $PKG_CONFIG --exists --print-errors "sdl >= $min_sdl_version"
configure:15970: $? = 0
configure:16012: result: yes
configure:16317: checking for sqrt in -lm
configure:16352: mipsel-linux-gcc -o conftest -g -O2 -D_GNU_SOURCE=1 -D_REENTRANT -I/usr/include/SDL   conftest.c -lm   -lSDL >&5
mipsel-linux-gcc: WARNING: unsafe header/library path used in cross-compilation: '-I/usr/include/SDL'
conftest.c:29:6: warning: conflicting types for built-in function 'sqrt'
 char sqrt ();
      ^
configure:16358: $? = 0
configure:16376: result: yes
configure:16704: checking for pkg-config
configure:16735: result: /usr/bin/pkg-config
configure:16757: checking for GTK+ - version >= 2.0.0
configure:16909: result: yes (version 2.24.31)
configure:17028: checking for X
configure:17143: mipsel-linux-gcc -E  conftest.c
configure:17149: $? = 0
configure:17198: mipsel-linux-gcc -o conftest -g -O2 -D_GNU_SOURCE=1 -D_REENTRANT -I/usr/include/SDL -DTHREADED_AUDIO -pthread -I/usr/include/gtk-2.0 -I/usr/lib/x86_64-linux-gnu/gtk-2.0/include -I/usr/include/gio-unix-2.0/ -I/usr/include/cairo -I/usr/include/pango-1.0 -I/usr/include/atk-1.0 -I/usr/include/cairo -I/usr/include/pixman-1 -I/usr/include/libpng16 -I/usr/include/gdk-pixbuf-2.0 -I/usr/include/libpng16 -I/usr/include/pango-1.0 -I/usr/include/harfbuzz -I/usr/include/pango-1.0 -I/usr/include/glib-2.0 -I/usr/lib/x86_64-linux-gnu/glib-2.0/include -I/usr/include/freetype2   conftest.c -lX11  -lSDL -lm >&5
mipsel-linux-gcc: WARNING: unsafe header/library path used in cross-compilation: '-I/usr/include/SDL'
mipsel-linux-gcc: WARNING: unsafe header/library path used in cross-compilation: '-I/usr/include/gtk-2.0'
mipsel-linux-gcc: WARNING: unsafe header/library path used in cross-compilation: '-I/usr/lib/x86_64-linux-gnu/gtk-2.0/include'
mipsel-linux-gcc: WARNING: unsafe header/library path used in cross-compilation: '-I/usr/include/gio-unix-2.0/'
mipsel-linux-gcc: WARNING: unsafe header/library path used in cross-compilation: '-I/usr/include/cairo'
mipsel-linux-gcc: WARNING: unsafe header/library path used in cross-compilation: '-I/usr/include/pango-1.0'
mipsel-linux-gcc: WARNING: unsafe header/library path used in cross-compilation: '-I/usr/include/atk-1.0'
mipsel-linux-gcc: WARNING: unsafe header/library path used in cross-compilation: '-I/usr/include/cairo'
mipsel-linux-gcc: WARNING: unsafe header/library path used in cross-compilation: '-I/usr/include/pixman-1'
mipsel-linux-gcc: WARNING: unsafe header/library path used in cross-compilation: '-I/usr/include/libpng16'
mipsel-linux-gcc: WARNING: unsafe header/library path used in cross-compilation: '-I/usr/include/gdk-pixbuf-2.0'
mipsel-linux-gcc: WARNING: unsafe header/library path used in cross-compilation: '-I/usr/include/libpng16'
mipsel-linux-gcc: WARNING: unsafe header/library path used in cross-compilation: '-I/usr/include/pango-1.0'
mipsel-linux-gcc: WARNING: unsafe header/library path used in cross-compilation: '-I/usr/include/harfbuzz'
mipsel-linux-gcc: WARNING: unsafe header/library path used in cross-compilation: '-I/usr/include/pango-1.0'
mipsel-linux-gcc: WARNING: unsafe header/library path used in cross-compilation: '-I/usr/include/glib-2.0'
mipsel-linux-gcc: WARNING: unsafe header/library path used in cross-compilation: '-I/usr/lib/x86_64-linux-gnu/glib-2.0/include'
mipsel-linux-gcc: WARNING: unsafe header/library path used in cross-compilation: '-I/usr/include/freetype2'
configure:17204: $? = 0
configure:17263: result: libraries , headers 
configure:17424: mipsel-linux-gcc -o conftest -g -O2 -D_GNU_SOURCE=1 -D_REENTRANT -I/usr/include/SDL -DTHREADED_AUDIO -pthread -I/usr/include/gtk-2.0 -I/usr/lib/x86_64-linux-gnu/gtk-2.0/include -I/usr/include/gio-unix-2.0/ -I/usr/include/cairo -I/usr/include/pango-1.0 -I/usr/include/atk-1.0 -I/usr/include/cairo -I/usr/include/pixman-1 -I/usr/include/libpng16 -I/usr/include/gdk-pixbuf-2.0 -I/usr/include/libpng16 -I/usr/include/pango-1.0 -I/usr/include/harfbuzz -I/usr/include/pango-1.0 -I/usr/include/glib-2.0 -I/usr/lib/x86_64-linux-gnu/glib-2.0/include -I/usr/include/freetype2   conftest.c  -lSDL -lm  -lX11 >&5
mipsel-linux-gcc: WARNING: unsafe header/library path used in cross-compilation: '-I/usr/include/SDL'
mipsel-linux-gcc: WARNING: unsafe header/library path used in cross-compilation: '-I/usr/include/gtk-2.0'
mipsel-linux-gcc: WARNING: unsafe header/library path used in cross-compilation: '-I/usr/lib/x86_64-linux-gnu/gtk-2.0/include'
mipsel-linux-gcc: WARNING: unsafe header/library path used in cross-compilation: '-I/usr/include/gio-unix-2.0/'
mipsel-linux-gcc: WARNING: unsafe header/library path used in cross-compilation: '-I/usr/include/cairo'
mipsel-linux-gcc: WARNING: unsafe header/library path used in cross-compilation: '-I/usr/include/pango-1.0'
mipsel-linux-gcc: WARNING: unsafe header/library path used in cross-compilation: '-I/usr/include/atk-1.0'
mipsel-linux-gcc: WARNING: unsafe header/library path used in cross-compilation: '-I/usr/include/cairo'
mipsel-linux-gcc: WARNING: unsafe header/library path used in cross-compilation: '-I/usr/include/pixman-1'
mipsel-linux-gcc: WARNING: unsafe header/library path used in cross-compilation: '-I/usr/include/libpng16'
mipsel-linux-gcc: WARNING: unsafe header/library path used in cross-compilation: '-I/usr/include/gdk-pixbuf-2.0'
mipsel-linux-gcc: WARNING: unsafe header/library path used in cross-compilation: '-I/usr/include/libpng16'
mipsel-linux-gcc: WARNING: unsafe header/library path used in cross-compilation: '-I/usr/include/pango-1.0'
mipsel-linux-gcc: WARNING: unsafe header/library path used in cross-compilation: '-I/usr/include/harfbuzz'
mipsel-linux-gcc: WARNING: unsafe header/library path used in cross-compilation: '-I/usr/include/pango-1.0'
mipsel-linux-gcc: WARNING: unsafe header/library path used in cross-compilation: '-I/usr/include/glib-2.0'
mipsel-linux-gcc: WARNING: unsafe header/library path used in cross-compilation: '-I/usr/lib/x86_64-linux-gnu/glib-2.0/include'
mipsel-linux-gcc: WARNING: unsafe header/library path used in cross-compilation: '-I/usr/include/freetype2'
configure:17430: $? = 0
configure:17587: checking for gethostbyname
configure:17643: mipsel-linux-gcc -o conftest -g -O2 -D_GNU_SOURCE=1 -D_REENTRANT -I/usr/include/SDL -DTHREADED_AUDIO -pthread -I/usr/include/gtk-2.0 -I/usr/lib/x86_64-linux-gnu/gtk-2.0/include -I/usr/include/gio-unix-2.0/ -I/usr/include/cairo -I/usr/include/pango-1.0 -I/usr/include/atk-1.0 -I/usr/include/cairo -I/usr/include/pixman-1 -I/usr/include/libpng16 -I/usr/include/gdk-pixbuf-2.0 -I/usr/include/libpng16 -I/usr/include/pango-1.0 -I/usr/include/harfbuzz -I/usr/include/pango-1.0 -I/usr/include/glib-2.0 -I/usr/lib/x86_64-linux-gnu/glib-2.0/include -I/usr/include/freetype2   conftest.c  -lSDL -lm >&5
mipsel-linux-gcc: WARNING: unsafe header/library path used in cross-compilation: '-I/usr/include/SDL'
mipsel-linux-gcc: WARNING: unsafe header/library path used in cross-compilation: '-I/usr/include/gtk-2.0'
mipsel-linux-gcc: WARNING: unsafe header/library path used in cross-compilation: '-I/usr/lib/x86_64-linux-gnu/gtk-2.0/include'
mipsel-linux-gcc: WARNING: unsafe header/library path used in cross-compilation: '-I/usr/include/gio-unix-2.0/'
mipsel-linux-gcc: WARNING: unsafe header/library path used in cross-compilation: '-I/usr/include/cairo'
mipsel-linux-gcc: WARNING: unsafe header/library path used in cross-compilation: '-I/usr/include/pango-1.0'
mipsel-linux-gcc: WARNING: unsafe header/library path used in cross-compilation: '-I/usr/include/atk-1.0'
mipsel-linux-gcc: WARNING: unsafe header/library path used in cross-compilation: '-I/usr/include/cairo'
mipsel-linux-gcc: WARNING: unsafe header/library path used in cross-compilation: '-I/usr/include/pixman-1'
mipsel-linux-gcc: WARNING: unsafe header/library path used in cross-compilation: '-I/usr/include/libpng16'
mipsel-linux-gcc: WARNING: unsafe header/library path used in cross-compilation: '-I/usr/include/gdk-pixbuf-2.0'
mipsel-linux-gcc: WARNING: unsafe header/library path used in cross-compilation: '-I/usr/include/libpng16'
mipsel-linux-gcc: WARNING: unsafe header/library path used in cross-compilation: '-I/usr/include/pango-1.0'
mipsel-linux-gcc: WARNING: unsafe header/library path used in cross-compilation: '-I/usr/include/harfbuzz'
mipsel-linux-gcc: WARNING: unsafe header/library path used in cross-compilation: '-I/usr/include/pango-1.0'
mipsel-linux-gcc: WARNING: unsafe header/library path used in cross-compilation: '-I/usr/include/glib-2.0'
mipsel-linux-gcc: WARNING: unsafe header/library path used in cross-compilation: '-I/usr/lib/x86_64-linux-gnu/glib-2.0/include'
mipsel-linux-gcc: WARNING: unsafe header/library path used in cross-compilation: '-I/usr/include/freetype2'
configure:17649: $? = 0
configure:17666: result: yes
configure:17811: checking for connect
configure:17867: mipsel-linux-gcc -o conftest -g -O2 -D_GNU_SOURCE=1 -D_REENTRANT -I/usr/include/SDL -DTHREADED_AUDIO -pthread -I/usr/include/gtk-2.0 -I/usr/lib/x86_64-linux-gnu/gtk-2.0/include -I/usr/include/gio-unix-2.0/ -I/usr/include/cairo -I/usr/include/pango-1.0 -I/usr/include/atk-1.0 -I/usr/include/cairo -I/usr/include/pixman-1 -I/usr/include/libpng16 -I/usr/include/gdk-pixbuf-2.0 -I/usr/include/libpng16 -I/usr/include/pango-1.0 -I/usr/include/harfbuzz -I/usr/include/pango-1.0 -I/usr/include/glib-2.0 -I/usr/lib/x86_64-linux-gnu/glib-2.0/include -I/usr/include/freetype2   conftest.c  -lSDL -lm >&5
mipsel-linux-gcc: WARNING: unsafe header/library path used in cross-compilation: '-I/usr/include/SDL'
mipsel-linux-gcc: WARNING: unsafe header/library path used in cross-compilation: '-I/usr/include/gtk-2.0'
mipsel-linux-gcc: WARNING: unsafe header/library path used in cross-compilation: '-I/usr/lib/x86_64-linux-gnu/gtk-2.0/include'
mipsel-linux-gcc: WARNING: unsafe header/library path used in cross-compilation: '-I/usr/include/gio-unix-2.0/'
mipsel-linux-gcc: WARNING: unsafe header/library path used in cross-compilation: '-I/usr/include/cairo'
mipsel-linux-gcc: WARNING: unsafe header/library path used in cross-compilation: '-I/usr/include/pango-1.0'
mipsel-linux-gcc: WARNING: unsafe header/library path used in cross-compilation: '-I/usr/include/atk-1.0'
mipsel-linux-gcc: WARNING: unsafe header/library path used in cross-compilation: '-I/usr/include/cairo'
mipsel-linux-gcc: WARNING: unsafe header/library path used in cross-compilation: '-I/usr/include/pixman-1'
mipsel-linux-gcc: WARNING: unsafe header/library path used in cross-compilation: '-I/usr/include/libpng16'
mipsel-linux-gcc: WARNING: unsafe header/library path used in cross-compilation: '-I/usr/include/gdk-pixbuf-2.0'
mipsel-linux-gcc: WARNING: unsafe header/library path used in cross-compilation: '-I/usr/include/libpng16'
mipsel-linux-gcc: WARNING: unsafe header/library path used in cross-compilation: '-I/usr/include/pango-1.0'
mipsel-linux-gcc: WARNING: unsafe header/library path used in cross-compilation: '-I/usr/include/harfbuzz'
mipsel-linux-gcc: WARNING: unsafe header/library path used in cross-compilation: '-I/usr/include/pango-1.0'
mipsel-linux-gcc: WARNING: unsafe header/library path used in cross-compilation: '-I/usr/include/glib-2.0'
mipsel-linux-gcc: WARNING: unsafe header/library path used in cross-compilation: '-I/usr/lib/x86_64-linux-gnu/glib-2.0/include'
mipsel-linux-gcc: WARNING: unsafe header/library path used in cross-compilation: '-I/usr/include/freetype2'
configure:17873: $? = 0
configure:17890: result: yes
configure:17962: checking for remove
configure:18018: mipsel-linux-gcc -o conftest -g -O2 -D_GNU_SOURCE=1 -D_REENTRANT -I/usr/include/SDL -DTHREADED_AUDIO -pthread -I/usr/include/gtk-2.0 -I/usr/lib/x86_64-linux-gnu/gtk-2.0/include -I/usr/include/gio-unix-2.0/ -I/usr/include/cairo -I/usr/include/pango-1.0 -I/usr/include/atk-1.0 -I/usr/include/cairo -I/usr/include/pixman-1 -I/usr/include/libpng16 -I/usr/include/gdk-pixbuf-2.0 -I/usr/include/libpng16 -I/usr/include/pango-1.0 -I/usr/include/harfbuzz -I/usr/include/pango-1.0 -I/usr/include/glib-2.0 -I/usr/lib/x86_64-linux-gnu/glib-2.0/include -I/usr/include/freetype2   conftest.c  -lSDL -lm >&5
mipsel-linux-gcc: WARNING: unsafe header/library path used in cross-compilation: '-I/usr/include/SDL'
mipsel-linux-gcc: WARNING: unsafe header/library path used in cross-compilation: '-I/usr/include/gtk-2.0'
mipsel-linux-gcc: WARNING: unsafe header/library path used in cross-compilation: '-I/usr/lib/x86_64-linux-gnu/gtk-2.0/include'
mipsel-linux-gcc: WARNING: unsafe header/library path used in cross-compilation: '-I/usr/include/gio-unix-2.0/'
mipsel-linux-gcc: WARNING: unsafe header/library path used in cross-compilation: '-I/usr/include/cairo'
mipsel-linux-gcc: WARNING: unsafe header/library path used in cross-compilation: '-I/usr/include/pango-1.0'
mipsel-linux-gcc: WARNING: unsafe header/library path used in cross-compilation: '-I/usr/include/atk-1.0'
mipsel-linux-gcc: WARNING: unsafe header/library path used in cross-compilation: '-I/usr/include/cairo'
mipsel-linux-gcc: WARNING: unsafe header/library path used in cross-compilation: '-I/usr/include/pixman-1'
mipsel-linux-gcc: WARNING: unsafe header/library path used in cross-compilation: '-I/usr/include/libpng16'
mipsel-linux-gcc: WARNING: unsafe header/library path used in cross-compilation: '-I/usr/include/gdk-pixbuf-2.0'
mipsel-linux-gcc: WARNING: unsafe header/library path used in cross-compilation: '-I/usr/include/libpng16'
mipsel-linux-gcc: WARNING: unsafe header/library path used in cross-compilation: '-I/usr/include/pango-1.0'
mipsel-linux-gcc: WARNING: unsafe header/library path used in cross-compilation: '-I/usr/include/harfbuzz'
mipsel-linux-gcc: WARNING: unsafe header/library path used in cross-compilation: '-I/usr/include/pango-1.0'
mipsel-linux-gcc: WARNING: unsafe header/library path used in cross-compilation: '-I/usr/include/glib-2.0'
mipsel-linux-gcc: WARNING: unsafe header/library path used in cross-compilation: '-I/usr/lib/x86_64-linux-gnu/glib-2.0/include'
mipsel-linux-gcc: WARNING: unsafe header/library path used in cross-compilation: '-I/usr/include/freetype2'
configure:18024: $? = 0
configure:18041: result: yes
configure:18113: checking for shmat
configure:18169: mipsel-linux-gcc -o conftest -g -O2 -D_GNU_SOURCE=1 -D_REENTRANT -I/usr/include/SDL -DTHREADED_AUDIO -pthread -I/usr/include/gtk-2.0 -I/usr/lib/x86_64-linux-gnu/gtk-2.0/include -I/usr/include/gio-unix-2.0/ -I/usr/include/cairo -I/usr/include/pango-1.0 -I/usr/include/atk-1.0 -I/usr/include/cairo -I/usr/include/pixman-1 -I/usr/include/libpng16 -I/usr/include/gdk-pixbuf-2.0 -I/usr/include/libpng16 -I/usr/include/pango-1.0 -I/usr/include/harfbuzz -I/usr/include/pango-1.0 -I/usr/include/glib-2.0 -I/usr/lib/x86_64-linux-gnu/glib-2.0/include -I/usr/include/freetype2   conftest.c  -lSDL -lm >&5
mipsel-linux-gcc: WARNING: unsafe header/library path used in cross-compilation: '-I/usr/include/SDL'
mipsel-linux-gcc: WARNING: unsafe header/library path used in cross-compilation: '-I/usr/include/gtk-2.0'
mipsel-linux-gcc: WARNING: unsafe header/library path used in cross-compilation: '-I/usr/lib/x86_64-linux-gnu/gtk-2.0/include'
mipsel-linux-gcc: WARNING: unsafe header/library path used in cross-compilation: '-I/usr/include/gio-unix-2.0/'
mipsel-linux-gcc: WARNING: unsafe header/library path used in cross-compilation: '-I/usr/include/cairo'
mipsel-linux-gcc: WARNING: unsafe header/library path used in cross-compilation: '-I/usr/include/pango-1.0'
mipsel-linux-gcc: WARNING: unsafe header/library path used in cross-compilation: '-I/usr/include/atk-1.0'
mipsel-linux-gcc: WARNING: unsafe header/library path used in cross-compilation: '-I/usr/include/cairo'
mipsel-linux-gcc: WARNING: unsafe header/library path used in cross-compilation: '-I/usr/include/pixman-1'
mipsel-linux-gcc: WARNING: unsafe header/library path used in cross-compilation: '-I/usr/include/libpng16'
mipsel-linux-gcc: WARNING: unsafe header/library path used in cross-compilation: '-I/usr/include/gdk-pixbuf-2.0'
mipsel-linux-gcc: WARNING: unsafe header/library path used in cross-compilation: '-I/usr/include/libpng16'
mipsel-linux-gcc: WARNING: unsafe header/library path used in cross-compilation: '-I/usr/include/pango-1.0'
mipsel-linux-gcc: WARNING: unsafe header/library path used in cross-compilation: '-I/usr/include/harfbuzz'
mipsel-linux-gcc: WARNING: unsafe header/library path used in cross-compilation: '-I/usr/include/pango-1.0'
mipsel-linux-gcc: WARNING: unsafe header/library path used in cross-compilation: '-I/usr/include/glib-2.0'
mipsel-linux-gcc: WARNING: unsafe header/library path used in cross-compilation: '-I/usr/lib/x86_64-linux-gnu/glib-2.0/include'
mipsel-linux-gcc: WARNING: unsafe header/library path used in cross-compilation: '-I/usr/include/freetype2'
configure:18175: $? = 0
configure:18192: result: yes
configure:18273: checking for IceConnectionNumber in -lICE
configure:18308: mipsel-linux-gcc -o conftest -g -O2 -D_GNU_SOURCE=1 -D_REENTRANT -I/usr/include/SDL -DTHREADED_AUDIO -pthread -I/usr/include/gtk-2.0 -I/usr/lib/x86_64-linux-gnu/gtk-2.0/include -I/usr/include/gio-unix-2.0/ -I/usr/include/cairo -I/usr/include/pango-1.0 -I/usr/include/atk-1.0 -I/usr/include/cairo -I/usr/include/pixman-1 -I/usr/include/libpng16 -I/usr/include/gdk-pixbuf-2.0 -I/usr/include/libpng16 -I/usr/include/pango-1.0 -I/usr/include/harfbuzz -I/usr/include/pango-1.0 -I/usr/include/glib-2.0 -I/usr/lib/x86_64-linux-gnu/glib-2.0/include -I/usr/include/freetype2   conftest.c -lICE   -lSDL -lm >&5
mipsel-linux-gcc: WARNING: unsafe header/library path used in cross-compilation: '-I/usr/include/SDL'
mipsel-linux-gcc: WARNING: unsafe header/library path used in cross-compilation: '-I/usr/include/gtk-2.0'
mipsel-linux-gcc: WARNING: unsafe header/library path used in cross-compilation: '-I/usr/lib/x86_64-linux-gnu/gtk-2.0/include'
mipsel-linux-gcc: WARNING: unsafe header/library path used in cross-compilation: '-I/usr/include/gio-unix-2.0/'
mipsel-linux-gcc: WARNING: unsafe header/library path used in cross-compilation: '-I/usr/include/cairo'
mipsel-linux-gcc: WARNING: unsafe header/library path used in cross-compilation: '-I/usr/include/pango-1.0'
mipsel-linux-gcc: WARNING: unsafe header/library path used in cross-compilation: '-I/usr/include/atk-1.0'
mipsel-linux-gcc: WARNING: unsafe header/library path used in cross-compilation: '-I/usr/include/cairo'
mipsel-linux-gcc: WARNING: unsafe header/library path used in cross-compilation: '-I/usr/include/pixman-1'
mipsel-linux-gcc: WARNING: unsafe header/library path used in cross-compilation: '-I/usr/include/libpng16'
mipsel-linux-gcc: WARNING: unsafe header/library path used in cross-compilation: '-I/usr/include/gdk-pixbuf-2.0'
mipsel-linux-gcc: WARNING: unsafe header/library path used in cross-compilation: '-I/usr/include/libpng16'
mipsel-linux-gcc: WARNING: unsafe header/library path used in cross-compilation: '-I/usr/include/pango-1.0'
mipsel-linux-gcc: WARNING: unsafe header/library path used in cross-compilation: '-I/usr/include/harfbuzz'
mipsel-linux-gcc: WARNING: unsafe header/library path used in cross-compilation: '-I/usr/include/pango-1.0'
mipsel-linux-gcc: WARNING: unsafe header/library path used in cross-compilation: '-I/usr/include/glib-2.0'
mipsel-linux-gcc: WARNING: unsafe header/library path used in cross-compilation: '-I/usr/lib/x86_64-linux-gnu/glib-2.0/include'
mipsel-linux-gcc: WARNING: unsafe header/library path used in cross-compilation: '-I/usr/include/freetype2'
configure:18314: $? = 0
configure:18332: result: yes
configure:18350: checking for OpenGL support
configure:18378: mipsel-linux-gcc -c -g -O2 -D_GNU_SOURCE=1 -D_REENTRANT -I/usr/include/SDL -DTHREADED_AUDIO -pthread -I/usr/include/gtk-2.0 -I/usr/lib/x86_64-linux-gnu/gtk-2.0/include -I/usr/include/gio-unix-2.0/ -I/usr/include/cairo -I/usr/include/pango-1.0 -I/usr/include/atk-1.0 -I/usr/include/cairo -I/usr/include/pixman-1 -I/usr/include/libpng16 -I/usr/include/gdk-pixbuf-2.0 -I/usr/include/libpng16 -I/usr/include/pango-1.0 -I/usr/include/harfbuzz -I/usr/include/pango-1.0 -I/usr/include/glib-2.0 -I/usr/lib/x86_64-linux-gnu/glib-2.0/include -I/usr/include/freetype2   conftest.c >&5
mipsel-linux-gcc: WARNING: unsafe header/library path used in cross-compilation: '-I/usr/include/SDL'
mipsel-linux-gcc: WARNING: unsafe header/library path used in cross-compilation: '-I/usr/include/gtk-2.0'
mipsel-linux-gcc: WARNING: unsafe header/library path used in cross-compilation: '-I/usr/lib/x86_64-linux-gnu/gtk-2.0/include'
mipsel-linux-gcc: WARNING: unsafe header/library path used in cross-compilation: '-I/usr/include/gio-unix-2.0/'
mipsel-linux-gcc: WARNING: unsafe header/library path used in cross-compilation: '-I/usr/include/cairo'
mipsel-linux-gcc: WARNING: unsafe header/library path used in cross-compilation: '-I/usr/include/pango-1.0'
mipsel-linux-gcc: WARNING: unsafe header/library path used in cross-compilation: '-I/usr/include/atk-1.0'
mipsel-linux-gcc: WARNING: unsafe header/library path used in cross-compilation: '-I/usr/include/cairo'
mipsel-linux-gcc: WARNING: unsafe header/library path used in cross-compilation: '-I/usr/include/pixman-1'
mipsel-linux-gcc: WARNING: unsafe header/library path used in cross-compilation: '-I/usr/include/libpng16'
mipsel-linux-gcc: WARNING: unsafe header/library path used in cross-compilation: '-I/usr/include/gdk-pixbuf-2.0'
mipsel-linux-gcc: WARNING: unsafe header/library path used in cross-compilation: '-I/usr/include/libpng16'
mipsel-linux-gcc: WARNING: unsafe header/library path used in cross-compilation: '-I/usr/include/pango-1.0'
mipsel-linux-gcc: WARNING: unsafe header/library path used in cross-compilation: '-I/usr/include/harfbuzz'
mipsel-linux-gcc: WARNING: unsafe header/library path used in cross-compilation: '-I/usr/include/pango-1.0'
mipsel-linux-gcc: WARNING: unsafe header/library path used in cross-compilation: '-I/usr/include/glib-2.0'
mipsel-linux-gcc: WARNING: unsafe header/library path used in cross-compilation: '-I/usr/lib/x86_64-linux-gnu/glib-2.0/include'
mipsel-linux-gcc: WARNING: unsafe header/library path used in cross-compilation: '-I/usr/include/freetype2'
configure:18384: $? = 0
configure:18400: result: yes
configure:18439: checking if mipsel-linux-g++ supports -fno-rtti -fno-exceptions
configure:18469: mipsel-linux-g++ -c -fno-rtti -fno-exceptions  conftest.c >&5
configure:18475: $? = 0
configure:18491: result: yes
configure:18683: creating ./config.status

## ---------------- ##
## Cache variables. ##
## ---------------- ##

ac_cv_build=x86_64-unknown-linux-gnu
ac_cv_c_compiler_gnu=yes
ac_cv_cxx_compiler_gnu=yes
ac_cv_env_CCASFLAGS_set=
ac_cv_env_CCASFLAGS_value=
ac_cv_env_CCAS_set=
ac_cv_env_CCAS_value=
ac_cv_env_CCC_set=
ac_cv_env_CCC_value=
ac_cv_env_CC_set=set
ac_cv_env_CC_value=mipsel-linux-gcc
ac_cv_env_CFLAGS_set=
ac_cv_env_CFLAGS_value=
ac_cv_env_CPPFLAGS_set=
ac_cv_env_CPPFLAGS_value=
ac_cv_env_CPP_set=
ac_cv_env_CPP_value=
ac_cv_env_CXXCPP_set=
ac_cv_env_CXXCPP_value=
ac_cv_env_CXXFLAGS_set=
ac_cv_env_CXXFLAGS_value=
ac_cv_env_CXX_set=set
ac_cv_env_CXX_value=mipsel-linux-g++
ac_cv_env_LDFLAGS_set=
ac_cv_env_LDFLAGS_value=
ac_cv_env_LIBS_set=
ac_cv_env_LIBS_value=
ac_cv_env_PKG_CONFIG_set=
ac_cv_env_PKG_CONFIG_value=
ac_cv_env_SDL_CFLAGS_set=
ac_cv_env_SDL_CFLAGS_value=
ac_cv_env_SDL_LIBS_set=
ac_cv_env_SDL_LIBS_value=
ac_cv_env_XMKMF_set=
ac_cv_env_XMKMF_value=
ac_cv_env_build_alias_set=
ac_cv_env_build_alias_value=
ac_cv_env_host_alias_set=set
ac_cv_env_host_alias_value=mipsel-linux
ac_cv_env_target_alias_set=
ac_cv_env_target_alias_value=
ac_cv_func_connect=yes
ac_cv_func_gethostbyname=yes
ac_cv_func_remove=yes
ac_cv_func_shmat=yes
ac_cv_have_x='have_x=yes	ac_x_includes='\'''\''	ac_x_libraries='\'''\'''
ac_cv_header_dlfcn_h=yes
ac_cv_header_inttypes_h=yes
ac_cv_header_memory_h=yes
ac_cv_header_stdc=yes
ac_cv_header_stdint_h=yes
ac_cv_header_stdlib_h=yes
ac_cv_header_string_h=yes
ac_cv_header_strings_h=yes
ac_cv_header_sys_stat_h=yes
ac_cv_header_sys_types_h=yes
ac_cv_header_unistd_h=yes
ac_cv_host=mipsel-unknown-linux-gnu
ac_cv_lib_ICE_IceConnectionNumber=yes
ac_cv_lib_m_sqrt=yes
ac_cv_objext=o
ac_cv_path_EGREP='/bin/grep -E'
ac_cv_path_FGREP='/bin/grep -F'
ac_cv_path_GREP=/bin/grep
ac_cv_path_PKG_CONFIG=/usr/bin/pkg-config
ac_cv_path_SED=/bin/sed
ac_cv_path_ac_pt_PKG_CONFIG=/usr/bin/pkg-config
ac_cv_path_install='/usr/bin/install -c'
ac_cv_path_mkdir=/bin/mkdir
ac_cv_prog_AR=mipsel-linux-ar
ac_cv_prog_AWK=gawk
ac_cv_prog_CC=mipsel-linux-gcc
ac_cv_prog_CPP='mipsel-linux-gcc -E'
ac_cv_prog_CXXCPP='mipsel-linux-g++ -E'
ac_cv_prog_OBJDUMP=objdump
ac_cv_prog_RANLIB=mipsel-linux-ranlib
ac_cv_prog_STRIP=mipsel-linux-strip
ac_cv_prog_cc_c89=
ac_cv_prog_cc_g=yes
ac_cv_prog_cxx_g=yes
ac_cv_prog_make_make_set=yes
ac_cv_type_socklen_t=yes
am_cv_CCAS_dependencies_compiler_type=gcc3
am_cv_CC_dependencies_compiler_type=gcc3
am_cv_CXX_dependencies_compiler_type=gcc3
lt_cv_deplibs_check_method=pass_all
lt_cv_file_magic_cmd='$MAGIC_CMD'
lt_cv_file_magic_test_file=
lt_cv_ld_reload_flag=-r
lt_cv_nm_interface='BSD nm'
lt_cv_objdir=.libs
lt_cv_path_LD=mipsel-linux-ld
lt_cv_path_LDCXX=mipsel-linux-ld
lt_cv_path_NM='/home/steward/Downloads/buildroot-2017.02.9/output/host/usr/bin//mipsel-linux-nm -B'
lt_cv_prog_compiler_c_o=yes
lt_cv_prog_compiler_c_o_CXX=yes
lt_cv_prog_compiler_pic_works=yes
lt_cv_prog_compiler_pic_works_CXX=yes
lt_cv_prog_compiler_rtti_exceptions=no
lt_cv_prog_compiler_static_works=yes
lt_cv_prog_compiler_static_works_CXX=yes
lt_cv_prog_gnu_ld=yes
lt_cv_prog_gnu_ldcxx=yes
lt_cv_sys_global_symbol_pipe='sed -n -e '\''s/^.*[	 ]\([ABCDGIRSTW][ABCDGIRSTW]*\)[	 ][	 ]*\([_A-Za-z][_A-Za-z0-9]*\)$/\1 \2 \2/p'\'''
lt_cv_sys_global_symbol_to_c_name_address='sed -n -e '\''s/^: \([^ ]*\) $/  {\"\1\", (void *) 0},/p'\'' -e '\''s/^[ABCDGIRSTW]* \([^ ]*\) \([^ ]*\)$/  {"\2", (void *) \&\2},/p'\'''
lt_cv_sys_global_symbol_to_c_name_address_lib_prefix='sed -n -e '\''s/^: \([^ ]*\) $/  {\"\1\", (void *) 0},/p'\'' -e '\''s/^[ABCDGIRSTW]* \([^ ]*\) \(lib[^ ]*\)$/  {"\2", (void *) \&\2},/p'\'' -e '\''s/^[ABCDGIRSTW]* \([^ ]*\) \([^ ]*\)$/  {"lib\2", (void *) \&\2},/p'\'''
lt_cv_sys_global_symbol_to_cdecl='sed -n -e '\''s/^T .* \(.*\)$/extern int \1();/p'\'' -e '\''s/^[ABCDGIRSTW]* .* \(.*\)$/extern char \1;/p'\'''
lt_cv_sys_max_cmd_len=1572864
pkg_cv_SDL_CFLAGS='-D_GNU_SOURCE=1 -D_REENTRANT -I/usr/include/SDL'
pkg_cv_SDL_LIBS=-lSDL

## ----------------- ##
## Output variables. ##
## ----------------- ##

ACLOCAL='${SHELL} /home/steward/Github/gh_retrogame_emulator/smpeg/missing --run aclocal-1.10'
AMDEPBACKSLASH='\'
AMDEP_FALSE='#'
AMDEP_TRUE=''
AMTAR='${SHELL} /home/steward/Github/gh_retrogame_emulator/smpeg/missing --run tar'
AR='mipsel-linux-ar'
AS='mipsel-linux-as'
ASFLAGS=''
AUTOCONF='${SHELL} /home/steward/Github/gh_retrogame_emulator/smpeg/missing --run autoconf'
AUTOHEADER='${SHELL} /home/steward/Github/gh_retrogame_emulator/smpeg/missing --run autoheader'
AUTOMAKE='${SHELL} /home/steward/Github/gh_retrogame_emulator/smpeg/missing --run automake-1.10'
AWK='gawk'
BINARY_AGE='5'
CC='mipsel-linux-gcc'
CCAS='mipsel-linux-gcc'
CCASDEPMODE='depmode=gcc3'
CCASFLAGS=''
CCDEPMODE='depmode=gcc3'
CFLAGS='-g -O2 -D_GNU_SOURCE=1 -D_REENTRANT -I/usr/include/SDL -DTHREADED_AUDIO -pthread -I/usr/include/gtk-2.0 -I/usr/lib/x86_64-linux-gnu/gtk-2.0/include -I/usr/include/gio-unix-2.0/ -I/usr/include/cairo -I/usr/include/pango-1.0 -I/usr/include/atk-1.0 -I/usr/include/cairo -I/usr/include/pixman-1 -I/usr/include/libpng16 -I/usr/include/gdk-pixbuf-2.0 -I/usr/include/libpng16 -I/usr/include/pango-1.0 -I/usr/include/harfbuzz -I/usr/include/pango-1.0 -I/usr/include/glib-2.0 -I/usr/lib/x86_64-linux-gnu/glib-2.0/include -I/usr/include/freetype2  -DNDEBUG -Wall -I.. -DNOCONTROLS -I$(top_srcdir) -I$(top_srcdir)/audio -I$(top_srcdir)/video'
CPP='mipsel-linux-gcc -E'
CPPFLAGS=''
CXX='mipsel-linux-g++'
CXXCPP='mipsel-linux-g++ -E'
CXXDEPMODE='depmode=gcc3'
CXXFLAGS='-g -O2 -D_GNU_SOURCE=1 -D_REENTRANT -I/usr/include/SDL -DTHREADED_AUDIO -pthread -I/usr/include/gtk-2.0 -I/usr/lib/x86_64-linux-gnu/gtk-2.0/include -I/usr/include/gio-unix-2.0/ -I/usr/include/cairo -I/usr/include/pango-1.0 -I/usr/include/atk-1.0 -I/usr/include/cairo -I/usr/include/pixman-1 -I/usr/include/libpng16 -I/usr/include/gdk-pixbuf-2.0 -I/usr/include/libpng16 -I/usr/include/pango-1.0 -I/usr/include/harfbuzz -I/usr/include/pango-1.0 -I/usr/include/glib-2.0 -I/usr/lib/x86_64-linux-gnu/glib-2.0/include -I/usr/include/freetype2  -DNDEBUG -Wall -I.. -DNOCONTROLS -I$(top_srcdir) -I$(top_srcdir)/audio -I$(top_srcdir)/video -fno-exceptions -fno-rtti'
CYGPATH_W='echo'
DEFS='-DPACKAGE_NAME=\"\" -DPACKAGE_TARNAME=\"\" -DPACKAGE_VERSION=\"\" -DPACKAGE_STRING=\"\" -DPACKAGE_BUGREPORT=\"\" -DPACKAGE=\"smpeg\" -DVERSION=\"0.4.5\" -DSTDC_HEADERS=1 -DHAVE_SYS_TYPES_H=1 -DHAVE_SYS_STAT_H=1 -DHAVE_STDLIB_H=1 -DHAVE_STRING_H=1 -DHAVE_MEMORY_H=1 -DHAVE_STRINGS_H=1 -DHAVE_INTTYPES_H=1 -DHAVE_STDINT_H=1 -DHAVE_UNISTD_H=1 -DHAVE_DLFCN_H=1 -DLT_OBJDIR=\".libs/\"'
DEPDIR='.deps'
DLLTOOL='dlltool'
DSYMUTIL=''
DUMPBIN=''
ECHO_C=''
ECHO_N='-n'
ECHO_T=''
EGREP='/bin/grep -E'
EXEEXT=''
FGREP='/bin/grep -F'
GL_LIBS=' -lGL -lGLU'
GREP='/bin/grep'
GTK_CFLAGS='-pthread -I/usr/include/gtk-2.0 -I/usr/lib/x86_64-linux-gnu/gtk-2.0/include -I/usr/include/gio-unix-2.0/ -I/usr/include/cairo -I/usr/include/pango-1.0 -I/usr/include/atk-1.0 -I/usr/include/cairo -I/usr/include/pixman-1 -I/usr/include/libpng16 -I/usr/include/gdk-pixbuf-2.0 -I/usr/include/libpng16 -I/usr/include/pango-1.0 -I/usr/include/harfbuzz -I/usr/include/pango-1.0 -I/usr/include/glib-2.0 -I/usr/lib/x86_64-linux-gnu/glib-2.0/include -I/usr/include/freetype2'
GTK_LIBS='-lgtk-x11-2.0 -lgdk-x11-2.0 -lpangocairo-1.0 -latk-1.0 -lcairo -lgdk_pixbuf-2.0 -lgio-2.0 -lpangoft2-1.0 -lpango-1.0 -lgobject-2.0 -lglib-2.0 -lfontconfig -lfreetype'
HAVE_GTK_FALSE='#'
HAVE_GTK_TRUE=''
HAVE_OPENGL_FALSE='#'
HAVE_OPENGL_TRUE=''
INSTALL_DATA='${INSTALL} -m 644'
INSTALL_PROGRAM='${INSTALL}'
INSTALL_SCRIPT='${INSTALL}'
INSTALL_STRIP_PROGRAM='$(install_sh) -c -s'
INTERFACE_AGE='4'
LD='mipsel-linux-ld'
LDFLAGS=''
LIBOBJS=''
LIBS=' -lSDL -lm'
LIBTOOL='$(SHELL) $(top_builddir)/libtool'
LIPO=''
LN_S='ln -s'
LTLIBOBJS=''
LT_AGE='1'
LT_CURRENT='1'
LT_RELEASE='0.4'
LT_REVISION='4'
MAJOR_VERSION='0'
MAKEINFO='${SHELL} /home/steward/Github/gh_retrogame_emulator/smpeg/missing --run makeinfo'
MICRO_VERSION='5'
MINOR_VERSION='4'
NM='/home/steward/Downloads/buildroot-2017.02.9/output/host/usr/bin//mipsel-linux-nm -B'
NMEDIT=''
OBJDUMP='objdump'
OBJEXT='o'
OTOOL64=''
OTOOL=''
PACKAGE='smpeg'
PACKAGE_BUGREPORT=''
PACKAGE_NAME=''
PACKAGE_STRING=''
PACKAGE_TARNAME=''
PACKAGE_VERSION=''
PATH_SEPARATOR=':'
PKG_CONFIG='/usr/bin/pkg-config'
RANLIB='mipsel-linux-ranlib'
SDL_CFLAGS='-D_GNU_SOURCE=1 -D_REENTRANT -I/usr/include/SDL'
SDL_CONFIG='pkg-config sdl'
SDL_LIBS='-lSDL'
SED='/bin/sed'
SET_MAKE=''
SHELL='/bin/bash'
SMPEG_RLD_FLAGS=''
STRIP='mipsel-linux-strip'
VERSION='0.4.5'
XMKMF=''
X_CFLAGS=''
X_EXTRA_LIBS=''
X_LIBS=''
X_PRE_LIBS=' -lSM -lICE'
ac_ct_CC=''
ac_ct_CXX=''
ac_ct_DUMPBIN=''
am__fastdepCCAS_FALSE='#'
am__fastdepCCAS_TRUE=''
am__fastdepCC_FALSE='#'
am__fastdepCC_TRUE=''
am__fastdepCXX_FALSE='#'
am__fastdepCXX_TRUE=''
am__include='include'
am__isrc=''
am__leading_dot='.'
am__quote=''
am__tar='${AMTAR} chof - "$$tardir"'
am__untar='${AMTAR} xf -'
bindir='${exec_prefix}/bin'
build='x86_64-unknown-linux-gnu'
build_alias=''
build_cpu='x86_64'
build_os='linux-gnu'
build_vendor='unknown'
datadir='${datarootdir}'
datarootdir='${prefix}/share'
docdir='${datarootdir}/doc/${PACKAGE}'
dvidir='${docdir}'
exec_prefix='${prefix}'
host='mipsel-unknown-linux-gnu'
host_alias='mipsel-linux'
host_cpu='mipsel'
host_os='linux-gnu'
host_vendor='unknown'
htmldir='${docdir}'
includedir='${prefix}/include'
infodir='${datarootdir}/info'
install_sh='$(SHELL) /home/steward/Github/gh_retrogame_emulator/smpeg/install-sh'
libdir='${exec_prefix}/lib'
libexecdir='${exec_prefix}/libexec'
localedir='${datarootdir}/locale'
localstatedir='${prefix}/var'
lt_ECHO='echo'
mandir='${datarootdir}/man'
mkdir_p='/bin/mkdir -p'
oldincludedir='/usr/include'
pdfdir='${docdir}'
prefix='/home/steward/Downloads/buildroot-2017.02.9/output/host/usr/'
program_transform_name='s,x,x,'
psdir='${docdir}'
sbindir='${exec_prefix}/sbin'
sharedstatedir='${prefix}/com'
sysconfdir='${prefix}/etc'
target_alias=''

## ----------- ##
## confdefs.h. ##
## ----------- ##

#define PACKAGE_NAME ""
#define PACKAGE_TARNAME ""
#define PACKAGE_VERSION ""
#define PACKAGE_STRING ""
#define PACKAGE_BUGREPORT ""
#define PACKAGE "smpeg"
#define VERSION "0.4.5"
#define STDC_HEADERS 1
#define HAVE_SYS_TYPES_H 1
#define HAVE_SYS_STAT_H 1
#define HAVE_STDLIB_H 1
#define HAVE_STRING_H 1
#define HAVE_MEMORY_H 1
#define HAVE_STRINGS_H 1
#define HAVE_INTTYPES_H 1
#define HAVE_STDINT_H 1
#define HAVE_UNISTD_H 1
#define HAVE_DLFCN_H 1
#define LT_OBJDIR ".libs/"

configure: exit 0

## ---------------------- ##
## Running config.status. ##
## ---------------------- ##

This file was extended by config.status, which was
generated by GNU Autoconf 2.61.  Invocation command line was

  CONFIG_FILES    = 
  CONFIG_HEADERS  = 
  CONFIG_LINKS    = 
  CONFIG_COMMANDS = 
  $ ./config.status 

on debian

config.status:931: creating Makefile
config.status:931: creating smpeg-config
config.status:931: creating smpeg.spec
config.status:1122: executing depfiles commands
config.status:1122: executing libtool commands
