This file contains any messages produced by compilers while
running configure, to aid debugging if configure makes a mistake.

It was created by configure, which was
generated by GNU Autoconf 2.61.  Invocation command line was

  $ ./configure --host=mipsel-linux

## --------- ##
## Platform. ##
## --------- ##

hostname = debian
uname -m = x86_64
uname -r = 4.9.0-4-amd64
uname -s = Linux
uname -v = #1 SMP Debian 4.9.65-3 (2017-12-03)

/usr/bin/uname -p = unknown
/bin/uname -X     = unknown

/bin/arch              = unknown
/usr/bin/arch -k       = unknown
/usr/convex/getsysinfo = unknown
/usr/bin/hostinfo      = unknown
/bin/machine           = unknown
/usr/bin/oslevel       = unknown
/bin/universe          = unknown

PATH: /usr/local/bin
PATH: /usr/bin
PATH: /bin
PATH: /usr/local/games
PATH: /usr/games
PATH: /home/steward/Downloads/buildroot-2017.02.9/output/host/usr/bin/


## ----------- ##
## Core tests. ##
## ----------- ##

configure:2041: checking build system type
configure:2059: result: x86_64-unknown-linux-gnu
configure:2081: checking host system type
configure:2096: result: mipsel-unknown-linux-gnu
configure:2126: checking for mipsel-linux-gcc
configure:2153: result: mipsel-linux-gcc
configure:2431: checking for C compiler version
configure:2438: mipsel-linux-gcc --version >&5
mipsel-linux-gcc.br_real (Buildroot 2017.02.9) 5.4.0
Copyright (C) 2015 Free Software Foundation, Inc.
This is free software; see the source for copying conditions.  There is NO
warranty; not even for MERCHANTABILITY or FITNESS FOR A PARTICULAR PURPOSE.

configure:2441: $? = 0
configure:2448: mipsel-linux-gcc -v >&5
Using built-in specs.
COLLECT_GCC=/home/steward/Downloads/buildroot-2017.02.9/output/host/usr/bin/mipsel-linux-gcc.br_real
COLLECT_LTO_WRAPPER=/home/steward/Downloads/buildroot-2017.02.9/output/host/usr/libexec/gcc/mipsel-buildroot-linux-uclibc/5.4.0/lto-wrapper
Target: mipsel-buildroot-linux-uclibc
Configured with: ./configure --prefix=/home/steward/Downloads/buildroot-2017.02.9/output/host/usr --sysconfdir=/home/steward/Downloads/buildroot-2017.02.9/output/host/etc --enable-static --target=mipsel-buildroot-linux-uclibc --with-sysroot=/home/steward/Downloads/buildroot-2017.02.9/output/host/usr/mipsel-buildroot-linux-uclibc/sysroot --disable-__cxa_atexit --with-gnu-ld --disable-libssp --disable-multilib --with-gmp=/home/steward/Downloads/buildroot-2017.02.9/output/host/usr --with-mpc=/home/steward/Downloads/buildroot-2017.02.9/output/host/usr --with-mpfr=/home/steward/Downloads/buildroot-2017.02.9/output/host/usr --with-pkgversion='Buildroot 2017.02.9' --with-bugurl=http://bugs.buildroot.net/ --disable-libquadmath --disable-libsanitizer --enable-tls --disable-libmudflap --enable-threads --without-isl --without-cloog --disable-decimal-float --with-arch=mips32 --with-abi=32 --enable-languages=c,c++ --with-build-time-tools=/home/steward/Downloads/buildroot-2017.02.9/output/host/usr/mipsel-buildroot-linux-uclibc/bin --enable-shared --disable-libgomp
Thread model: posix
gcc version 5.4.0 (Buildroot 2017.02.9) 
configure:2451: $? = 0
configure:2458: mipsel-linux-gcc -V >&5
mipsel-linux-gcc.br_real: error: unrecognized command line option '-V'
mipsel-linux-gcc.br_real: fatal error: no input files
compilation terminated.
configure:2461: $? = 1
configure:2484: checking for C compiler default output file name
configure:2511: mipsel-linux-gcc    conftest.c  >&5
configure:2514: $? = 0
configure:2552: result: a.out
configure:2569: checking whether the C compiler works
configure:2579: ./a.out
./configure: line 2580: ./a.out: cannot execute binary file: Exec format error
configure:2582: $? = 126
configure:2599: result: yes
configure:2606: checking whether we are cross compiling
configure:2608: result: yes
configure:2611: checking for suffix of executables
configure:2618: mipsel-linux-gcc -o conftest    conftest.c  >&5
configure:2621: $? = 0
configure:2645: result: 
configure:2651: checking for suffix of object files
configure:2677: mipsel-linux-gcc -c   conftest.c >&5
configure:2680: $? = 0
configure:2703: result: o
configure:2707: checking whether we are using the GNU C compiler
configure:2736: mipsel-linux-gcc -c   conftest.c >&5
configure:2742: $? = 0
configure:2759: result: yes
configure:2764: checking whether mipsel-linux-gcc accepts -g
configure:2794: mipsel-linux-gcc -c -g  conftest.c >&5
configure:2800: $? = 0
configure:2899: result: yes
configure:2916: checking for mipsel-linux-gcc option to accept ISO C89
configure:2990: mipsel-linux-gcc  -c -g -O2  conftest.c >&5
configure:2996: $? = 0
configure:3019: result: none needed
configure:3037: checking for a sed that does not truncate output
configure:3116: result: /bin/sed
configure:3134: checking for grep that handles long lines and -e
configure:3208: result: /bin/grep
configure:3213: checking for egrep
configure:3291: result: /bin/grep -E
configure:3296: checking for fgrep
configure:3374: result: /bin/grep -F
configure:3409: checking for ld used by mipsel-linux-gcc
configure:3476: result: mipsel-linux-ld
configure:3485: checking if the linker (mipsel-linux-ld) is GNU ld
configure:3500: result: yes
configure:3512: checking for BSD- or MS-compatible name lister (nm)
configure:3561: result: /home/steward/Downloads/buildroot-2017.02.9/output/host/usr/bin//mipsel-linux-nm -B
configure:3683: checking the name lister (/home/steward/Downloads/buildroot-2017.02.9/output/host/usr/bin//mipsel-linux-nm -B) interface
configure:3690: mipsel-linux-gcc -c -g -O2  conftest.c >&5
configure:3693: /home/steward/Downloads/buildroot-2017.02.9/output/host/usr/bin//mipsel-linux-nm -B "conftest.o"
configure:3696: output
00000000 B some_variable
configure:3703: result: BSD nm
configure:3706: checking whether ln -s works
configure:3710: result: yes
configure:3718: checking the maximum length of command line arguments
configure:3844: result: 1572864
configure:3861: checking whether the shell understands some XSI constructs
configure:3871: result: yes
configure:3875: checking whether the shell understands "+="
configure:3881: result: yes
configure:3916: checking for mipsel-linux-ld option to reload object files
configure:3923: result: -r
configure:3952: checking for mipsel-linux-objdump
configure:3968: found /home/steward/Downloads/buildroot-2017.02.9/output/host/usr/bin//mipsel-linux-objdump
configure:3979: result: mipsel-linux-objdump
configure:4052: checking how to recognize dependent libraries
configure:4250: result: pass_all
configure:4270: checking for mipsel-linux-ar
configure:4286: found /home/steward/Downloads/buildroot-2017.02.9/output/host/usr/bin//mipsel-linux-ar
configure:4297: result: mipsel-linux-ar
configure:4379: checking for mipsel-linux-strip
configure:4395: found /home/steward/Downloads/buildroot-2017.02.9/output/host/usr/bin//mipsel-linux-strip
configure:4406: result: mipsel-linux-strip
configure:4482: checking for mipsel-linux-ranlib
configure:4498: found /home/steward/Downloads/buildroot-2017.02.9/output/host/usr/bin//mipsel-linux-ranlib
configure:4509: result: mipsel-linux-ranlib
configure:4643: checking command to parse /home/steward/Downloads/buildroot-2017.02.9/output/host/usr/bin//mipsel-linux-nm -B output from mipsel-linux-gcc object
configure:4761: mipsel-linux-gcc -c -g -O2  conftest.c >&5
configure:4764: $? = 0
configure:4768: /home/steward/Downloads/buildroot-2017.02.9/output/host/usr/bin//mipsel-linux-nm -B conftest.o \| sed -n -e 's/^.*[	 ]\([ABCDGIRSTW][ABCDGIRSTW]*\)[	 ][	 ]*\([_A-Za-z][_A-Za-z0-9]*\)$/\1 \2 \2/p' \> conftest.nm
configure:4771: $? = 0
configure:4825: mipsel-linux-gcc -o conftest -g -O2   conftest.c conftstm.o >&5
configure:4828: $? = 0
configure:4866: result: ok
configure:5745: checking how to run the C preprocessor
configure:5785: mipsel-linux-gcc -E  conftest.c
configure:5791: $? = 0
configure:5822: mipsel-linux-gcc -E  conftest.c
conftest.c:8:28: fatal error: ac_nonexistent.h: No such file or directory
compilation terminated.
configure:5828: $? = 1
configure: failed program was:
| /* confdefs.h.  */
| #define PACKAGE_NAME ""
| #define PACKAGE_TARNAME ""
| #define PACKAGE_VERSION ""
| #define PACKAGE_STRING ""
| #define PACKAGE_BUGREPORT ""
| /* end confdefs.h.  */
| #include <ac_nonexistent.h>
configure:5861: result: mipsel-linux-gcc -E
configure:5890: mipsel-linux-gcc -E  conftest.c
configure:5896: $? = 0
configure:5927: mipsel-linux-gcc -E  conftest.c
conftest.c:8:28: fatal error: ac_nonexistent.h: No such file or directory
compilation terminated.
configure:5933: $? = 1
configure: failed program was:
| /* confdefs.h.  */
| #define PACKAGE_NAME ""
| #define PACKAGE_TARNAME ""
| #define PACKAGE_VERSION ""
| #define PACKAGE_STRING ""
| #define PACKAGE_BUGREPORT ""
| /* end confdefs.h.  */
| #include <ac_nonexistent.h>
configure:5971: checking for ANSI C header files
configure:6001: mipsel-linux-gcc -c -g -O2  conftest.c >&5
configure:6007: $? = 0
configure:6135: result: yes
configure:6159: checking for sys/types.h
configure:6180: mipsel-linux-gcc -c -g -O2  conftest.c >&5
configure:6186: $? = 0
configure:6202: result: yes
configure:6159: checking for sys/stat.h
configure:6180: mipsel-linux-gcc -c -g -O2  conftest.c >&5
configure:6186: $? = 0
configure:6202: result: yes
configure:6159: checking for stdlib.h
configure:6180: mipsel-linux-gcc -c -g -O2  conftest.c >&5
configure:6186: $? = 0
configure:6202: result: yes
configure:6159: checking for string.h
configure:6180: mipsel-linux-gcc -c -g -O2  conftest.c >&5
configure:6186: $? = 0
configure:6202: result: yes
configure:6159: checking for memory.h
configure:6180: mipsel-linux-gcc -c -g -O2  conftest.c >&5
configure:6186: $? = 0
configure:6202: result: yes
configure:6159: checking for strings.h
configure:6180: mipsel-linux-gcc -c -g -O2  conftest.c >&5
configure:6186: $? = 0
configure:6202: result: yes
configure:6159: checking for inttypes.h
configure:6180: mipsel-linux-gcc -c -g -O2  conftest.c >&5
configure:6186: $? = 0
configure:6202: result: yes
configure:6159: checking for stdint.h
configure:6180: mipsel-linux-gcc -c -g -O2  conftest.c >&5
configure:6186: $? = 0
configure:6202: result: yes
configure:6159: checking for unistd.h
configure:6180: mipsel-linux-gcc -c -g -O2  conftest.c >&5
configure:6186: $? = 0
configure:6202: result: yes
configure:6218: checking for dlfcn.h
configure:6239: mipsel-linux-gcc -c -g -O2  conftest.c >&5
configure:6245: $? = 0
configure:6261: result: yes
configure:6755: checking for objdir
configure:6770: result: .libs
configure:7066: checking if mipsel-linux-gcc supports -fno-rtti -fno-exceptions
configure:7084: mipsel-linux-gcc -c -g -O2  -fno-rtti -fno-exceptions conftest.c >&5
cc1: warning: command line option '-fno-rtti' is valid for C++/ObjC++ but not for C
configure:7088: $? = 0
configure:7101: result: no
configure:7121: checking for mipsel-linux-gcc option to produce PIC
configure:7393: result: -fPIC -DPIC
configure:7405: checking if mipsel-linux-gcc PIC flag -fPIC -DPIC works
configure:7423: mipsel-linux-gcc -c -g -O2  -fPIC -DPIC -DPIC conftest.c >&5
configure:7427: $? = 0
configure:7440: result: yes
configure:7464: checking if mipsel-linux-gcc static flag -static works
configure:7492: result: yes
configure:7507: checking if mipsel-linux-gcc supports -c -o file.o
configure:7528: mipsel-linux-gcc -c -g -O2  -o out/conftest2.o conftest.c >&5
configure:7532: $? = 0
configure:7554: result: yes
configure:7562: checking if mipsel-linux-gcc supports -c -o file.o
configure:7609: result: yes
configure:7642: checking whether the mipsel-linux-gcc linker (mipsel-linux-ld) supports shared libraries
configure:8704: result: yes
configure:8741: checking whether -lc should be explicitly linked in
configure:8746: mipsel-linux-gcc -c -g -O2  conftest.c >&5
configure:8749: $? = 0
configure:8764: mipsel-linux-gcc -shared conftest.o  -v -Wl,-soname -Wl,conftest -o conftest 2\>\&1 \| /bin/grep  -lc  \>/dev/null 2\>\&1
configure:8767: $? = 0
configure:8779: result: no
configure:8943: checking dynamic linker characteristics
configure:9388: mipsel-linux-gcc -o conftest -g -O2   -Wl,-rpath -Wl,/foo conftest.c  >&5
configure:9394: $? = 0
configure:9624: result: GNU/Linux ld.so
configure:9726: checking how to hardcode library paths into programs
configure:9751: result: immediate
configure:10556: checking whether stripping libraries is possible
configure:10561: result: yes
configure:10596: checking if libtool supports shared libraries
configure:10598: result: yes
configure:10601: checking whether to build shared libraries
configure:10622: result: yes
configure:10625: checking whether to build static libraries
configure:10629: result: yes
configure:10717: checking for mipsel-linux-gcc
configure:10744: result: mipsel-linux-gcc
configure:11022: checking for C compiler version
configure:11029: mipsel-linux-gcc --version >&5
mipsel-linux-gcc.br_real (Buildroot 2017.02.9) 5.4.0
Copyright (C) 2015 Free Software Foundation, Inc.
This is free software; see the source for copying conditions.  There is NO
warranty; not even for MERCHANTABILITY or FITNESS FOR A PARTICULAR PURPOSE.

configure:11032: $? = 0
configure:11039: mipsel-linux-gcc -v >&5
Using built-in specs.
COLLECT_GCC=/home/steward/Downloads/buildroot-2017.02.9/output/host/usr/bin/mipsel-linux-gcc.br_real
COLLECT_LTO_WRAPPER=/home/steward/Downloads/buildroot-2017.02.9/output/host/usr/libexec/gcc/mipsel-buildroot-linux-uclibc/5.4.0/lto-wrapper
Target: mipsel-buildroot-linux-uclibc
Configured with: ./configure --prefix=/home/steward/Downloads/buildroot-2017.02.9/output/host/usr --sysconfdir=/home/steward/Downloads/buildroot-2017.02.9/output/host/etc --enable-static --target=mipsel-buildroot-linux-uclibc --with-sysroot=/home/steward/Downloads/buildroot-2017.02.9/output/host/usr/mipsel-buildroot-linux-uclibc/sysroot --disable-__cxa_atexit --with-gnu-ld --disable-libssp --disable-multilib --with-gmp=/home/steward/Downloads/buildroot-2017.02.9/output/host/usr --with-mpc=/home/steward/Downloads/buildroot-2017.02.9/output/host/usr --with-mpfr=/home/steward/Downloads/buildroot-2017.02.9/output/host/usr --with-pkgversion='Buildroot 2017.02.9' --with-bugurl=http://bugs.buildroot.net/ --disable-libquadmath --disable-libsanitizer --enable-tls --disable-libmudflap --enable-threads --without-isl --without-cloog --disable-decimal-float --with-arch=mips32 --with-abi=32 --enable-languages=c,c++ --with-build-time-tools=/home/steward/Downloads/buildroot-2017.02.9/output/host/usr/mipsel-buildroot-linux-uclibc/bin --enable-shared --disable-libgomp
Thread model: posix
gcc version 5.4.0 (Buildroot 2017.02.9) 
configure:11042: $? = 0
configure:11049: mipsel-linux-gcc -V >&5
mipsel-linux-gcc.br_real: error: unrecognized command line option '-V'
mipsel-linux-gcc.br_real: fatal error: no input files
compilation terminated.
configure:11052: $? = 1
configure:11055: checking whether we are using the GNU C compiler
configure:11107: result: yes
configure:11112: checking whether mipsel-linux-gcc accepts -g
configure:11247: result: yes
configure:11264: checking for mipsel-linux-gcc option to accept ISO C89
configure:11367: result: none needed
configure:11398: checking for a BSD-compatible install
configure:11454: result: /usr/bin/install -c
configure:11465: checking whether make sets $(MAKE)
configure:11486: result: yes
configure:11504: checking for windres
configure:11534: result: no
configure:11504: checking for mipsel-linux-windres
configure:11534: result: no
configure:11504: checking for linux-gnu-windres
configure:11534: result: no
configure:11571: checking for an ANSI C-conforming const
configure:11646: mipsel-linux-gcc -c -g -O2  -D_GNU_SOURCE=1   -D_GNU_SOURCE=1 conftest.c >&5
configure:11652: $? = 0
configure:11667: result: yes
configure:11687: checking for GCC -MMD -MT option
configure:11715: mipsel-linux-gcc -c -g -O2  -D_GNU_SOURCE=1   -D_GNU_SOURCE=1 conftest.c >&5
configure:11721: $? = 0
configure:11737: result: yes
configure:11874: checking for mipsel-linux-pkg-config
configure:11907: result: no
configure:11917: checking for pkg-config
configure:11935: found /usr/bin/pkg-config
configure:11947: result: /usr/bin/pkg-config
configure:11961: WARNING: In the future, Autoconf will not detect cross-tools
whose name does not start with the host triplet.  If you think this
configuration is useful to you, please write to autoconf@gnu.org.
configure:11976: checking pkg-config is at least version 0.9.0
configure:11979: result: yes
configure:12017: checking for SDL
configure:12025: $PKG_CONFIG --exists --print-errors "sdl >= $min_sdl_version"
configure:12028: $? = 0
configure:12043: $PKG_CONFIG --exists --print-errors "sdl >= $min_sdl_version"
configure:12046: $? = 0
configure:12088: result: yes
configure:12393: checking for pow in -lm
configure:12428: mipsel-linux-gcc -o conftest -g -O2  -D_GNU_SOURCE=1   -D_GNU_SOURCE=1   conftest.c -lm   >&5
conftest.c:27:6: warning: conflicting types for built-in function 'pow'
 char pow ();
      ^
configure:12434: $? = 0
configure:12452: result: yes
configure:11783: checking for GCC -fvisibility=hidden option
configure:11816: mipsel-linux-gcc -c -g -O2  -D_GNU_SOURCE=1 -fvisibility=hidden -Werror   -D_GNU_SOURCE=1 conftest.c >&5
configure:11822: $? = 0
configure:11838: result: yes
configure:12475: checking for fork
configure:12531: mipsel-linux-gcc -o conftest -g -O2  -D_GNU_SOURCE=1   -D_GNU_SOURCE=1   conftest.c  >&5
conftest.c:43:6: warning: conflicting types for built-in function 'fork'
 char fork ();
      ^
configure:12537: $? = 0
configure:12555: result: yes
configure:12475: checking for vfork
configure:12531: mipsel-linux-gcc -o conftest -g -O2  -D_GNU_SOURCE=1   -D_GNU_SOURCE=1   conftest.c  >&5
configure:12537: $? = 0
configure:12555: result: yes
configure:12616: checking for libmikmod-config
configure:12634: found /usr/bin/libmikmod-config
configure:12647: result: /usr/bin/libmikmod-config
configure:12662: checking for libmikmod - version >= 3.1.10
configure:12966: checking fluidsynth.h usability
configure:12983: mipsel-linux-gcc -c -g -O2  -D_GNU_SOURCE=1 -DLIBMIKMOD_MUSIC    -D_GNU_SOURCE=1 conftest.c >&5
conftest.c:55:24: fatal error: fluidsynth.h: No such file or directory
compilation terminated.
configure:12989: $? = 1
configure: failed program was:
| /* confdefs.h.  */
| #define PACKAGE_NAME ""
| #define PACKAGE_TARNAME ""
| #define PACKAGE_VERSION ""
| #define PACKAGE_STRING ""
| #define PACKAGE_BUGREPORT ""
| #define STDC_HEADERS 1
| #define HAVE_SYS_TYPES_H 1
| #define HAVE_SYS_STAT_H 1
| #define HAVE_STDLIB_H 1
| #define HAVE_STRING_H 1
| #define HAVE_MEMORY_H 1
| #define HAVE_STRINGS_H 1
| #define HAVE_INTTYPES_H 1
| #define HAVE_STDINT_H 1
| #define HAVE_UNISTD_H 1
| #define HAVE_DLFCN_H 1
| #define LT_OBJDIR ".libs/"
| #define HAVE_FORK 1
| #define HAVE_VFORK 1
| /* end confdefs.h.  */
| #include <stdio.h>
| #ifdef HAVE_SYS_TYPES_H
| # include <sys/types.h>
| #endif
| #ifdef HAVE_SYS_STAT_H
| # include <sys/stat.h>
| #endif
| #ifdef STDC_HEADERS
| # include <stdlib.h>
| # include <stddef.h>
| #else
| # ifdef HAVE_STDLIB_H
| #  include <stdlib.h>
| # endif
| #endif
| #ifdef HAVE_STRING_H
| # if !defined STDC_HEADERS && defined HAVE_MEMORY_H
| #  include <memory.h>
| # endif
| # include <string.h>
| #endif
| #ifdef HAVE_STRINGS_H
| # include <strings.h>
| #endif
| #ifdef HAVE_INTTYPES_H
| # include <inttypes.h>
| #endif
| #ifdef HAVE_STDINT_H
| # include <stdint.h>
| #endif
| #ifdef HAVE_UNISTD_H
| # include <unistd.h>
| #endif
| #include <fluidsynth.h>
configure:13003: result: no
configure:13007: checking fluidsynth.h presence
configure:13022: mipsel-linux-gcc -E   -D_GNU_SOURCE=1 conftest.c
conftest.c:22:24: fatal error: fluidsynth.h: No such file or directory
compilation terminated.
configure:13028: $? = 1
configure: failed program was:
| /* confdefs.h.  */
| #define PACKAGE_NAME ""
| #define PACKAGE_TARNAME ""
| #define PACKAGE_VERSION ""
| #define PACKAGE_STRING ""
| #define PACKAGE_BUGREPORT ""
| #define STDC_HEADERS 1
| #define HAVE_SYS_TYPES_H 1
| #define HAVE_SYS_STAT_H 1
| #define HAVE_STDLIB_H 1
| #define HAVE_STRING_H 1
| #define HAVE_MEMORY_H 1
| #define HAVE_STRINGS_H 1
| #define HAVE_INTTYPES_H 1
| #define HAVE_STDINT_H 1
| #define HAVE_UNISTD_H 1
| #define HAVE_DLFCN_H 1
| #define LT_OBJDIR ".libs/"
| #define HAVE_FORK 1
| #define HAVE_VFORK 1
| /* end confdefs.h.  */
| #include <fluidsynth.h>
configure:13042: result: no
configure:13070: checking for fluidsynth.h
configure:13077: result: no
configure:13086: checking for fluid_player_add_mem in -lfluidsynth
configure:13121: mipsel-linux-gcc -o conftest -g -O2  -D_GNU_SOURCE=1 -DLIBMIKMOD_MUSIC    -D_GNU_SOURCE=1   conftest.c -lfluidsynth   -L/usr/lib -lmikmod >&5
mipsel-linux-gcc: WARNING: unsafe header/library path used in cross-compilation: '-L/usr/lib'
/home/steward/Downloads/buildroot-2017.02.9/output/host/usr/lib/gcc/mipsel-buildroot-linux-uclibc/5.4.0/../../../../mipsel-buildroot-linux-uclibc/bin/ld: warning: library search path "/usr/lib" is unsafe for cross-compilation
/home/steward/Downloads/buildroot-2017.02.9/output/host/usr/lib/gcc/mipsel-buildroot-linux-uclibc/5.4.0/../../../../mipsel-buildroot-linux-uclibc/bin/ld: cannot find -lfluidsynth
collect2: error: ld returned 1 exit status
configure:13127: $? = 1
configure: failed program was:
| /* confdefs.h.  */
| #define PACKAGE_NAME ""
| #define PACKAGE_TARNAME ""
| #define PACKAGE_VERSION ""
| #define PACKAGE_STRING ""
| #define PACKAGE_BUGREPORT ""
| #define STDC_HEADERS 1
| #define HAVE_SYS_TYPES_H 1
| #define HAVE_SYS_STAT_H 1
| #define HAVE_STDLIB_H 1
| #define HAVE_STRING_H 1
| #define HAVE_MEMORY_H 1
| #define HAVE_STRINGS_H 1
| #define HAVE_INTTYPES_H 1
| #define HAVE_STDINT_H 1
| #define HAVE_UNISTD_H 1
| #define HAVE_DLFCN_H 1
| #define LT_OBJDIR ".libs/"
| #define HAVE_FORK 1
| #define HAVE_VFORK 1
| /* end confdefs.h.  */
| 
| /* Override any GCC internal prototype to avoid an error.
|    Use char because int might match the return type of a GCC
|    builtin and then its argument prototype would still apply.  */
| #ifdef __cplusplus
| extern "C"
| #endif
| char fluid_player_add_mem ();
| int
| main ()
| {
| return fluid_player_add_mem ();
|   ;
|   return 0;
| }
configure:13145: result: no
configure:13181: WARNING: *** Unable to find FluidSynth library (http://www.fluidsynth.org/)
configure:13183: WARNING: FluidSynth support disabled
configure:13453: checking vorbis/vorbisfile.h usability
configure:13470: mipsel-linux-gcc -c -g -O2  -D_GNU_SOURCE=1 -DLIBMIKMOD_MUSIC    -D_GNU_SOURCE=1 conftest.c >&5
configure:13476: $? = 0
configure:13490: result: yes
configure:13494: checking vorbis/vorbisfile.h presence
configure:13509: mipsel-linux-gcc -E   -D_GNU_SOURCE=1 conftest.c
configure:13515: $? = 0
configure:13529: result: yes
configure:13557: checking for vorbis/vorbisfile.h
configure:13564: result: yes
configure:13573: checking for ov_open_callbacks in -lvorbisfile
configure:13608: mipsel-linux-gcc -o conftest -g -O2  -D_GNU_SOURCE=1 -DLIBMIKMOD_MUSIC    -D_GNU_SOURCE=1   conftest.c -lvorbisfile   -L/usr/lib -lmikmod >&5
mipsel-linux-gcc: WARNING: unsafe header/library path used in cross-compilation: '-L/usr/lib'
/home/steward/Downloads/buildroot-2017.02.9/output/host/usr/lib/gcc/mipsel-buildroot-linux-uclibc/5.4.0/../../../../mipsel-buildroot-linux-uclibc/bin/ld: warning: library search path "/usr/lib" is unsafe for cross-compilation
configure:13614: $? = 0
configure:13632: result: yes
configure:13696: checking FLAC/export.h usability
configure:13713: mipsel-linux-gcc -c -g -O2  -D_GNU_SOURCE=1 -DLIBMIKMOD_MUSIC    -D_GNU_SOURCE=1 conftest.c >&5
conftest.c:55:25: fatal error: FLAC/export.h: No such file or directory
compilation terminated.
configure:13719: $? = 1
configure: failed program was:
| /* confdefs.h.  */
| #define PACKAGE_NAME ""
| #define PACKAGE_TARNAME ""
| #define PACKAGE_VERSION ""
| #define PACKAGE_STRING ""
| #define PACKAGE_BUGREPORT ""
| #define STDC_HEADERS 1
| #define HAVE_SYS_TYPES_H 1
| #define HAVE_SYS_STAT_H 1
| #define HAVE_STDLIB_H 1
| #define HAVE_STRING_H 1
| #define HAVE_MEMORY_H 1
| #define HAVE_STRINGS_H 1
| #define HAVE_INTTYPES_H 1
| #define HAVE_STDINT_H 1
| #define HAVE_UNISTD_H 1
| #define HAVE_DLFCN_H 1
| #define LT_OBJDIR ".libs/"
| #define HAVE_FORK 1
| #define HAVE_VFORK 1
| /* end confdefs.h.  */
| #include <stdio.h>
| #ifdef HAVE_SYS_TYPES_H
| # include <sys/types.h>
| #endif
| #ifdef HAVE_SYS_STAT_H
| # include <sys/stat.h>
| #endif
| #ifdef STDC_HEADERS
| # include <stdlib.h>
| # include <stddef.h>
| #else
| # ifdef HAVE_STDLIB_H
| #  include <stdlib.h>
| # endif
| #endif
| #ifdef HAVE_STRING_H
| # if !defined STDC_HEADERS && defined HAVE_MEMORY_H
| #  include <memory.h>
| # endif
| # include <string.h>
| #endif
| #ifdef HAVE_STRINGS_H
| # include <strings.h>
| #endif
| #ifdef HAVE_INTTYPES_H
| # include <inttypes.h>
| #endif
| #ifdef HAVE_STDINT_H
| # include <stdint.h>
| #endif
| #ifdef HAVE_UNISTD_H
| # include <unistd.h>
| #endif
| #include <FLAC/export.h>
configure:13733: result: no
configure:13737: checking FLAC/export.h presence
configure:13752: mipsel-linux-gcc -E   -D_GNU_SOURCE=1 conftest.c
conftest.c:22:25: fatal error: FLAC/export.h: No such file or directory
compilation terminated.
configure:13758: $? = 1
configure: failed program was:
| /* confdefs.h.  */
| #define PACKAGE_NAME ""
| #define PACKAGE_TARNAME ""
| #define PACKAGE_VERSION ""
| #define PACKAGE_STRING ""
| #define PACKAGE_BUGREPORT ""
| #define STDC_HEADERS 1
| #define HAVE_SYS_TYPES_H 1
| #define HAVE_SYS_STAT_H 1
| #define HAVE_STDLIB_H 1
| #define HAVE_STRING_H 1
| #define HAVE_MEMORY_H 1
| #define HAVE_STRINGS_H 1
| #define HAVE_INTTYPES_H 1
| #define HAVE_STDINT_H 1
| #define HAVE_UNISTD_H 1
| #define HAVE_DLFCN_H 1
| #define LT_OBJDIR ".libs/"
| #define HAVE_FORK 1
| #define HAVE_VFORK 1
| /* end confdefs.h.  */
| #include <FLAC/export.h>
configure:13772: result: no
configure:13800: checking for FLAC/export.h
configure:13807: result: no
configure:14096: WARNING: *** Unable to find FLAC library (http://flac.sourceforge.net/)
configure:14098: WARNING: FLAC support disabled
configure:14118: checking signal.h usability
configure:14135: mipsel-linux-gcc -c -g -O2  -D_GNU_SOURCE=1 -DLIBMIKMOD_MUSIC    -D_GNU_SOURCE=1 conftest.c >&5
configure:14141: $? = 0
configure:14155: result: yes
configure:14159: checking signal.h presence
configure:14174: mipsel-linux-gcc -E   -D_GNU_SOURCE=1 conftest.c
configure:14180: $? = 0
configure:14194: result: yes
configure:14222: checking for signal.h
configure:14230: result: yes
configure:14247: checking for setbuf
configure:14303: mipsel-linux-gcc -o conftest -g -O2  -D_GNU_SOURCE=1 -DLIBMIKMOD_MUSIC    -D_GNU_SOURCE=1   conftest.c  -L/usr/lib -lmikmod >&5
mipsel-linux-gcc: WARNING: unsafe header/library path used in cross-compilation: '-L/usr/lib'
/home/steward/Downloads/buildroot-2017.02.9/output/host/usr/lib/gcc/mipsel-buildroot-linux-uclibc/5.4.0/../../../../mipsel-buildroot-linux-uclibc/bin/ld: warning: library search path "/usr/lib" is unsafe for cross-compilation
configure:14309: $? = 0
configure:14327: result: yes
configure:14393: checking for smpeg-config
configure:14411: found /usr/bin/smpeg-config
configure:14424: result: /usr/bin/smpeg-config
configure:14433: checking for SMPEG - version >= 0.4.3
configure:14560: result: yes
configure:14942: creating ./config.status

## ---------------------- ##
## Running config.status. ##
## ---------------------- ##

This file was extended by config.status, which was
generated by GNU Autoconf 2.61.  Invocation command line was

  CONFIG_FILES    = 
  CONFIG_HEADERS  = 
  CONFIG_LINKS    = 
  CONFIG_COMMANDS = 
  $ ./config.status 

on debian

config.status:1022: executing libtool commands
configure:16975: creating ./config.status

## ---------------------- ##
## Running config.status. ##
## ---------------------- ##

This file was extended by config.status, which was
generated by GNU Autoconf 2.61.  Invocation command line was

  CONFIG_FILES    = 
  CONFIG_HEADERS  = 
  CONFIG_LINKS    = 
  CONFIG_COMMANDS = 
  $ ./config.status 

on debian

config.status:909: creating Makefile
config.status:909: creating SDL_mixer.spec
config.status:909: creating SDL_mixer.qpg
config.status:909: creating SDL_mixer.pc
config.status:1094: executing libtool commands
config.status:1094: executing default commands

## ---------------- ##
## Cache variables. ##
## ---------------- ##

ac_cv_build=x86_64-unknown-linux-gnu
ac_cv_c_compiler_gnu=yes
ac_cv_c_const=yes
ac_cv_env_CC_set=set
ac_cv_env_CC_value=mipsel-linux-gcc
ac_cv_env_CFLAGS_set=
ac_cv_env_CFLAGS_value=
ac_cv_env_CPPFLAGS_set=
ac_cv_env_CPPFLAGS_value=
ac_cv_env_CPP_set=
ac_cv_env_CPP_value=
ac_cv_env_LDFLAGS_set=
ac_cv_env_LDFLAGS_value=
ac_cv_env_LIBS_set=
ac_cv_env_LIBS_value=
ac_cv_env_MODPLUG_CFLAGS_set=
ac_cv_env_MODPLUG_CFLAGS_value=
ac_cv_env_MODPLUG_LIBS_set=
ac_cv_env_MODPLUG_LIBS_value=
ac_cv_env_PKG_CONFIG_set=
ac_cv_env_PKG_CONFIG_value=
ac_cv_env_SDL_CFLAGS_set=
ac_cv_env_SDL_CFLAGS_value=
ac_cv_env_SDL_LIBS_set=
ac_cv_env_SDL_LIBS_value=
ac_cv_env_build_alias_set=
ac_cv_env_build_alias_value=
ac_cv_env_host_alias_set=set
ac_cv_env_host_alias_value=mipsel-linux
ac_cv_env_target_alias_set=
ac_cv_env_target_alias_value=
ac_cv_func_fork=yes
ac_cv_func_setbuf=yes
ac_cv_func_vfork=yes
ac_cv_header_FLAC_export_h=no
ac_cv_header_dlfcn_h=yes
ac_cv_header_fluidsynth_h=no
ac_cv_header_inttypes_h=yes
ac_cv_header_memory_h=yes
ac_cv_header_signal_h=yes
ac_cv_header_stdc=yes
ac_cv_header_stdint_h=yes
ac_cv_header_stdlib_h=yes
ac_cv_header_string_h=yes
ac_cv_header_strings_h=yes
ac_cv_header_sys_stat_h=yes
ac_cv_header_sys_types_h=yes
ac_cv_header_unistd_h=yes
ac_cv_header_vorbis_vorbisfile_h=yes
ac_cv_host=mipsel-unknown-linux-gnu
ac_cv_lib_fluidsynth_fluid_player_add_mem=no
ac_cv_lib_m_pow=yes
ac_cv_lib_vorbisfile_ov_open_callbacks=yes
ac_cv_objext=o
ac_cv_path_EGREP='/bin/grep -E'
ac_cv_path_FGREP='/bin/grep -F'
ac_cv_path_GREP=/bin/grep
ac_cv_path_LIBMIKMOD_CONFIG=/usr/bin/libmikmod-config
ac_cv_path_SED=/bin/sed
ac_cv_path_SMPEG_CONFIG=/usr/bin/smpeg-config
ac_cv_path_ac_pt_PKG_CONFIG=/usr/bin/pkg-config
ac_cv_path_install='/usr/bin/install -c'
ac_cv_prog_AR=mipsel-linux-ar
ac_cv_prog_CC=mipsel-linux-gcc
ac_cv_prog_CPP='mipsel-linux-gcc -E'
ac_cv_prog_OBJDUMP=mipsel-linux-objdump
ac_cv_prog_RANLIB=mipsel-linux-ranlib
ac_cv_prog_STRIP=mipsel-linux-strip
ac_cv_prog_cc_c89=
ac_cv_prog_cc_g=yes
ac_cv_prog_make_make_set=yes
lt_cv_deplibs_check_method=pass_all
lt_cv_file_magic_cmd='$MAGIC_CMD'
lt_cv_file_magic_test_file=
lt_cv_ld_reload_flag=-r
lt_cv_nm_interface='BSD nm'
lt_cv_objdir=.libs
lt_cv_path_LD=mipsel-linux-ld
lt_cv_path_NM='/home/steward/Downloads/buildroot-2017.02.9/output/host/usr/bin//mipsel-linux-nm -B'
lt_cv_prog_compiler_c_o=yes
lt_cv_prog_compiler_pic_works=yes
lt_cv_prog_compiler_rtti_exceptions=no
lt_cv_prog_compiler_static_works=yes
lt_cv_prog_gnu_ld=yes
lt_cv_sys_global_symbol_pipe='sed -n -e '\''s/^.*[	 ]\([ABCDGIRSTW][ABCDGIRSTW]*\)[	 ][	 ]*\([_A-Za-z][_A-Za-z0-9]*\)$/\1 \2 \2/p'\'''
lt_cv_sys_global_symbol_to_c_name_address='sed -n -e '\''s/^: \([^ ]*\) $/  {\"\1\", (void *) 0},/p'\'' -e '\''s/^[ABCDGIRSTW]* \([^ ]*\) \([^ ]*\)$/  {"\2", (void *) \&\2},/p'\'''
lt_cv_sys_global_symbol_to_c_name_address_lib_prefix='sed -n -e '\''s/^: \([^ ]*\) $/  {\"\1\", (void *) 0},/p'\'' -e '\''s/^[ABCDGIRSTW]* \([^ ]*\) \(lib[^ ]*\)$/  {"\2", (void *) \&\2},/p'\'' -e '\''s/^[ABCDGIRSTW]* \([^ ]*\) \([^ ]*\)$/  {"lib\2", (void *) \&\2},/p'\'''
lt_cv_sys_global_symbol_to_cdecl='sed -n -e '\''s/^T .* \(.*\)$/extern int \1();/p'\'' -e '\''s/^[ABCDGIRSTW]* .* \(.*\)$/extern char \1;/p'\'''
lt_cv_sys_max_cmd_len=1572864
pkg_cv_SDL_CFLAGS='-D_GNU_SOURCE=1 -D_REENTRANT -I/usr/include/SDL'
pkg_cv_SDL_LIBS=-lSDL

## ----------------- ##
## Output variables. ##
## ----------------- ##

AR='mipsel-linux-ar'
AS='mipsel-linux-as'
BINARY_AGE='12'
BUILD_CFLAGS='-g -O2 '
BUILD_LDFLAGS=''
CC='mipsel-linux-gcc'
CFLAGS='-g -O2  -D_GNU_SOURCE=1 -DLIBMIKMOD_MUSIC '
CPP='mipsel-linux-gcc -E'
CPPFLAGS='  -D_GNU_SOURCE=1'
DEFS='-DPACKAGE_NAME=\"\" -DPACKAGE_TARNAME=\"\" -DPACKAGE_VERSION=\"\" -DPACKAGE_STRING=\"\" -DPACKAGE_BUGREPORT=\"\" -DSTDC_HEADERS=1 -DHAVE_SYS_TYPES_H=1 -DHAVE_SYS_STAT_H=1 -DHAVE_STDLIB_H=1 -DHAVE_STRING_H=1 -DHAVE_MEMORY_H=1 -DHAVE_STRINGS_H=1 -DHAVE_INTTYPES_H=1 -DHAVE_STDINT_H=1 -DHAVE_UNISTD_H=1 -DHAVE_DLFCN_H=1 -DLT_OBJDIR=\".libs/\" -DHAVE_FORK=1 -DHAVE_VFORK=1 -DHAVE_SIGNAL_H=1 -DHAVE_SETBUF=1'
DLLTOOL='dlltool'
DSYMUTIL=''
DUMPBIN=''
ECHO_C=''
ECHO_N='-n'
ECHO_T=''
EGREP='/bin/grep -E'
EXE=''
EXEEXT=''
EXTRA_CFLAGS=' -D_GNU_SOURCE=1 -D_GNU_SOURCE=1 -D_REENTRANT -I/usr/include/SDL -fvisibility=hidden -DHAVE_FORK -DCMD_MUSIC -DWAV_MUSIC -DMOD_MUSIC  -DMOD_DYNAMIC=\"libmikmod.so.3\" -DMID_MUSIC -DUSE_TIMIDITY_MIDI -I$(srcdir)/timidity -DOGG_MUSIC -DOGG_DYNAMIC=\"libvorbisfile.so.3\" -DHAVE_SIGNAL_H -DHAVE_SETBUF -DMP3_MUSIC -I/usr/include/smpeg -I/usr/include/SDL -D_GNU_SOURCE=1 -D_REENTRANT'
EXTRA_LDFLAGS=' -lSDL -L/usr/lib/x86_64-linux-gnu -lsmpeg -L/usr/lib/x86_64-linux-gnu -lSDL -lm'
FGREP='/bin/grep -F'
GREP='/bin/grep'
INSTALL_DATA='${INSTALL} -m 644'
INSTALL_PROGRAM='${INSTALL}'
INSTALL_SCRIPT='${INSTALL}'
INTERFACE_AGE='0'
LD='mipsel-linux-ld'
LDFLAGS=' '
LIBMIKMOD_CONFIG='/usr/bin/libmikmod-config'
LIBOBJS=''
LIBS=' -L/usr/lib -lmikmod'
LIBTOOL='$(SHELL) $(top_builddir)/libtool'
LIPO=''
LN_S='ln -s'
LTLIBOBJS=''
LT_AGE='12'
LT_CURRENT='12'
LT_RELEASE='1.2'
LT_REVISION='0'
MAJOR_VERSION='1'
MICRO_VERSION='12'
MINOR_VERSION='2'
MODPLUG_CFLAGS=''
MODPLUG_LIBS=''
NM='/home/steward/Downloads/buildroot-2017.02.9/output/host/usr/bin//mipsel-linux-nm -B'
NMEDIT=''
OBJDUMP='mipsel-linux-objdump'
OBJECTS='$(objects)/effect_position.lo $(objects)/effect_stereoreverse.lo $(objects)/effects_internal.lo $(objects)/load_aiff.lo $(objects)/load_voc.lo $(objects)/mixer.lo $(objects)/music.lo $(objects)/music_cmd.lo $(objects)/wavestream.lo $(objects)/dynamic_mod.lo $(objects)/music_mod.lo $(objects)/common.lo $(objects)/ctrlmode.lo $(objects)/filter.lo $(objects)/instrum.lo $(objects)/mix.lo $(objects)/output.lo $(objects)/playmidi.lo $(objects)/readmidi.lo $(objects)/resample.lo $(objects)/sdl_a.lo $(objects)/sdl_c.lo $(objects)/tables.lo $(objects)/timidity.lo $(objects)/dynamic_ogg.lo $(objects)/load_ogg.lo $(objects)/music_ogg.lo $(objects)/dynamic_mp3.lo '
OBJEXT='o'
OTOOL64=''
OTOOL=''
PACKAGE_BUGREPORT=''
PACKAGE_NAME=''
PACKAGE_STRING=''
PACKAGE_TARNAME=''
PACKAGE_VERSION=''
PATH_SEPARATOR=':'
PKG_CONFIG='/usr/bin/pkg-config'
PLAYMUS_OBJECTS='$(objects)/playmus.lo'
PLAYWAVE_OBJECTS='$(objects)/playwave.lo'
RANLIB='mipsel-linux-ranlib'
SDL_CFLAGS='-D_GNU_SOURCE=1 -D_REENTRANT -I/usr/include/SDL'
SDL_CONFIG='pkg-config sdl'
SDL_LIBS='-lSDL'
SDL_VERSION='1.2.10'
SED='/bin/sed'
SET_MAKE=''
SHELL='/bin/bash'
SMPEG_CFLAGS='-I/usr/include/smpeg -I/usr/include/SDL -D_GNU_SOURCE=1 -D_REENTRANT'
SMPEG_CONFIG='/usr/bin/smpeg-config'
SMPEG_LIBS='-L/usr/lib/x86_64-linux-gnu -lsmpeg -L/usr/lib/x86_64-linux-gnu -lSDL'
STRIP='mipsel-linux-strip'
VERSION='1.2.12'
VERSION_OBJECTS=''
WINDRES=''
ac_aux_dir='./build-scripts'
ac_ct_CC=''
ac_ct_DUMPBIN=''
bindir='${exec_prefix}/bin'
build='x86_64-unknown-linux-gnu'
build_alias=''
build_cpu='x86_64'
build_os='linux-gnu'
build_vendor='unknown'
datadir='${datarootdir}'
datarootdir='${prefix}/share'
docdir='${datarootdir}/doc/${PACKAGE}'
dvidir='${docdir}'
exec_prefix='${prefix}'
host='mipsel-unknown-linux-gnu'
host_alias='mipsel-linux'
host_cpu='mipsel'
host_os='linux-gnu'
host_vendor='unknown'
htmldir='${docdir}'
includedir='${prefix}/include'
infodir='${datarootdir}/info'
libdir='${exec_prefix}/lib'
libexecdir='${exec_prefix}/libexec'
localedir='${datarootdir}/locale'
localstatedir='${prefix}/var'
lt_ECHO='echo'
mandir='${datarootdir}/man'
oldincludedir='/usr/include'
pdfdir='${docdir}'
prefix='/usr/local'
program_transform_name='s,x,x,'
psdir='${docdir}'
sbindir='${exec_prefix}/sbin'
sharedstatedir='${prefix}/com'
sysconfdir='${prefix}/etc'
target_alias=''

## ----------- ##
## confdefs.h. ##
## ----------- ##

#define PACKAGE_NAME ""
#define PACKAGE_TARNAME ""
#define PACKAGE_VERSION ""
#define PACKAGE_STRING ""
#define PACKAGE_BUGREPORT ""
#define STDC_HEADERS 1
#define HAVE_SYS_TYPES_H 1
#define HAVE_SYS_STAT_H 1
#define HAVE_STDLIB_H 1
#define HAVE_STRING_H 1
#define HAVE_MEMORY_H 1
#define HAVE_STRINGS_H 1
#define HAVE_INTTYPES_H 1
#define HAVE_STDINT_H 1
#define HAVE_UNISTD_H 1
#define HAVE_DLFCN_H 1
#define LT_OBJDIR ".libs/"
#define HAVE_FORK 1
#define HAVE_VFORK 1
#define HAVE_SIGNAL_H 1
#define HAVE_SETBUF 1

configure: exit 0
