This file contains any messages produced by compilers while
running configure, to aid debugging if configure makes a mistake.

It was created by configure, which was
generated by GNU Autoconf 2.69.  Invocation command line was

  $ ./configure --host=mipsel-linux host_alias=mipsel-linux --no-create --no-recursion

## --------- ##
## Platform. ##
## --------- ##

hostname = debian
uname -m = x86_64
uname -r = 4.9.0-4-amd64
uname -s = Linux
uname -v = #1 SMP Debian 4.9.65-3 (2017-12-03)

/usr/bin/uname -p = unknown
/bin/uname -X     = unknown

/bin/arch              = unknown
/usr/bin/arch -k       = unknown
/usr/convex/getsysinfo = unknown
/usr/bin/hostinfo      = unknown
/bin/machine           = unknown
/usr/bin/oslevel       = unknown
/bin/universe          = unknown

PATH: /usr/local/bin
PATH: /usr/bin
PATH: /bin
PATH: /usr/local/games
PATH: /usr/games
PATH: /home/steward/Downloads/buildroot-2017.02.9/output/host/usr/bin/


## ----------- ##
## Core tests. ##
## ----------- ##

configure:2352: checking build system type
configure:2366: result: x86_64-pc-linux-gnu
configure:2386: checking host system type
configure:2399: result: mipsel-unknown-linux-gnu
configure:2419: checking target system type
configure:2432: result: mipsel-unknown-linux-gnu
configure:2478: checking for a BSD-compatible install
configure:2546: result: /usr/bin/install -c
configure:2557: checking whether build environment is sane
configure:2612: result: yes
configure:2671: checking for mipsel-linux-strip
configure:2687: found /home/steward/Downloads/buildroot-2017.02.9/output/host/usr/bin//mipsel-linux-strip
configure:2698: result: mipsel-linux-strip
configure:2763: checking for a thread-safe mkdir -p
configure:2802: result: /bin/mkdir -p
configure:2809: checking for gawk
configure:2825: found /usr/bin/gawk
configure:2836: result: gawk
configure:2847: checking whether make sets $(MAKE)
configure:2869: result: yes
configure:2898: checking whether make supports nested variables
configure:2915: result: yes
configure:3044: checking whether to enable maintainer-specific portions of Makefiles
configure:3053: result: no
configure:3085: checking for mipsel-linux-gcc
configure:3101: found /home/steward/Downloads/buildroot-2017.02.9/output/host/usr/bin//mipsel-linux-gcc
configure:3112: result: mipsel-linux-gcc
configure:3381: checking for C compiler version
configure:3390: mipsel-linux-gcc --version >&5
mipsel-linux-gcc.br_real (Buildroot 2017.02.9) 5.4.0
Copyright (C) 2015 Free Software Foundation, Inc.
This is free software; see the source for copying conditions.  There is NO
warranty; not even for MERCHANTABILITY or FITNESS FOR A PARTICULAR PURPOSE.

configure:3401: $? = 0
configure:3390: mipsel-linux-gcc -v >&5
Using built-in specs.
COLLECT_GCC=/home/steward/Downloads/buildroot-2017.02.9/output/host/usr/bin/mipsel-linux-gcc.br_real
COLLECT_LTO_WRAPPER=/home/steward/Downloads/buildroot-2017.02.9/output/host/usr/libexec/gcc/mipsel-buildroot-linux-uclibc/5.4.0/lto-wrapper
Target: mipsel-buildroot-linux-uclibc
Configured with: ./configure --prefix=/home/steward/Downloads/buildroot-2017.02.9/output/host/usr --sysconfdir=/home/steward/Downloads/buildroot-2017.02.9/output/host/etc --enable-static --target=mipsel-buildroot-linux-uclibc --with-sysroot=/home/steward/Downloads/buildroot-2017.02.9/output/host/usr/mipsel-buildroot-linux-uclibc/sysroot --disable-__cxa_atexit --with-gnu-ld --disable-libssp --disable-multilib --with-gmp=/home/steward/Downloads/buildroot-2017.02.9/output/host/usr --with-mpc=/home/steward/Downloads/buildroot-2017.02.9/output/host/usr --with-mpfr=/home/steward/Downloads/buildroot-2017.02.9/output/host/usr --with-pkgversion='Buildroot 2017.02.9' --with-bugurl=http://bugs.buildroot.net/ --disable-libquadmath --disable-libsanitizer --enable-tls --disable-libmudflap --enable-threads --without-isl --without-cloog --disable-decimal-float --with-arch=mips32 --with-abi=32 --enable-languages=c,c++ --with-build-time-tools=/home/steward/Downloads/buildroot-2017.02.9/output/host/usr/mipsel-buildroot-linux-uclibc/bin --enable-shared --disable-libgomp
Thread model: posix
gcc version 5.4.0 (Buildroot 2017.02.9) 
configure:3401: $? = 0
configure:3390: mipsel-linux-gcc -V >&5
mipsel-linux-gcc.br_real: error: unrecognized command line option '-V'
mipsel-linux-gcc.br_real: fatal error: no input files
compilation terminated.
configure:3401: $? = 1
configure:3390: mipsel-linux-gcc -qversion >&5
mipsel-linux-gcc.br_real: error: unrecognized command line option '-qversion'
mipsel-linux-gcc.br_real: fatal error: no input files
compilation terminated.
configure:3401: $? = 1
configure:3421: checking whether the C compiler works
configure:3443: mipsel-linux-gcc    conftest.c  >&5
configure:3447: $? = 0
configure:3495: result: yes
configure:3498: checking for C compiler default output file name
configure:3500: result: a.out
configure:3506: checking for suffix of executables
configure:3513: mipsel-linux-gcc -o conftest    conftest.c  >&5
configure:3517: $? = 0
configure:3539: result: 
configure:3561: checking whether we are cross compiling
configure:3569: mipsel-linux-gcc -o conftest    conftest.c  >&5
configure:3573: $? = 0
configure:3580: ./conftest
./configure: line 3582: ./conftest: cannot execute binary file: Exec format error
configure:3584: $? = 126
configure:3599: result: yes
configure:3604: checking for suffix of object files
configure:3626: mipsel-linux-gcc -c   conftest.c >&5
configure:3630: $? = 0
configure:3651: result: o
configure:3655: checking whether we are using the GNU C compiler
configure:3674: mipsel-linux-gcc -c   conftest.c >&5
configure:3674: $? = 0
configure:3683: result: yes
configure:3692: checking whether mipsel-linux-gcc accepts -g
configure:3712: mipsel-linux-gcc -c -g  conftest.c >&5
configure:3712: $? = 0
configure:3753: result: yes
configure:3770: checking for mipsel-linux-gcc option to accept ISO C89
configure:3833: mipsel-linux-gcc  -c -g -O2  conftest.c >&5
configure:3833: $? = 0
configure:3846: result: none needed
configure:3871: checking whether mipsel-linux-gcc understands -c and -o together
configure:3893: mipsel-linux-gcc -c conftest.c -o conftest2.o
configure:3896: $? = 0
configure:3893: mipsel-linux-gcc -c conftest.c -o conftest2.o
configure:3896: $? = 0
configure:3908: result: yes
configure:3936: checking for style of include used by make
configure:3964: result: GNU
configure:3990: checking dependency style of mipsel-linux-gcc
configure:4101: result: gcc3
configure:4121: checking how to run the C preprocessor
configure:4152: mipsel-linux-gcc -E  conftest.c
configure:4152: $? = 0
configure:4166: mipsel-linux-gcc -E  conftest.c
conftest.c:11:28: fatal error: ac_nonexistent.h: No such file or directory
compilation terminated.
configure:4166: $? = 1
configure: failed program was:
| /* confdefs.h */
| #define PACKAGE_NAME ""
| #define PACKAGE_TARNAME ""
| #define PACKAGE_VERSION ""
| #define PACKAGE_STRING ""
| #define PACKAGE_BUGREPORT ""
| #define PACKAGE_URL ""
| #define PACKAGE "libvorbisidec"
| #define VERSION "1.2.1"
| /* end confdefs.h.  */
| #include <ac_nonexistent.h>
configure:4191: result: mipsel-linux-gcc -E
configure:4211: mipsel-linux-gcc -E  conftest.c
configure:4211: $? = 0
configure:4225: mipsel-linux-gcc -E  conftest.c
conftest.c:11:28: fatal error: ac_nonexistent.h: No such file or directory
compilation terminated.
configure:4225: $? = 1
configure: failed program was:
| /* confdefs.h */
| #define PACKAGE_NAME ""
| #define PACKAGE_TARNAME ""
| #define PACKAGE_VERSION ""
| #define PACKAGE_STRING ""
| #define PACKAGE_BUGREPORT ""
| #define PACKAGE_URL ""
| #define PACKAGE "libvorbisidec"
| #define VERSION "1.2.1"
| /* end confdefs.h.  */
| #include <ac_nonexistent.h>
configure:4301: checking how to print strings
configure:4328: result: printf
configure:4349: checking for a sed that does not truncate output
configure:4413: result: /bin/sed
configure:4431: checking for grep that handles long lines and -e
configure:4489: result: /bin/grep
configure:4494: checking for egrep
configure:4556: result: /bin/grep -E
configure:4561: checking for fgrep
configure:4623: result: /bin/grep -F
configure:4658: checking for ld used by mipsel-linux-gcc
configure:4725: result: /home/steward/Downloads/buildroot-2017.02.9/output/host/usr/mipsel-buildroot-linux-uclibc/bin/ld
configure:4732: checking if the linker (/home/steward/Downloads/buildroot-2017.02.9/output/host/usr/mipsel-buildroot-linux-uclibc/bin/ld) is GNU ld
configure:4747: result: yes
configure:4759: checking for BSD- or MS-compatible name lister (nm)
configure:4813: result: /home/steward/Downloads/buildroot-2017.02.9/output/host/usr/bin//mipsel-linux-nm -B
configure:4943: checking the name lister (/home/steward/Downloads/buildroot-2017.02.9/output/host/usr/bin//mipsel-linux-nm -B) interface
configure:4950: mipsel-linux-gcc -c   conftest.c >&5
configure:4953: /home/steward/Downloads/buildroot-2017.02.9/output/host/usr/bin//mipsel-linux-nm -B "conftest.o"
configure:4956: output
00000000 B some_variable
configure:4963: result: BSD nm
configure:4966: checking whether ln -s works
configure:4970: result: yes
configure:4978: checking the maximum length of command line arguments
configure:5109: result: 1572864
configure:5157: checking how to convert x86_64-pc-linux-gnu file names to mipsel-unknown-linux-gnu format
configure:5197: result: func_convert_file_noop
configure:5204: checking how to convert x86_64-pc-linux-gnu file names to toolchain format
configure:5224: result: func_convert_file_noop
configure:5231: checking for /home/steward/Downloads/buildroot-2017.02.9/output/host/usr/mipsel-buildroot-linux-uclibc/bin/ld option to reload object files
configure:5238: result: -r
configure:5272: checking for mipsel-linux-objdump
configure:5288: found /home/steward/Downloads/buildroot-2017.02.9/output/host/usr/bin//mipsel-linux-objdump
configure:5299: result: mipsel-linux-objdump
configure:5371: checking how to recognize dependent libraries
configure:5571: result: pass_all
configure:5616: checking for mipsel-linux-dlltool
configure:5646: result: no
configure:5656: checking for dlltool
configure:5686: result: no
configure:5716: checking how to associate runtime and link libraries
configure:5743: result: printf %s\n
configure:5760: checking for mipsel-linux-ar
configure:5776: found /home/steward/Downloads/buildroot-2017.02.9/output/host/usr/bin//mipsel-linux-ar
configure:5787: result: mipsel-linux-ar
configure:5868: checking for archiver @FILE support
configure:5885: mipsel-linux-gcc -c   conftest.c >&5
configure:5885: $? = 0
configure:5888: mipsel-linux-ar cru libconftest.a @conftest.lst >&5
configure:5891: $? = 0
configure:5896: mipsel-linux-ar cru libconftest.a @conftest.lst >&5
mipsel-linux-ar: conftest.o: No such file or directory
configure:5899: $? = 1
configure:5911: result: @
configure:5929: checking for mipsel-linux-strip
configure:5956: result: mipsel-linux-strip
configure:6028: checking for mipsel-linux-ranlib
configure:6044: found /home/steward/Downloads/buildroot-2017.02.9/output/host/usr/bin//mipsel-linux-ranlib
configure:6055: result: mipsel-linux-ranlib
configure:6197: checking command to parse /home/steward/Downloads/buildroot-2017.02.9/output/host/usr/bin//mipsel-linux-nm -B output from mipsel-linux-gcc object
configure:6350: mipsel-linux-gcc -c   conftest.c >&5
configure:6353: $? = 0
configure:6357: /home/steward/Downloads/buildroot-2017.02.9/output/host/usr/bin//mipsel-linux-nm -B conftest.o \| sed -n -e 's/^.*[ ]\([ABCDGIRSTW][ABCDGIRSTW]*\)[ ][ ]*\([_A-Za-z][_A-Za-z0-9]*\)$/\1 \2 \2/p' | sed '/ __gnu_lto/d' \> conftest.nm
configure:6360: $? = 0
configure:6426: mipsel-linux-gcc -o conftest    conftest.c conftstm.o >&5
configure:6429: $? = 0
configure:6467: result: ok
configure:6514: checking for sysroot
configure:6544: result: no
configure:6551: checking for a working dd
configure:6589: result: /bin/dd
configure:6593: checking how to truncate binary pipes
configure:6608: result: /bin/dd bs=4096 count=1
configure:6897: checking for mipsel-linux-mt
configure:6927: result: no
configure:6937: checking for mt
configure:6953: found /bin/mt
configure:6964: result: mt
configure:6976: WARNING: using cross tools not prefixed with host triplet
configure:6987: checking if mt is a manifest tool
configure:6993: mt '-?'
configure:7001: result: no
configure:7674: checking for ANSI C header files
configure:7694: mipsel-linux-gcc -c   conftest.c >&5
configure:7694: $? = 0
configure:7778: result: yes
configure:7791: checking for sys/types.h
configure:7791: mipsel-linux-gcc -c   conftest.c >&5
configure:7791: $? = 0
configure:7791: result: yes
configure:7791: checking for sys/stat.h
configure:7791: mipsel-linux-gcc -c   conftest.c >&5
configure:7791: $? = 0
configure:7791: result: yes
configure:7791: checking for stdlib.h
configure:7791: mipsel-linux-gcc -c   conftest.c >&5
configure:7791: $? = 0
configure:7791: result: yes
configure:7791: checking for string.h
configure:7791: mipsel-linux-gcc -c   conftest.c >&5
configure:7791: $? = 0
configure:7791: result: yes
configure:7791: checking for memory.h
configure:7791: mipsel-linux-gcc -c   conftest.c >&5
configure:7791: $? = 0
configure:7791: result: yes
configure:7791: checking for strings.h
configure:7791: mipsel-linux-gcc -c   conftest.c >&5
configure:7791: $? = 0
configure:7791: result: yes
configure:7791: checking for inttypes.h
configure:7791: mipsel-linux-gcc -c   conftest.c >&5
configure:7791: $? = 0
configure:7791: result: yes
configure:7791: checking for stdint.h
configure:7791: mipsel-linux-gcc -c   conftest.c >&5
configure:7791: $? = 0
configure:7791: result: yes
configure:7791: checking for unistd.h
configure:7791: mipsel-linux-gcc -c   conftest.c >&5
configure:7791: $? = 0
configure:7791: result: yes
configure:7805: checking for dlfcn.h
configure:7805: mipsel-linux-gcc -c   conftest.c >&5
configure:7805: $? = 0
configure:7805: result: yes
configure:8061: checking for objdir
configure:8076: result: .libs
configure:8336: checking if mipsel-linux-gcc supports -fno-rtti -fno-exceptions
configure:8354: mipsel-linux-gcc -c   -fno-rtti -fno-exceptions conftest.c >&5
cc1: warning: command line option '-fno-rtti' is valid for C++/ObjC++ but not for C
configure:8358: $? = 0
configure:8371: result: no
configure:8729: checking for mipsel-linux-gcc option to produce PIC
configure:8736: result: -fPIC -DPIC
configure:8744: checking if mipsel-linux-gcc PIC flag -fPIC -DPIC works
configure:8762: mipsel-linux-gcc -c   -fPIC -DPIC -DPIC conftest.c >&5
configure:8766: $? = 0
configure:8779: result: yes
configure:8808: checking if mipsel-linux-gcc static flag -static works
configure:8836: result: yes
configure:8851: checking if mipsel-linux-gcc supports -c -o file.o
configure:8872: mipsel-linux-gcc -c   -o out/conftest2.o conftest.c >&5
configure:8876: $? = 0
configure:8898: result: yes
configure:8906: checking if mipsel-linux-gcc supports -c -o file.o
configure:8953: result: yes
configure:8986: checking whether the mipsel-linux-gcc linker (/home/steward/Downloads/buildroot-2017.02.9/output/host/usr/mipsel-buildroot-linux-uclibc/bin/ld) supports shared libraries
configure:10249: result: yes
configure:10286: checking whether -lc should be explicitly linked in
configure:10294: mipsel-linux-gcc -c   conftest.c >&5
configure:10297: $? = 0
configure:10312: mipsel-linux-gcc -shared  -fPIC -DPIC conftest.o  -v -Wl,-soname -Wl,conftest -o conftest 2\>\&1 \| /bin/grep  -lc  \>/dev/null 2\>\&1
configure:10315: $? = 0
configure:10329: result: no
configure:10489: checking dynamic linker characteristics
configure:11070: mipsel-linux-gcc -o conftest    -Wl,-rpath -Wl,/foo conftest.c  >&5
configure:11070: $? = 0
configure:11319: result: GNU/Linux ld.so
configure:11441: checking how to hardcode library paths into programs
configure:11466: result: immediate
configure:12014: checking whether stripping libraries is possible
configure:12019: result: yes
configure:12054: checking if libtool supports shared libraries
configure:12056: result: yes
configure:12059: checking whether to build shared libraries
configure:12084: result: yes
configure:12087: checking whether to build static libraries
configure:12091: result: yes
configure:12175: checking for ld used by mipsel-linux-gcc
configure:12242: result: /home/steward/Downloads/buildroot-2017.02.9/output/host/usr/mipsel-buildroot-linux-uclibc/bin/ld
configure:12249: checking if the linker (/home/steward/Downloads/buildroot-2017.02.9/output/host/usr/mipsel-buildroot-linux-uclibc/bin/ld) is GNU ld
configure:12264: result: yes
configure:12288: checking for memory.h
configure:12288: result: yes
configure:12311: checking for mipsel-linux-pkg-config
configure:12344: result: no
configure:12354: checking for pkg-config
configure:12372: found /usr/bin/pkg-config
configure:12384: result: /usr/bin/pkg-config
configure:12409: checking pkg-config is at least version 0.9.0
configure:12412: result: yes
configure:12426: checking for OGG
configure:12433: $PKG_CONFIG --exists --print-errors "ogg >= 1.0"
configure:12436: $? = 0
configure:12450: $PKG_CONFIG --exists --print-errors "ogg >= 1.0"
configure:12453: $? = 0
configure:12491: result: yes
configure:12674: checking for size_t
configure:12674: mipsel-linux-gcc -c -O2 -Wall -fsigned-char  -D_REENTRANT -DUSE_MEMORY_H  conftest.c >&5
configure:12674: $? = 0
configure:12674: mipsel-linux-gcc -c -O2 -Wall -fsigned-char  -D_REENTRANT -DUSE_MEMORY_H  conftest.c >&5
conftest.c: In function 'main':
conftest.c:59:21: error: expected expression before ')' token
 if (sizeof ((size_t)))
                     ^
configure:12674: $? = 1
configure: failed program was:
| /* confdefs.h */
| #define PACKAGE_NAME ""
| #define PACKAGE_TARNAME ""
| #define PACKAGE_VERSION ""
| #define PACKAGE_STRING ""
| #define PACKAGE_BUGREPORT ""
| #define PACKAGE_URL ""
| #define PACKAGE "libvorbisidec"
| #define VERSION "1.2.1"
| #define STDC_HEADERS 1
| #define HAVE_SYS_TYPES_H 1
| #define HAVE_SYS_STAT_H 1
| #define HAVE_STDLIB_H 1
| #define HAVE_STRING_H 1
| #define HAVE_MEMORY_H 1
| #define HAVE_STRINGS_H 1
| #define HAVE_INTTYPES_H 1
| #define HAVE_STDINT_H 1
| #define HAVE_UNISTD_H 1
| #define HAVE_DLFCN_H 1
| #define LT_OBJDIR ".libs/"
| /* end confdefs.h.  */
| #include <stdio.h>
| #ifdef HAVE_SYS_TYPES_H
| # include <sys/types.h>
| #endif
| #ifdef HAVE_SYS_STAT_H
| # include <sys/stat.h>
| #endif
| #ifdef STDC_HEADERS
| # include <stdlib.h>
| # include <stddef.h>
| #else
| # ifdef HAVE_STDLIB_H
| #  include <stdlib.h>
| # endif
| #endif
| #ifdef HAVE_STRING_H
| # if !defined STDC_HEADERS && defined HAVE_MEMORY_H
| #  include <memory.h>
| # endif
| # include <string.h>
| #endif
| #ifdef HAVE_STRINGS_H
| # include <strings.h>
| #endif
| #ifdef HAVE_INTTYPES_H
| # include <inttypes.h>
| #endif
| #ifdef HAVE_STDINT_H
| # include <stdint.h>
| #endif
| #ifdef HAVE_UNISTD_H
| # include <unistd.h>
| #endif
| int
| main ()
| {
| if (sizeof ((size_t)))
| 	    return 0;
|   ;
|   return 0;
| }
configure:12674: result: yes
configure:12687: checking for working alloca.h
configure:12704: mipsel-linux-gcc -o conftest -O2 -Wall -fsigned-char  -D_REENTRANT -DUSE_MEMORY_H    -Wl,--version-script=Version_script conftest.c  >&5
configure:12704: $? = 0
configure:12712: result: yes
configure:12720: checking for alloca
configure:12757: mipsel-linux-gcc -o conftest -O2 -Wall -fsigned-char  -D_REENTRANT -DUSE_MEMORY_H    -Wl,--version-script=Version_script conftest.c  >&5
configure:12757: $? = 0
configure:12765: result: yes
configure:12871: checking for working memcmp
configure:12924: result: no
configure:13051: checking that generated files are newer than configure
configure:13057: result: done
configure:13084: creating ./config.status

## ---------------- ##
## Cache variables. ##
## ---------------- ##

ac_cv_build=x86_64-pc-linux-gnu
ac_cv_c_compiler_gnu=yes
ac_cv_env_CC_set=
ac_cv_env_CC_value=
ac_cv_env_CFLAGS_set=
ac_cv_env_CFLAGS_value=
ac_cv_env_CPPFLAGS_set=
ac_cv_env_CPPFLAGS_value=
ac_cv_env_CPP_set=
ac_cv_env_CPP_value=
ac_cv_env_LDFLAGS_set=
ac_cv_env_LDFLAGS_value=
ac_cv_env_LIBS_set=
ac_cv_env_LIBS_value=
ac_cv_env_LT_SYS_LIBRARY_PATH_set=
ac_cv_env_LT_SYS_LIBRARY_PATH_value=
ac_cv_env_OGG_CFLAGS_set=
ac_cv_env_OGG_CFLAGS_value=
ac_cv_env_OGG_LIBS_set=
ac_cv_env_OGG_LIBS_value=
ac_cv_env_PKG_CONFIG_LIBDIR_set=
ac_cv_env_PKG_CONFIG_LIBDIR_value=
ac_cv_env_PKG_CONFIG_PATH_set=
ac_cv_env_PKG_CONFIG_PATH_value=
ac_cv_env_PKG_CONFIG_set=
ac_cv_env_PKG_CONFIG_value=
ac_cv_env_build_alias_set=
ac_cv_env_build_alias_value=
ac_cv_env_host_alias_set=set
ac_cv_env_host_alias_value=mipsel-linux
ac_cv_env_target_alias_set=
ac_cv_env_target_alias_value=
ac_cv_func_alloca_works=yes
ac_cv_func_memcmp_working=no
ac_cv_header_dlfcn_h=yes
ac_cv_header_inttypes_h=yes
ac_cv_header_memory_h=yes
ac_cv_header_stdc=yes
ac_cv_header_stdint_h=yes
ac_cv_header_stdlib_h=yes
ac_cv_header_string_h=yes
ac_cv_header_strings_h=yes
ac_cv_header_sys_stat_h=yes
ac_cv_header_sys_types_h=yes
ac_cv_header_unistd_h=yes
ac_cv_host=mipsel-unknown-linux-gnu
ac_cv_objext=o
ac_cv_path_EGREP='/bin/grep -E'
ac_cv_path_FGREP='/bin/grep -F'
ac_cv_path_GREP=/bin/grep
ac_cv_path_SED=/bin/sed
ac_cv_path_ac_pt_PKG_CONFIG=/usr/bin/pkg-config
ac_cv_path_install='/usr/bin/install -c'
ac_cv_path_lt_DD=/bin/dd
ac_cv_path_mkdir=/bin/mkdir
ac_cv_prog_AR=mipsel-linux-ar
ac_cv_prog_AWK=gawk
ac_cv_prog_CC=mipsel-linux-gcc
ac_cv_prog_CPP='mipsel-linux-gcc -E'
ac_cv_prog_OBJDUMP=mipsel-linux-objdump
ac_cv_prog_RANLIB=mipsel-linux-ranlib
ac_cv_prog_STRIP=mipsel-linux-strip
ac_cv_prog_ac_ct_MANIFEST_TOOL=mt
ac_cv_prog_cc_c89=
ac_cv_prog_cc_g=yes
ac_cv_prog_make_make_set=yes
ac_cv_target=mipsel-unknown-linux-gnu
ac_cv_type_size_t=yes
ac_cv_working_alloca_h=yes
am_cv_CC_dependencies_compiler_type=gcc3
am_cv_make_support_nested_variables=yes
am_cv_prog_cc_c_o=yes
lt_cv_ar_at_file=@
lt_cv_archive_cmds_need_lc=no
lt_cv_deplibs_check_method=pass_all
lt_cv_file_magic_cmd='$MAGIC_CMD'
lt_cv_file_magic_test_file=
lt_cv_ld_reload_flag=-r
lt_cv_nm_interface='BSD nm'
lt_cv_objdir=.libs
lt_cv_path_LD=/home/steward/Downloads/buildroot-2017.02.9/output/host/usr/mipsel-buildroot-linux-uclibc/bin/ld
lt_cv_path_NM='/home/steward/Downloads/buildroot-2017.02.9/output/host/usr/bin//mipsel-linux-nm -B'
lt_cv_path_mainfest_tool=no
lt_cv_prog_compiler_c_o=yes
lt_cv_prog_compiler_pic='-fPIC -DPIC'
lt_cv_prog_compiler_pic_works=yes
lt_cv_prog_compiler_rtti_exceptions=no
lt_cv_prog_compiler_static_works=yes
lt_cv_prog_gnu_ld=yes
lt_cv_sharedlib_from_linklib_cmd='printf %s\n'
lt_cv_shlibpath_overrides_runpath=no
lt_cv_sys_global_symbol_pipe='sed -n -e '\''s/^.*[	 ]\([ABCDGIRSTW][ABCDGIRSTW]*\)[	 ][	 ]*\([_A-Za-z][_A-Za-z0-9]*\)$/\1 \2 \2/p'\'' | sed '\''/ __gnu_lto/d'\'''
lt_cv_sys_global_symbol_to_c_name_address='sed -n -e '\''s/^: \(.*\) .*$/  {"\1", (void *) 0},/p'\'' -e '\''s/^[ABCDGIRSTW][ABCDGIRSTW]* .* \(.*\)$/  {"\1", (void *) \&\1},/p'\'''
lt_cv_sys_global_symbol_to_c_name_address_lib_prefix='sed -n -e '\''s/^: \(.*\) .*$/  {"\1", (void *) 0},/p'\'' -e '\''s/^[ABCDGIRSTW][ABCDGIRSTW]* .* \(lib.*\)$/  {"\1", (void *) \&\1},/p'\'' -e '\''s/^[ABCDGIRSTW][ABCDGIRSTW]* .* \(.*\)$/  {"lib\1", (void *) \&\1},/p'\'''
lt_cv_sys_global_symbol_to_cdecl='sed -n -e '\''s/^T .* \(.*\)$/extern int \1();/p'\'' -e '\''s/^[ABCDGIRSTW][ABCDGIRSTW]* .* \(.*\)$/extern char \1;/p'\'''
lt_cv_sys_global_symbol_to_import=
lt_cv_sys_max_cmd_len=1572864
lt_cv_to_host_file_cmd=func_convert_file_noop
lt_cv_to_tool_file_cmd=func_convert_file_noop
lt_cv_truncate_bin='/bin/dd bs=4096 count=1'
pkg_cv_OGG_CFLAGS=
pkg_cv_OGG_LIBS=-logg

## ----------------- ##
## Output variables. ##
## ----------------- ##

ACLOCAL='${SHELL} /home/steward/Github/gh_retrogame_emulator/libvorbisidec/missing aclocal-1.15'
ALLOCA=''
AMDEPBACKSLASH='\'
AMDEP_FALSE='#'
AMDEP_TRUE=''
AMTAR='$${TAR-tar}'
AM_BACKSLASH='\'
AM_DEFAULT_V='$(AM_DEFAULT_VERBOSITY)'
AM_DEFAULT_VERBOSITY='1'
AM_V='$(V)'
AR='mipsel-linux-ar'
AUTOCONF='${SHELL} /home/steward/Github/gh_retrogame_emulator/libvorbisidec/missing autoconf'
AUTOHEADER='${SHELL} /home/steward/Github/gh_retrogame_emulator/libvorbisidec/missing autoheader'
AUTOMAKE='${SHELL} /home/steward/Github/gh_retrogame_emulator/libvorbisidec/missing automake-1.15'
AWK='gawk'
CC='mipsel-linux-gcc'
CCDEPMODE='depmode=gcc3'
CFLAGS='-O2 -Wall -fsigned-char  -D_REENTRANT -DUSE_MEMORY_H'
CPP='mipsel-linux-gcc -E'
CPPFLAGS=''
CYGPATH_W='echo'
DEBUG='-g -Wall -D__NO_MATH_INLINES -fsigned-char'
DEFS='-DHAVE_CONFIG_H'
DEPDIR='.deps'
DLLTOOL='false'
DSYMUTIL=''
DUMPBIN=''
ECHO_C=''
ECHO_N='-n'
ECHO_T=''
EGREP='/bin/grep -E'
EXEEXT=''
FGREP='/bin/grep -F'
GREP='/bin/grep'
INSTALL_DATA='${INSTALL} -m 644'
INSTALL_PROGRAM='${INSTALL}'
INSTALL_SCRIPT='${INSTALL}'
INSTALL_STRIP_PROGRAM='$(install_sh) -c -s'
LD='/home/steward/Downloads/buildroot-2017.02.9/output/host/usr/mipsel-buildroot-linux-uclibc/bin/ld'
LDFLAGS='  -Wl,--version-script=Version_script'
LIBOBJS=' ${LIBOBJDIR}memcmp$U.o'
LIBS=''
LIBTOOL='$(SHELL) $(top_builddir)/libtool'
LIPO=''
LN_S='ln -s'
LTLIBOBJS=' ${LIBOBJDIR}memcmp$U.lo'
LT_SYS_LIBRARY_PATH=''
MAINT='#'
MAINTAINER_MODE_FALSE=''
MAINTAINER_MODE_TRUE='#'
MAKEINFO='${SHELL} /home/steward/Github/gh_retrogame_emulator/libvorbisidec/missing makeinfo'
MANIFEST_TOOL=':'
MKDIR_P='/bin/mkdir -p'
NM='/home/steward/Downloads/buildroot-2017.02.9/output/host/usr/bin//mipsel-linux-nm -B'
NMEDIT=''
OBJDUMP='mipsel-linux-objdump'
OBJEXT='o'
OGG_CFLAGS=''
OGG_LIBS='-logg'
OTOOL64=''
OTOOL=''
PACKAGE='libvorbisidec'
PACKAGE_BUGREPORT=''
PACKAGE_NAME=''
PACKAGE_STRING=''
PACKAGE_TARNAME=''
PACKAGE_URL=''
PACKAGE_VERSION=''
PATH_SEPARATOR=':'
PKG_CONFIG='/usr/bin/pkg-config'
PKG_CONFIG_LIBDIR=''
PKG_CONFIG_PATH=''
PROFILE='-Wall -pg -g -O2 -fsigned-char -fno-inline-functions'
RANLIB='mipsel-linux-ranlib'
SED='/bin/sed'
SET_MAKE=''
SHELL='/bin/bash'
STRIP='mipsel-linux-strip'
VERSION='1.2.1'
V_LIB_AGE='0'
V_LIB_CURRENT='1'
V_LIB_REVISION='3'
ac_ct_AR=''
ac_ct_CC=''
ac_ct_DUMPBIN=''
am__EXEEXT_FALSE=''
am__EXEEXT_TRUE='#'
am__fastdepCC_FALSE='#'
am__fastdepCC_TRUE=''
am__include='include'
am__isrc=''
am__leading_dot='.'
am__nodep='_no'
am__quote=''
am__tar='$${TAR-tar} chof - "$$tardir"'
am__untar='$${TAR-tar} xf -'
bindir='${exec_prefix}/bin'
build='x86_64-pc-linux-gnu'
build_alias=''
build_cpu='x86_64'
build_os='linux-gnu'
build_vendor='pc'
datadir='${datarootdir}'
datarootdir='${prefix}/share'
docdir='${datarootdir}/doc/${PACKAGE}'
dvidir='${docdir}'
exec_prefix='${prefix}'
host='mipsel-unknown-linux-gnu'
host_alias='mipsel-linux'
host_cpu='mipsel'
host_os='linux-gnu'
host_vendor='unknown'
htmldir='${docdir}'
includedir='${prefix}/include'
infodir='${datarootdir}/info'
install_sh='${SHELL} /home/steward/Github/gh_retrogame_emulator/libvorbisidec/install-sh'
libdir='${exec_prefix}/lib'
libexecdir='${exec_prefix}/libexec'
localedir='${datarootdir}/locale'
localstatedir='${prefix}/var'
mandir='${datarootdir}/man'
mkdir_p='$(MKDIR_P)'
oldincludedir='/usr/include'
pdfdir='${docdir}'
prefix='/usr/local'
program_transform_name='s,x,x,'
psdir='${docdir}'
runstatedir='${localstatedir}/run'
sbindir='${exec_prefix}/sbin'
sharedstatedir='${prefix}/com'
sysconfdir='${prefix}/etc'
target='mipsel-unknown-linux-gnu'
target_alias=''
target_cpu='mipsel'
target_os='linux-gnu'
target_vendor='unknown'

## ----------- ##
## confdefs.h. ##
## ----------- ##

/* confdefs.h */
#define PACKAGE_NAME ""
#define PACKAGE_TARNAME ""
#define PACKAGE_VERSION ""
#define PACKAGE_STRING ""
#define PACKAGE_BUGREPORT ""
#define PACKAGE_URL ""
#define PACKAGE "libvorbisidec"
#define VERSION "1.2.1"
#define STDC_HEADERS 1
#define HAVE_SYS_TYPES_H 1
#define HAVE_SYS_STAT_H 1
#define HAVE_STDLIB_H 1
#define HAVE_STRING_H 1
#define HAVE_MEMORY_H 1
#define HAVE_STRINGS_H 1
#define HAVE_INTTYPES_H 1
#define HAVE_STDINT_H 1
#define HAVE_UNISTD_H 1
#define HAVE_DLFCN_H 1
#define LT_OBJDIR ".libs/"
#define HAVE_ALLOCA_H 1
#define HAVE_ALLOCA 1

configure: exit 0

## ---------------------- ##
## Running config.status. ##
## ---------------------- ##

This file was extended by config.status, which was
generated by GNU Autoconf 2.69.  Invocation command line was

  CONFIG_FILES    = 
  CONFIG_HEADERS  = 
  CONFIG_LINKS    = 
  CONFIG_COMMANDS = 
  $ ./config.status 

on debian

config.status:1106: creating Makefile
config.status:1106: creating Version_script
config.status:1106: creating vorbisidec.pc
config.status:1106: creating config.h
config.status:1287: config.h is unchanged
config.status:1335: executing depfiles commands
config.status:1335: executing libtool commands
