Configure run on Mon Mar 12 11:37:44 CST 2018
testing compiler: mipsel-linux-g++

int main(void) {
	#ifndef __GNUC__
	syntax error
	#endif
	return 0;
}

mipsel-linux-g++    -g ./scummvm-conf.cpp -o ./scummvm-conf -c
return code: 0


int main() { return 0; }

mipsel-linux-g++    -g ./scummvm-conf.cpp -o ./scummvm-conf -Wglobal-constructors
mipsel-linux-g++.br_real: error: unrecognized command line option ‘-Wglobal-constructors’
return code: 1


int main(void) { return 0; }

mipsel-linux-g++    -g -msoft-float -mips32 ./scummvm-conf.cpp -o ./scummvm-conf -lm
/home/steward/Downloads/buildroot-2017.02.9/output/host/usr/lib/gcc/mipsel-buildroot-linux-uclibc/5.4.0/../../../../mipsel-buildroot-linux-uclibc/bin/ld: Warning: ./scummvm-conf uses -mhard-float (set by /home/steward/Downloads/buildroot-2017.02.9/output/host/usr/mipsel-buildroot-linux-uclibc/sysroot/usr/lib/crt1.o), /tmp/ccOg6lm0.o uses -msoft-float
return code: 0


#include <tremor/ivorbiscodec.h>
int main(void) { vorbis_info_init(0); return 0; }

mipsel-linux-g++    -g -msoft-float -mips32 ./scummvm-conf.cpp -o ./scummvm-conf -lvorbisidec
/home/steward/Downloads/buildroot-2017.02.9/output/host/usr/lib/gcc/mipsel-buildroot-linux-uclibc/5.4.0/../../../../mipsel-buildroot-linux-uclibc/bin/ld: Warning: ./scummvm-conf uses -mhard-float (set by /home/steward/Downloads/buildroot-2017.02.9/output/host/usr/mipsel-buildroot-linux-uclibc/sysroot/usr/lib/crt1.o), /tmp/ccTQRTW5.o uses -msoft-float
return code: 0


#include <FLAC/format.h>
int main(void) { return FLAC__STREAM_SYNC_LEN >> 30; /* guaranteed to be 0 */ }

mipsel-linux-g++    -g -msoft-float -mips32 ./scummvm-conf.cpp -o ./scummvm-conf -lFLAC
./scummvm-conf.cpp:1:25: fatal error: FLAC/format.h: No such file or directory
compilation terminated.
return code: 1


#include <mad.h>
int main(void) { return 0; }

mipsel-linux-g++    -g -msoft-float -mips32 ./scummvm-conf.cpp -o ./scummvm-conf -lmad
./scummvm-conf.cpp:1:17: fatal error: mad.h: No such file or directory
compilation terminated.
return code: 1


#include <alsa/asoundlib.h>
int main(void) { return (!(SND_LIB_MAJOR==0 && SND_LIB_MINOR==9)); }

mipsel-linux-g++    -g -msoft-float -mips32 ./scummvm-conf.cpp -o ./scummvm-conf -lasound
./scummvm-conf.cpp:1:28: fatal error: alsa/asoundlib.h: No such file or directory
compilation terminated.
return code: 1


#include <string.h>
#include <zlib.h>
int main(void) { return strcmp(ZLIB_VERSION, zlibVersion()); }

mipsel-linux-g++    -g -msoft-float -mips32 ./scummvm-conf.cpp -o ./scummvm-conf -lz
/home/steward/Downloads/buildroot-2017.02.9/output/host/usr/lib/gcc/mipsel-buildroot-linux-uclibc/5.4.0/../../../../mipsel-buildroot-linux-uclibc/bin/ld: Warning: ./scummvm-conf uses -mhard-float (set by /home/steward/Downloads/buildroot-2017.02.9/output/host/usr/mipsel-buildroot-linux-uclibc/sysroot/usr/lib/crt1.o), /tmp/ccIQPA8f.o uses -msoft-float
return code: 0


#include <fluidsynth.h>
int main(void) { return 0; }

mipsel-linux-g++    -g -msoft-float -mips32 ./scummvm-conf.cpp -o ./scummvm-conf -lfluidsynth
./scummvm-conf.cpp:1:24: fatal error: fluidsynth.h: No such file or directory
compilation terminated.
return code: 1


#include <locale.h>
int main(void) { setlocale(LC_ALL, ""); return 0; }

mipsel-linux-g++    -g -msoft-float -mips32 ./scummvm-conf.cpp -o ./scummvm-conf -g -msoft-float -mips32
/home/steward/Downloads/buildroot-2017.02.9/output/host/usr/lib/gcc/mipsel-buildroot-linux-uclibc/5.4.0/../../../../mipsel-buildroot-linux-uclibc/bin/ld: Warning: ./scummvm-conf uses -mhard-float (set by /home/steward/Downloads/buildroot-2017.02.9/output/host/usr/mipsel-buildroot-linux-uclibc/sysroot/usr/lib/crt1.o), /tmp/ccrIDxVq.o uses -msoft-float
return code: 0

